  7  7  7  7  7  7  7  7  7  7  7  8  8  7  7  7  7
  8  8  8  8  8  8  8  8  8  8  8  8  8  8  8  8  8
  7  7  7  7  7  7  7  7  7  8  8  8  8  7  7  7  7
  6  6  6  6  6  6  6  6  7  7  7  8  8  7  6  6  6
  5  5  5  5  5  5  5  6  6  6  7  8  8  7  6  5  5
  4  4  4  4  4  4  5  5  5  6  7  8  8  7  6  5  4
  3  3  3  3  3  4  4  4  5  6  7  8  8  7  6  5  4
  3  2  2  2  3  3  3  4  5  6  7  8  8  7  6  5  4
  3  2  1  2  2  2  3  4  5  6  7  8  8  7  6  5  4
  3  2  1  1  1  2  3  4  5  6  7  8  8  7  6  5  4
  3  2  2  2  2  2  3  4  5  6  7  8  8  7  6  5  4
  3  3  3  3  3  3  3  4  5  6  7  8  8  7  6  5  4
  4  4  4  4  4  4  4  4  5  6  7  8  8  7 -2 -2  4
  5  5  5  5  5  5  5  5  5  6  7  8  8  7  6  5  5
  6  6  6  6  6  6  6  6  6  6  7  8  8  7  6  6  6



  7  7  7  7  7  7  7  7  7  7  7  7  8  7  7  7  7
  8  8  8  8  8  8  8  8  8  8  8  8  8  8  8  8  8
  7  7  7  7  7  7  7  7  7  7  7  7  8  7  7  7  7
  6  6  6  6  6  6  6  6  6  6  6  7  8  7  6  6  6
  5  5  5  5  5  5  5  5  5  5  6  7  8  7  6  5  5
  4  4  4  4  4  4  4  4  4  5  6  7  8  7  6  5  4
  3  3  3  3  3  3  3  3  4  5  6  7  8  7  6  5  4
  3  2  2  2  2  2  2  3  4  5  6  7  8  7  6  5  4
  3  2  1  2  2  1  2  3  4  5  6  7  8  7  6  5  4
  3  2  1  1  1  1  2  3  4  5  6  7  8  7  6  5  4
  3  2  2  2  2  2  2  3  4  5  6  7  8  7  6  5  4
  3  3  3  3  3  3  3  3  4  5  6  7  8  7  6 -2  4
  4  4  4  4  4  4  4  4  4  5  6  7  8  7 -2 -2  4
  5  5  5  5  5  5  5  5  5  5  6  7  8  7  6  5  5
  6  6  6  6  6  6  6  6  6  6  6  7  8  7  6  6  6



  6  6  6  6  6  6  6  6  6  6  6  7  8  8  7  7  7
  7  7  7  7  7  7  7  7  7  7  7  7  8  8  8  8  7
  7  7  7  7  7  7  7  7  7  7  7  7  8  7  7  7  7
  6  6  6  6  6  6  6  6  6  6  6  7  8  7  6  6  6
  5  5  5  5  5  5  5  5  5  5  6  7  8  7  6  5  5
  4  4  4  4  4  4  4  4  4  5  6  7  8  7  6  5  4
  3  3  3  3  3  3  3  3  4  5  6  7  8  7  6  5  4
  3  2  2  2  2  2  2  3  4  5  6  7  8  7  6  5  4
  3  2  1  2  2  1  2  3  4  5  6  7  8  7  6  5  4
  3  2  1  1  1  1  2  3  4  5  6  7  8  7  6  5  4
  3  2  2  2  2  1  2  3  4  5  6  7  8  7  6  5  4
  3  3  3  3  2  2  2  3  4  5  6  7  8  7  6 -2 -2
  4  4  4  3  3  3  3  3  4  5  6  7  8  7 -2 -2 -2
  5  5  4  4  4  4  4  4  4  5  6  7  8  8  7  6  5
  6  5  5  5  5  5  5  5  5  5  6  7  8  8  7  6  6



  6  6  6  6  6  6  6  6  6  6  6  7  8  8  7  7  7
  7  7  7  7  7  7  7  7  7  7  7  7  8  8  8  8  7
  7  7  7  7  7  7  7  7  7  7  7  7  8  7  7  7  7
  6  6  6  6  6  6  6  6  6  6  6  7  7  7  6  6  6
  5  5  5  5  5  5  5  5  5  5  6  7  7  6  6  5  5
  4  4  4  4  4  4  4  4  4  5  6  7  7  6  5  5  4
  3  3  3  3  3  3  3  3  4  5  6  7  7  6  5  4  4
  3  2  2  2  2  2  2  3  4  5  6  7  7  6  5  4  3
  2  2  1  2  2  1  2  3  4  5  6  7  7  6  5  4  3
  2  1  1  1  1  1  2  3  4  5  6  7  7  6  5  4  3
  2  2  2  2  2  1  2  3  4  5  6  7  7  6  5  4  3
 -2  3  3  3  2  2  2  3  4  5  6  7  7  6  5 -2 -2
  4  4  4  3  3  3  3  3  4  5  6  7  7  6 -2 -2 -2
  5  5  4  4  4  4  4  4  4  5  6  7  7  7  7  6  5
  6  5  5  5  5  5  5  5  5  5  6  7  8  8  7  6  6



  6  6  6  6  6  6  6  6  6  6  6  7  8  8  7  6  6
  7  7  7  7  7  7  7  7  7  7  7  7  8  8  7  7  7
  7  7  7  7  7  7  7  7  7  7  7  7  8  7  7  7  7
  6  6  6  6  6  6  6  6  6  6  6  7  7  7  6  6  6
  5  5  5  5  5  5  5  5  5  5  6  7  6  6  6  5  5
  4  4  4  4  4  4  4  4  4  5  6  7  6  5  5  5  4
  3  3  3  3  3  3  3  3  4  5  6  7  6  5  4  4  4
  3  2  2  2  2  2  2  3  4  5  6  7  6  5  4  3  3
  2  2  1  2  2  1  2  3  4  5  6  7  6  5  4  3  2
  1  1  1  1  1  1  2  3  4  5  6  7  6  5  4  3  2
  2  1  1  2  2  1  2  3  4  5  6  7  6  5  4  3  2
 -2 -2  2  2  2  2  2  3  4  5  6  7  6  5  4 -2 -2
  4  3  3  3  3  3  3  3  4  5  6  7  6  5 -2 -2 -2
  4  4  4  4  4  4  4  4  4  5  6  7  6  6  6  6  5
  5  5  5  5  5  5  5  5  5  5  6  7  7  7  7  6  5



  6  6  6  6  6  6  6  6  6  6  6  7  8  8  8  7  6
  7  7  7  7  7  7  7  7  7  7  7  7  8  8  8  7  7
  7  7  7  7  7  7  7  7  7  7  7  7  8  7  7  7  7
  6  6  6  6  6  6  6  6  6  6  6  7  7  7  6  6  6
  5  5  5  5  5  5  5  5  5  5  6  7  6  6  6  5  5
  4  4  4  4  4  4  4  4  4  5  6  7  6  5  5  5  4
  3  3  3  3  3  3  3  3  4  5  6  7  6  5  4  4  4
  3  2  2  2  2  2  2  3  4  5  6  7  6  5  4  3  3
  2  2  1  2  2  1  2  3  4  5  6  7  6  5  4  3  2
  1  1  1  1  1  1  2  3  4  5  6  7  6  5  4  3  2
  2  1  1  1  1  1  2  3  4  5  6  7  6  5  4  3  2
 -2 -2 -2  2  2  2  2  3  4  5  6  7  6  5  4 -2 -2
  5  4  3  3  3  3  3  3  4  5  6  7  6  5 -2 -2 -2
  5  4  4  4  4  4  4  4  4  5  6  7  6  6  6  7  6
  5  5  5  5  5  5  5  5  5  5  6  7  7  7  7  7  6



  6  6  6  6  6  6  6  6  6  6  6  6  7  8  8  7  6
  7  7  7  7  7  7  7  7  7  7  7  7  7  8  8  7  7
  7  7  7  7  7  7  7  7  7  7  7  7  8  7  7  7  7
  6  6  6  6  6  6  6  6  6  6  6  7  7  7  6  6  6
  5  5  5  5  5  5  5  5  5  5  6  7  6  6  6  5  5
  4  4  4  4  4  4  4  4  4  5  6  6  6  5  5  5  4
  3  3  3  3  3  3  3  3  4  5  5  6  6  5  4  4  4
  3  2  2  2  2  2  2  3  4  4  5  6  6  5  4  3  3
  2  2  1  2  2  1  2  3  3  4  5  6  6  5  4  3  2
  1  1  1  1  1  1  2  2  3  4  5  6  6  5  4  3  2
  2  1  1  1  1  1  1  2  3  4  5  6  6  5  4 -2  2
 -2 -2 -2  2  2  2  2  2  3  4  5  6  6  5 -2 -2 -2
  5  4  3  3  3  3  3  3  3  4  5  6  6  6 -2 -2 -2
  5  4  4  4  4  4  4  4  4  4  5  6  7  7  7  7  6
  5  5  5  5  5  5  5  5  5  5  5  6  7  8  8  7  6



  6  6  6  6  6  6  6  6  6  6  6  6  7  8  8  7  6
  7  7  7  7  7  7  7  7  7  7  7  7  7  8  8  7  7
  7  7  7  7  7  7  7  7  7  7  7  7  8  7  7  7  7
  6  6  6  6  6  6  6  6  6  6  6  7  7  7  6  6  6
  5  5  5  5  5  5  5  5  5  5  6  7  6  6  6  5  5
  4  4  4  4  4  4  4  4  4  5  6  6  6  5  5  5  4
  3  3  3  3  3  3  3  3  4  5  5  6  6  5  4  4  4
  3  2  2  2  2  2  2  3  4  4  5  6  6  5  4  3  3
  2  2  1  2  2  1  2  3  3  4  5  6  6  5  4  3  2
  1  1  1  1  1  1  2  2  3  4  5  6  6  5  4  3  2
  1  1  1  1  1  1  1  2  3  4  5  6  6  5  4 -2 -2
 -2 -2 -2  2  2  2  2  2  3  4  5  6  6  5 -2 -2 -2
  5  4  3  3  3  3  3  3  3  4  5  6  6  6 -2 -2 -2
  5  4  4  4  4  4  4  4  4  4  5  6  7  7  7  7  6
  5  5  5  5  5  5  5  5  5  5  5  6  7  8  8  7  6



  6  6  6  6  6  6  6  6  6  6  6  6  6  7  8  8  7
  7  7  7  7  7  7  7  7  7  7  7  7  7  7  8  8  7
  7  7  7  7  7  7  7  7  7  7  7  7  8  7  7  7  7
  6  6  6  6  6  6  6  6  6  6  6  7  7  7  6  6  6
  5  5  5  5  5  5  5  5  5  5  6  7  6  6  6  5  5
  4  4  4  4  4  4  4  4  4  5  6  6  6  5  5  5  4
  3  3  3  3  3  3  3  3  4  5  5  5  6  5  4  4  4
  3  2  2  2  2  2  2  3  4  4  4  5  6  5  4  3  3
  2  2  1  2  2  1  2  3  3  3  4  5  6  5  4  3  2
  1  1  1  1  1  1  2  2  2  3  4  5  6  5  4  3  2
  1  1  1  1  1  1  1  1  2  3  4  5  6  5  4 -2 -2
 -2 -2 -2 -2  2  2  2  2  2  3  4  5  6  5 -2 -2 -2
  6  5  4  3  3  3  3  3  3  3  4  5  6  6 -2 -2 -2
  6  5  4  4  4  4  4  4  4  4  4  5  6  7  7  8  7
  6  5  5  5  5  5  5  5  5  5  5  5  6  7  8  8  7



  6  6  6  6  6  6  6  6  6  6  6  6  6  7  8  8  7
  7  7  7  7  7  7  7  7  7  7  7  7  7  7  8  8  7
  7  7  7  7  7  7  7  7  7  7  7  7  7  7  7  7  7
  6  6  6  6  6  6  6  6  6  6  6  7  6  6  6  6  6
  5  5  5  5  5  5  5  5  5  5  6  7  6  5  5  5  5
  4  4  4  4  4  4  4  4  4  5  6  6  6  5  4  4  4
  3  3  3  3  3  3  3  3  4  5  5  5  6  5  4  3  3
  2  2  2  2  2  2  2  3  4  4  4  5  6  5  4  3  2
  1  1  1  2  2  1  2  3  3  3  4  5  6  5  4  3  2
  1  1  1  1  1  1  2  2  2  3  4  5  6  5  4  3 -2
  1  1  1  1  1  1  1  1  2  3  4  5  6  5  4 -2 -2
 -2 -2 -2 -2  2  2  2  2  2  3  4  5  6  5 -2 -2 -2
  6  5  4  3  3  3  3  3  3  3  4  5  6  6 -2 -2 -2
  6  5  4  4  4  4  4  4  4  4  4  5  6  7  7  8  7
  6  5  5  5  5  5  5  5  5  5  5  5  6  7  8  8  7



  6  6  6  6  5  5  5  5  5  5  5  5  5  5  6  7  7
  7  7  7  6  6  6  6  6  6  6  6  6  6  6  6  7  7
  7  7  7  7  7  7  7  7  7  7  7  7  7  7  7  7  7
  6  6  6  6  6  6  6  6  6  6  6  7  6  6  6  6  6
  5  5  5  5  5  5  5  5  5  5  6  7  6  5  5  5  5
  4  4  4  4  4  4  4  4  4  5  6  6  6  5  4  4  4
  3  3  3  3  3  3  3  3  4  5  5  5  5  5  4  3  3
  2  2  2  2  2  2  2  3  4  4  4  4  4  5  4  3  2
  1  1  1  2  2  1  2  3  3  3  3  3  4  5  4  3 -2
  1  1  1  1  1  1  2  2  2  2  2  3  4  5  4  4 -2
  1  1  1  1  1  1  1  1  1  1  2  3  4  5  5 -2 -2
 -2 -2 -2 -2  2  2  2  2  1  1  2  3  4  5 -2 -2 -2
  6  5  4  3  3  3  3  2  2  2  2  3  4  5 -2 -2 -2
  6  5  4  4  4  4  3  3  3  3  3  3  4  5  6  7  7
  6  5  5  5  5  4  4  4  4  4  4  4  4  5  6  7  7



  6  6  5  5  5  5  5  5  5  5  5  5  5  5  6  7  7
  7  6  6  6  6  6  6  6  6  6  6  6  6  6  6  7  7
  7  7  7  7  7  7  7  7  7  7  7  7  7  7  7  7  7
  6  6  6  6  6  6  6  6  6  6  6  7  7  6  6  6  6
  5  5  5  5  5  5  5  5  5  5  6  7  7  6  5  5  5
  4  4  4  4  4  4  4  4  4  5  6  6  6  6  5  4  4
  3  3  3  3  3  3  3  3  4  5  5  5  5  5  5  4  3
  2  2  2  2  2  2  2  3  4  4  4  4  4  5  5  4 -2
  1  1  1  2  2  1  2  3  3  3  3  3  4  5  5  5 -2
  1  1  1  1  1  1  2  2  2  2  2  3  4  5  6  6 -2
  1  1  1  1  1  1  1  1  1  1  2  3  4  5  6 -2 -2
 -2 -2 -2 -2  2  2  1  1  1  1  2  3  4  5 -2 -2 -2
  6  5  4  3  3  2  2  2  2  2  2  3  4  5 -2 -2 -2
  6  5  4  4  3  3  3  3  3  3  3  3  4  5  6  7  7
  6  5  5  4  4  4  4  4  4  4  4  4  4  5  6  7  7



  6  5  5  5  5  5  5  5  5  5  5  5  5  5  6  7  7
  6  6  6  6  6  6  6  6  6  6  6  6  6  6  6  7  7
  7  7  7  7  7  7  7  7  7  7  7  7  7  7  7  7  7
  6  6  6  6  6  6  6  6  6  6  6  7  8  8  7  6  6
  5  5  5  5  5  5  5  5  5  5  6  7  7  7  7  6  5
  4  4  4  4  4  4  4  4  4  5  6  6  6  6  6  6  5
 -2  3  3  3  3  3  3  3  4  5  5  5  5  5  6  6 -2
 -2  2  2  2  2  2  2  3  4  4  4  4  4  5  6  7 -2
  1  1  1  2  2  1  2  3  3  3  3  3  4  5  6  7 -2
  1  1  1  1  1  1  2  2  2  2  2  3  4  5  6  7 -2
  1  1  1  1  1  1  1  1  1  1  2  3  4  5  6 -2 -2
 -2 -2 -2 -2  2  1  1  1  1  1  2  3  4  5 -2 -2 -2
  6  5  4  3  2  2  2  2  2  2  2  3  4  5 -2 -2 -2
  6  5  4  3  3  3  3  3  3  3  3  3  4  5  6  7  7
  6  5  4  4  4  4  4  4  4  4  4  4  4  5  6  7  7



  6  5  4  4  4  4  4  4  4  4  5  5  5  5  6  7  7
  6  5  5  5  5  5  5  5  5  5  5  6  6  6  6  7  7
  6  6  6  6  6  6  6  6  6  6  6  6  7  7  7  7  7
  6  6  6  6  6  6  6  6  6  6  6  7  7  8  7  6  6
  5  5  5  5  5  5  5  5  5  5  6  7  7  7  7  6  5
  4  4  4  4  4  4  4  4  4  5  6  6  6  6  6  6  5
 -2  3  3  3  3  3  3  3  4  5  5  5  5  5  6  6 -2
 -2  2  2  2  2  2  2  3  4  4  4  4  4  5  6  7 -2
  1  1  1  2  2  1  2  3  3  3  3  3  4  5  6  7 -2
  1  1  1  1  1  1  2  2  2  2  2  3  4  5  6  7 -2
  1  1  1  1  1  1  1  1  1  1  2  3  4  5  6 -2 -2
 -2 -2 -2 -2 -2  1  1  1  1  1  2  3  4  5 -2 -2 -2
  6  5  4 -2 -2  1  1  2  2  2  2  3  4  5 -2 -2 -2
  6  5  4  3  2  2  2  2  3  3  3  3  4  5  6  7  7
  6  5  4  3  3  3  3  3  3  4  4  4  4  5  6  7  7



  7  6  5  4  4  4  4  4  4  4  5  5  5  5  6  7  8
  7  6  5  5  5  5  5  5  5  5  5  6  6  6  6  7  8
  7  6  6  6  6  6  6  6  6  6  6  6  7  7  7  7  7
  6  6  6  6  6  6  6  6  6  6  6  7  7  8  7  6  6
  5  5  5  5  5  5  5  5  5  5  6  7  7  7  7  6  5
  4  4  4  4  4  4  4  4  4  5  6  6  6  6  6  6  5
 -2  3  3  3  3  3  3  3  4  5  5  5  5  5  6  6 -2
 -2  2  2  2  2  2  2  3  4  4  4  4  4  5  6  7 -2
  1  1  1  1  2  1  2  3  3  3  3  3  4  5  6  7 -2
  1  1  1  1  1  1  2  2  2  2  2  3  4  5  6  7 -2
  1  1  1  1  1  1  1  1  1  1  2  3  4  5  6 -2 -2
 -2 -2 -2 -2 -2  1  1  1  1  1  2  3  4  5 -2 -2 -2
  7  6  5 -2 -2  1  1  2  2  2  2  3  4  5 -2 -2 -2
  7  6  5  4 -2  2  2  2  3  3  3  3  4  5  6  7  8
  7  6  5  4  3  3  3  3  3  4  4  4  4  5  6  7  8



  7  6  5  4  4  4  4  4  4  4  5  5  5  5  6  7  8
  7  6  5  5  5  5  5  5  5  5  5  6  6  6  6  7  7
  6  6  6  6  6  6  6  6  6  6  6  6  7  7  6  6  6
  5  5  5  5  5  5  5  6  6  6  6  7  7  7  6  5  5
  4  4  4  4  4  4  5  5  5  5  6  7  7  7  6  5  4
  3  3  3  3  3  4  4  4  4  5  6  6  6  6  6  5  4
 -2  2  2  2  3  3  3  3  4  5  5  5  5  5  6  5 -2
 -2 -2  1  2  2  2  2  3  4  4  4  4  4  5  6  6 -2
  1  1  1  1  2  1  2  3  3  3  3  3  4  5  6  7 -2
  1  1  1  1  1  1  2  2  2  2  2  3  4  5  6  7 -2
  1  1  1  1  1  1  1  1  1  1  2  3  4  5  6 -2 -2
 -2 -2 -2 -2 -2  1  1  1  1  1  2  3  4  5 -2 -2 -2
  7  6  5 -2 -2  1  1  2  2  2  2  3  4  5 -2 -2 -2
  7  6  5  4 -2  2  2  2  3  3  3  3  4  5  6  7  8
  7  6  5  4  3  3  3  3  3  4  4  4  4  5  6  7  8



  7  6  5  4  4  4  4  4  4  4  5  5  5  5  6  7  8
  7  6  5  5  5  5  5  5  5  5  5  6  6  6  6  7  7
  6  6  6  6  6  6  6  6  6  6  6  6  7  7  7  6  6
  5  5  5  5  5  5  5  5  5  6  6  7  7  8  7  6  5
  4  4  4  4  4  4  4  4  5  5  6  7  7  7  7  6  5
  4  3  3  3  3  3  3  4  4  5  6  6  6  6  6  6  5
 -2 -2  2  2  2  2  3  3  4  5  5  5  5  5  6  6 -2
 -2 -2  1  1  1  2  2  3  4  4  4  4  4  5  6  7 -2
  1  1  1  1  2  1  2  3  3  3  3  3  4  5  6  7 -2
  1  1  1  1  1  1  2  2  2  2  2  3  4  5  6  7 -2
  1  1  1  1  1  1  1  1  1  1  2  3  4  5  6 -2 -2
 -2 -2 -2 -2 -2  1  1  1  1  1  2  3  4  5 -2 -2 -2
  7  6  5 -2 -2  1  1  2  2  2  2  3  4  5 -2 -2 -2
  7  6  5  4 -2  2  2  2  3  3  3  3  4  5  6  7  8
  7  6  5  4  3  3  3  3  3  4  4  4  4  5  6  7  8



  7  6  5  4  4  4  4  4  4  4  5  5  5  5  6  7  8
  7  6  5  5  5  5  5  5  5  5  5  6  6  6  6  7  7
  6  6  6  6  6  6  6  6  6  6  6  6  7  7  7  7  7
  6  5  5  5  5  5  5  5  5  6  6  7  7  8  8  8  7
  6  5  4  4  4  4  4  4  5  5  6  7  7  7  7  7  7
  6 -2 -2  3  3  3  3  4  4  5  6  6  6  6  6  7  7
 -2 -2 -2 -2  2  2  3  3  4  5  5  5  5  5  6  7 -2
 -2 -2  1  1  1  2  2  3  4  4  4  4  4  5  6  7 -2
  1  1  1  1  1  1  2  3  3  3  3  3  4  5  6  7 -2
  1  1  1  1  1  1  2  2  2  2  2  3  4  5  6  7 -2
  1  1  1  1  1  1  1  1  1  1  2  3  4  5  6 -2 -2
 -2 -2 -2 -2 -2  1  1  1  1  1  2  3  4  5 -2 -2 -2
  7  6  5 -2 -2  1  1  2  2  2  2  3  4  5 -2 -2 -2
  7  6  5  4 -2  2  2  2  3  3  3  3  4  5  6  7  8
  7  6  5  4  3  3  3  3  3  4  4  4  4  5  6  7  8



  7  6  5  4  4  4  4  4  4  4  5  5  5  5  6  7  8
  7  6  5  5  5  5  5  5  5  5  5  6  6  6  6  7  8
  7  6  6  6  6  6  6  6  6  6  6  6  7  7  7  7  8
  7  7  6  5  5  5  5  5  5  5  6  7  7  8  8  8  8
  8  7  6  5  4  4  4  4  4  5  6  7  7  7  7  7  8
  8 -2 -2 -2 -2  3  3  3  4  5  6  6  6  6  6  7  8
 -2 -2 -2 -2 -2  2  2  3  4  5  5  5  5  5  6  7 -2
 -2 -2  1  1  1  1  2  3  4  4  4  4  4  5  6  7 -2
  1  1  1  1  1  1  2  3  3  3  3  3  4  5  6  7 -2
  1  1  1  1  1  1  2  2  2  2  2  3  4  5  6  7 -2
  1  1  1  1  1  1  1  1  1  1  2  3  4  5  6 -2 -2
 -2 -2 -2 -2 -2  1  1  1  1  1  2  3  4  5 -2 -2 -2
  7  6  5 -2 -2  1  1  2  2  2  2  3  4  5 -2 -2 -2
  7  6  5  4 -2  2  2  2  3  3  3  3  4  5  6  7  8
  7  6  5  4  3  3  3  3  3  4  4  4  4  5  6  7  8



  7  6  5  4  4  4  4  4  4  4  5  5  5  5  6  7  8
  7  6  5  5  5  5  5  5  5  5  5  6  6  6  6  7  8
  7  6  6  6  6  6  6  6  6  6  6  6  6  7  7  7  8
  7  7  6  5  5  5  5  5  5  5  5  5  6  7  8  8  8
  8  7  6  5  4  4  4  4  4  4  4  5  6  7  7  7  8
  8 -2 -2 -2 -2  3  3  3  3  3  4  5  6  6  6  7  8
 -2 -2 -2 -2 -2 -2  2  2  2  3  4  5  5  5  6  7 -2
 -2 -2  1  1  1  1  1  1  2  3  4  4  4  5  6  7 -2
  1  1  1  1  1  1  2  2  2  3  3  3  4  5  6  7 -2
  1  1  1  1  1  1  2  2  2  2  2  3  4  5  6  7 -2
  1  1  1  1  1  1  1  1  1  1  2  3  4  5  6 -2 -2
 -2 -2 -2 -2 -2  1  1  1  1  1  2  3  4  5 -2 -2 -2
  7  6  5 -2 -2  1  1  2  2  2  2  3  4  5 -2 -2 -2
  7  6  5  4 -2  2  2  2  3  3  3  3  4  5  6  7  8
  7  6  5  4  3  3  3  3  3  4  4  4  4  5  6  7  8



  7  6  5  4  4  4  4  4  4  4  5  5  5  5  6  7  8
  7  6  5  5  5  5  5  5  5  5  5  6  6  6  6  7  8
  7  6  6  5  5  5  5  5  5  5  5  6  6  7  7  7  8
  7  7  6  5  4  4  4  4  4  4  5  5  6  7  8  8  8
  8  7  6  5  4  3  3  3  3  4  4  5  6  7  7  7  8
  8 -2 -2 -2 -2 -2  2  2  3  3  4  5  6  6  6  7  8
 -2 -2 -2 -2 -2 -2  1  2  2  3  4  5  5  5  6  7 -2
 -2 -2  1  1  1  1  1  1  2  3  4  4  4  5  6  7 -2
  1  1  1  1  1  1  2  2  2  3  3  3  4  5  6  7 -2
  1  1  1  1  1  1  2  2  2  2  2  3  4  5  6  7 -2
  1  1  1  1  1  1  1  1  1  1  2  3  4  5  6 -2 -2
 -2 -2 -2 -2 -2  1  1  1  1  1  2  3  4  5 -2 -2 -2
  7  6  5 -2 -2  1  1  2  2  2  2  3  4  5 -2 -2 -2
  7  6  5  4 -2  2  2  2  3  3  3  3  4  5  6  7  8
  7  6  5  4  3  3  3  3  3  4  4  4  4  5  6  7  8



  7  6  5  4  4  4  4  4  4  4  5  5  5  5  6  7  8
  7  6  5  5  5  5  5  5  5  5  5  6  6  6  6  7  8
  7  6  6  6  5  5  5  5  5  5  5  5  6  7  7  7  8
  7  7  7  6  5  4  4  4  4  4  4  5  6  7  8  8  8
  8  8  7  6  5  4  3  3  3  3  4  5  6  7  7  7  8
  9 -2 -2 -2 -2 -2 -2  2  2  3  4  5  6  6  6  7  8
 -2 -2 -2 -2 -2 -2  1  1  2  3  4  5  5  5  6  7 -2
 -2 -2  1  1  1  1  1  1  2  3  4  4  4  5  6  7 -2
  1  1  1  1  1  1  2  2  2  3  3  3  4  5  6  7 -2
  1  1  1  1  1  1  2  2  2  2  2  3  4  5  6  7 -2
  1  1  1  1  1  1  1  1  1  1  2  3  4  5  6 -2 -2
 -2 -2 -2 -2 -2  1  1  1  1  1  2  3  4  5 -2 -2 -2
  7  6  5 -2 -2  1  1  2  2  2  2  3  4  5 -2 -2 -2
  7  6  5  4 -2  2  2  2  3  3  3  3  4  5  6  7  8
  7  6  5  4  3  3  3  3  3  4  4  4  4  5  6  7  8



  7  6  5  4  4  4  4  4  4  4  5  5  5  5  6  7  8
  7  6  5  5  5  5  5  5  5  5  5  6  6  6  6  7  8
  7  6  6  6  6  5  5  5  5  5  5  5  5  6  7  7  8
  7  7  7  7  6  5  4  4  4  4  4  4  5  6  7  8  8
  8  8  8  7  6  5 -2  3  3  3  3  4  5  6  7  7  8
  9 -2 -2 -2 -2 -2 -2  2  2  2  3  4  5  6  6  7  8
 -2 -2 -2 -2 -2 -2  1  1  1  2  3  4  5  5  6  7 -2
 -2 -2  1  1  1  1  1  1  2  2  3  4  4  5  6  7 -2
  1  1  1  1  1  1  2  2  2  3  3  3  4  5  6  7 -2
  1  1  1  1  1  1  2  2  2  2  2  3  4  5  6  7 -2
  1  1  1  1  1  1  1  1  1  1  2  3  4  5  6 -2 -2
 -2 -2 -2 -2 -2  1  1  1  1  1  2  3  4  5 -2 -2 -2
  7  6  5 -2 -2  1  1  2  2  2  2  3  4  5 -2 -2 -2
  7  6  5  4 -2  2  2  2  3  3  3  3  4  5  6  7  8
  7  6  5  4  3  3  3  3  3  4  4  4  4  5  6  7  8



  7  6  5  4  4  4  4  4  4  4  5  5  5  5  6  7  8
  7  6  5  5  5  5  5  5  5  5  5  6  6  6  6  7  8
  7  6  6  6  6  5  5  5  5  5  5  5  5  5  6  7  8
  7  7  7  7  6  5  4  4  4  4  4  4  4  5  6  7  8
  8  8  8  7  6  5 -2  3  3  3  3  3  4  5  6  7  8
  9 -2 -2 -2 -2 -2 -2 -2  2  2  2  3  4  5  6  7  8
 -2 -2 -2 -2 -2 -2  1  1  1  1  2  3  4  5  6  7 -2
 -2 -2  1  1  1  1  1  1  2  2  2  3  4  5  6  7 -2
  1  1  1  1  1  1  2  2  2  3  3  3  4  5  6  7 -2
  1  1  1  1  1  1  2  2  2  2  2  3  4  5  6  7 -2
  1  1  1  1  1  1  1  1  1  1  2  3  4  5  6 -2 -2
 -2 -2 -2 -2 -2  1  1  1  1  1  2  3  4  5 -2 -2 -2
  7  6  5 -2 -2  1  1  2  2  2  2  3  4  5 -2 -2 -2
  7  6  5  4 -2  2  2  2  3  3  3  3  4  5  6  7  8
  7  6  5  4  3  3  3  3  3  4  4  4  4  5  6  7  8



  6  5  4  3  3  3  3  3  4  4  5  5  5  5  6  7  7
  6  5  4  4  4  4  4  4  4  5  5  6  6  6  6  7  7
  6  5  5  5  5  5  5  5  5  5  5  5  5  5  6  7  7
  6  6  6  6  6  6  6  6  5  4  4  4  4  5  6  7  7
  7  7  7  7  7  7 -2  6  5 -2  3  3  4  5  6  7  7
  8 -2 -2 -2 -2 -2 -2 -2 -2 -2  2  3  4  5  6  7  8
 -2 -2 -2 -2 -2 -2  1  1  1  1  2  3  4  5  6  7 -2
 -2 -2  1  1  1  1  1  1  2  2  2  3  4  5  6  7 -2
  1  1  1  1  1  1  2  2  2  3  3  3  4  5  6  7 -2
  1  1  1  1  1  1  2  2  2  2  2  3  4  5  6  7 -2
  1  1  1  1  1  1  1  1  1  1  2  3  4  5  6 -2 -2
 -2 -2 -2 -2 -2  1  1  1  1  1  2  3  4  5 -2 -2 -2
  6  5  4 -2 -2  1  1  2  2  2  2  3  4  5 -2 -2 -2
  6  5  4  3 -2  1  2  2  3  3  3  3  4  5  6  7  7
  6  5  4  3  2  2  2  3  3  4  4  4  4  5  6  7  7



  6  5  4  3  2  2  2  3  4  4  5  5  5  5  6  7  7
  6  5  4  3  3  3  3  3  4  5  5  6  6  6  6  7  7
  6  5  4  4  4  4  4  4  4  5  6  6  6  6  6  7  7
  6  5  5  5  5  5  5  5  5  5  5  5  5  5  6  7  7
  6  6  6  6  6  6 -2  6  6 -2  4  4  4  5  6  7  7
  7 -2 -2 -2 -2 -2 -2 -2 -2 -2 -2  3  4  5  6  7  7
 -2 -2 -2 -2 -2 -2  1  1  1  1  2  3  4  5  6  7 -2
 -2 -2  1  1  1  1  1  1  2  2  2  3  4  5  6  7 -2
  1  1  1  1  1  1  2  2  2  3  3  3  4  5  6  7 -2
  1  1  1  1  1  1  2  2  2  2  2  3  4  5  6  7 -2
  1  1  1  1  1  1  1  1  1  1  2  3  4  5  6 -2 -2
 -2 -2 -2 -2 -2  1  1  1  1  1  2  3  4  5 -2 -2 -2
  6  5  4 -2 -2  1  1  2  2  2  2  3  4  5 -2 -2 -2
  6  5  4  3 -2  1  2  2  3  3  3  3  4  5  6  7  7
  6  5  4  3  2  1  2  3  3  4  4  4  4  5  6  7  7



  4  3  2  2  2  2  2  3  4  4  5  5  5  5  6  6  5
  4  3  3  3  3  3  3  3  4  5  5  6  6  6  6  6  5
  4  4  4  4  4  4  4  4  4  5  6  6  7  7  7  6  5
  5  5  5  5  5  5  5  5  5  5  6  6  6  6  6  6  5
  6  6  6  6  6  6 -2  6  6 -2  5  5  5  5  6  6  6
  7 -2 -2 -2 -2 -2 -2 -2 -2 -2 -2  4  4  5  6  7  7
 -2 -2 -2 -2 -2 -2  1  1  1  1 -2  3  4  5  6  7 -2
 -2 -2  1  1  1  1  1  1  2  2  2  3  4  5  6  7 -2
  1  1  1  1  1  1  2  2  2  3  3  3  4  5  6  7 -2
  1  1  1  1  1  1  2  2  2  2  2  3  4  5  6  7 -2
  1  1  1  1  1  1  1  1  1  1  2  3  4  5  6 -2 -2
 -2 -2 -2 -2 -2  1  1  1  1  1  2  3  4  5 -2 -2 -2
  4  3  3 -2 -2  1  1  2  2  2  2  3  4  5 -2 -2 -2
  4  3  2  2 -2  1  2  2  3  3  3  3  4  5  6  6  5
  4  3  2  1  1  1  2  3  3  4  4  4  4  5  6  6  5



  4  3  2  2  2  2  2  3  4  4  5  5  5  5  6  6  5
  4  3  3  3  3  3  3  3  4  5  5  6  6  6  6  6  5
  4  4  4  4  4  4  4  4  4  5  6  6  7  7  7  6  5
  5  5  5  5  5  5  5  5  5  5  6  7  7  7  7  6  5
  6  6  6  6  6  6 -2  6  6 -2  6  6  6  6  6  6  6
  7 -2 -2 -2 -2 -2 -2 -2 -2 -2 -2  5  5  5  6  7  7
 -2 -2 -2 -2 -2 -2  1  1  1  1 -2  4  4  5  6  7 -2
 -2 -2  1  1  1  1  1  1  2  1 -2  3  4  5  6  7 -2
  1  1  1  1  1  1  2  2  2  2  2  3  4  5  6  7 -2
  1  1  1  1  1  1  2  2  2  2  2  3  4  5  6  7 -2
  1  1  1  1  1  1  1  1  1  1  2  3  4  5  6 -2 -2
 -2 -2 -2 -2 -2  1  1  1  1  1  2  3  4  5 -2 -2 -2
  4  3  3 -2 -2  1  1  2  2  2  2  3  4  5 -2 -2 -2
  4  3  2  2 -2  1  2  2  3  3  3  3  4  5  6  6  5
  4  3  2  1  1  1  2  3  3  4  4  4  4  5  6  6  5



  4  3  2  2  2  2  2  3  4  4  5  5  5  5  6  6  5
  4  3  3  3  3  3  3  3  4  5  5  6  6  6  6  6  5
  4  4  4  4  4  4  4  4  4  5  6  6  7  7  7  6  5
  5  5  5  5  5  5  5  5  5  5  6  7  7  8  7  6  5
  6  6  6  6  6  6 -2  6  6 -2  6  7  7  7  7  6  6
  7 -2 -2 -2 -2 -2 -2 -2 -2 -2 -2  6  6  6  6  6  6
 -2 -2 -2 -2 -2 -2  1  1  1  1 -2  5  5  5  5  5 -2
 -2 -2  1  1  1  1  1  1  2  1 -2  4  4  4  4  5 -2
  1  1  1  1  1  1  2  2  2  2 -2  3  3  3  4  5 -2
  1  1  1  1  1  1  2  2  2  2  2  2  2  3  4  5 -2
  1  1  1  1  1  1  1  1  1  1  1  1  2  3  4 -2 -2
 -2 -2 -2 -2 -2  1  1  1  1  1  2  2  2  3 -2 -2 -2
  4  3  3 -2 -2  1  1  2  2  2  2  3  3  3 -2 -2 -2
  4  3  2  2 -2  1  2  2  3  3  3  3  4  4  4  5  5
  4  3  2  1  1  1  2  3  3  4  4  4  4  5  5  5  5



  4  3  2  2  2  2  2  3  4  4  5  5  5  5  6  6  5
  4  3  3  3  3  3  3  3  4  5  5  6  6  6  6  6  5
  4  4  4  4  4  4  4  4  4  5  6  6  7  7  7  6  5
  5  5  5  5  5  5  5  5  5  5  6  7  7  8  7  6  5
  6  6  6  6  6  6 -2  6  6 -2  6  7  7  7  7  6  6
  7 -2 -2 -2 -2 -2 -2 -2 -2 -2 -2  6  6  6  6  6  6
 -2 -2 -2 -2 -2 -2  1  1  1  1 -2  5  5  5  5  5 -2
 -2 -2  1  1  1  1  1  1  1  1 -2  4  4  4  4  5 -2
  1  1  1  1  1  1  2  2  2  2 -2  3  3  3  4  5 -2
  1  1  1  1  1  1  2  2  2  2 -2  2  2  3  4  5 -2
  1  1  1  1  1  1  1  1  1  1  1  1  2  3  4 -2 -2
 -2 -2 -2 -2 -2  1  1  1  1  1  2  2  2  3 -2 -2 -2
  4  3  3 -2 -2  1  1  2  2  2  2  3  3  3 -2 -2 -2
  4  3  2  2 -2  1  2  2  3  3  3  3  4  4  4  5  5
  4  3  2  1  1  1  2  3  3  4  4  4  4  5  5  5  5



  4  3  2  2  2  2  2  3  4  4  5  5  5  5  6  6  5
  4  3  3  3  3  3  3  3  4  5  5  6  6  6  6  6  5
  4  4  4  4  4  4  4  4  4  5  6  6  7  7  7  6  5
  5  5  5  5  5  5  5  5  5  5  6  7  7  8  7  6  5
  6  6  6  6  6  6 -2  6  6 -2  6  7  7  7  7  6  6
  7 -2 -2 -2 -2 -2 -2 -2 -2 -2 -2  6  6  6  6  6  6
 -2 -2 -2 -2 -2 -2  1  1  1  1 -2  5  5  5  5  5 -2
 -2 -2  1  1  1  1  1  1  1  1 -2  4  4  4  4  5 -2
  1  1  1  1  1  1  2  2  2  1 -2  3  3  3  4  5 -2
  1  1  1  1  1  1  2  2  2  2 -2  2  2  3  4  5 -2
  1  1  1  1  1  1  1  1  1  1  1  1  2  3  4 -2 -2
 -2 -2 -2 -2 -2  1  1  1  1  1  2  2  2  3 -2 -2 -2
  5 -2 -2 -2 -2  1  1  2  2  2  2  3  3  3 -2 -2 -2
  4 -2 -2 -2 -2  1  2  2  3  3  3  3  4  4  4  5  5
  4  3  2  1  1  1  2  3  3  4  4  4  4  5  5  5  5



  4  3  2  2  2  2  2  3  4  4  5  5  5  5  6  6  5
  4  3  3  3  3  3  3  3  4  5  5  6  6  6  6  6  5
  4  4  4  4  4  4  4  4  4  5  6  6  7  7  7  6  5
  5  5  5  5  5  5  5  5  5  5  6  7  7  8  7  6  5
  6  6  6  6  6  6 -2  6  6 -2  6  7  7  7  7  6  6
  7 -2 -2 -2 -2 -2 -2 -2 -2 -2 -2  6  6  6  6  6  6
 -2 -2 -2 -2 -2 -2  1  1  1  1 -2  5  5  5  5  5 -2
 -2 -2  1  1  1  1  1  1  1  1 -2  4  4  4  4  5 -2
  1  1  1  1  1  1  2  2  2  1 -2  3  3  3  4  5 -2
  1  1  1  1  1  1  2  2  1 -2 -2  2  2  3  4  5 -2
  1  1  1  1  1  1  1  1  1  1  1  1  2  3  4 -2 -2
 -2 -2 -2 -2 -2  1  1  1  1  1  2  2  2  3 -2 -2 -2
  5 -2 -2 -2 -2  1  1  2  2  2  2  3  3  3 -2 -2 -2
  4 -2 -2 -2 -2  1  2  2  3  3  3  3  4  4  4  5  5
  4  3  2  1  1  1  2  3  3  4  4  4  4  5  5  5  5



  4  3  2  2  2  2  2  3  4  4  5  5  5  5  6  6  5
  4  3  3  3  3  3  3  3  4  5  5  6  6  6  6  6  5
  4  4  4  4  4  4  4  4  4  5  6  6  7  7  7  6  5
  5  5  5  5  5  5  5  5  5  5  6  7  7  8  7  6  5
  6  6  6  6  6  6 -2  6  6 -2  6  7  7  7  7  6  6
  7 -2 -2 -2 -2 -2 -2 -2 -2 -2 -2  6  6  6  6  6  6
 -2 -2 -2 -2 -2 -2  1  1  1  1 -2  5  5  5  5  5 -2
 -2 -2  1  1  1  1  1  1  1  1 -2  4  4  4  4  5 -2
  1  1  1  1  1  1  1  2  2  1 -2  3  3  3  4  5 -2
  1  1  1  1  1  1  2  2  1 -2 -2  2  2  3  4  5 -2
  1  1  1  1  1  1  1  1  1  1  1  1  2  3  4 -2 -2
 -2 -2 -2 -2 -2  1  1  1  1  1  2  2  2  3 -2 -2 -2
  5 -2 -2 -2 -2  1  1  2  2  2  2  3  3  3 -2 -2 -2
  4 -2 -2 -2 -2  1  2  2  3  3  3  3  4  4  4  5  5
  4  3 -2  1  1  1  2  3  3  4  4  4  4  5  5  5  5



  4  3  2  2  2  2  2  3  4  4  5  5  5  5  6  6  5
  4  3  3  3  3  3  3  3  4  5  5  6  6  6  6  6  5
  4  4  4  4  4  4  4  4  4  5  6  6  7  7  7  6  5
  5  5  5  5  5  5  5  5  5  5  6  7  7  8  7  6  5
  6  6  6  6  6  6 -2  6  6 -2  6  7  7  7  7  6  6
  7 -2 -2 -2 -2 -2 -2 -2 -2 -2 -2  6  6  6  6  6  6
 -2 -2 -2 -2 -2 -2  1  1  1  1 -2  5  5  5  5  5 -2
 -2 -2  1  1  1  1  1  1  1  1 -2  4  4  4  4  5 -2
  1  1  1  1  1  1  1  1  2  1 -2  3  3  3  4  5 -2
  1  1  1  1  1  1  1  1  1 -2 -2 -2  2  3  4  5 -2
  1  1  1  1  1  1  1  1  1  1  1  1  2  3  4 -2 -2
 -2 -2 -2 -2 -2  1  1  1  1  1  2  2  2  3 -2 -2 -2
  5 -2 -2 -2 -2  1  1  2  2  2  2  3  3  3 -2 -2 -2
  4 -2 -2 -2 -2  1  2  2  3  3  3  3  4  4  4  5  5
  4  3 -2  1  1  1  2  3  3  4  4  4  4  5  5  5  5



  4  3  2  2  2  2  2  3  4  4  5  5  5  5  6  6  5
  4  3  3  3  3  3  3  3  4  5  5  6  6  6  6  6  5
  4  4  4  4  4  4  4  4  4  5  6  6  7  7  7  6  5
  5  5  5  5  5  5  5  5  5  5  6  7  7  8  7  6  5
  6  6  6  6  6  6 -2  6  6 -2  6  7  8  8  7  6  6
  7 -2 -2 -2 -2 -2 -2 -2 -2 -2 -2  7  7  7  7  7  7
 -2 -2 -2 -2 -2 -2  1  1  1  1 -2  6  6  6  6  6 -2
 -2 -2  1  1  1  1  1  1  1  1 -2  5  5  5  5  5 -2
  1  1  1  1  1  1  1  1  1  1 -2  5  4  4  4  5 -2
  1  1  1  1  1  1  1  1  1 -2 -2 -2 -2  3  4  5 -2
  1  1  1  1  1  1  1  1  1  1  1  1  2  3  4 -2 -2
 -2 -2 -2 -2 -2  1  1  1  1  1  2  2  2  3 -2 -2 -2
  5 -2 -2 -2 -2  1  1  2  2  2  2  3  3  3 -2 -2 -2
  4 -2 -2 -2 -2  1  2  2  3  3  3  3  4  4  4  5  5
  4  3 -2  1  1  1  2  3  3  4  4  4  4  5  5  5  5



  5  4 -2  2  2  2  2  3  4  4  5  5  5  5  6  6  6
  5  4  3  3  3  3  3  3  4  5  5  6  6  6  6  7  6
  5  4  4  4  4  4  4  4  4  5  6  6  7  7  7  7  6
  5  5  5  5  5  5  5  5  5  5  6  7  7  8  8  7  6
  6  6  6  6  6  6 -2  6  6 -2  6  7  7  7  7  7  6
  7 -2 -2 -2 -2 -2 -2 -2 -2 -2 -2  6  6  6  6  6  6
 -2 -2 -2 -2 -2 -2  1  1  1  1 -2  5  5  5  5  5 -2
 -2 -2  1  1  1  1  1  1  1  1 -2  4  4  4  4  4 -2
  1  1  1  1  1  1  1  1  1  1 -2  4  3  3  3  4 -2
  1  1  1  1  1  1  1  1  1 -2 -2 -2 -2  2  3  4 -2
  1  1  1  1  1  1  1  1  1  1  1  1  1  2  3 -2 -2
 -2 -2 -2 -2 -2  1  1  1  1  1  2  2  2  2 -2 -2 -2
  7 -2 -2 -2 -2  1  1  2  2  2  2  3  3  3 -2 -2 -2
  6 -2 -2 -2 -2  1  2  2  3  3  3  3  4  4  4  5  6
  5 -2 -2  1  1  1  2  3  3  4  4  4  4  5  5  5  6



  6  6 -2  2  2  2  2  3  4  4  5  5  5  5  6  6  6
  6  5 -2  3  3  3  3  3  4  5  5  6  6  6  6  7  7
  6  5  4  4  4  4  4  4  4  5  6  6  7  7  7  7  7
  6  5  5  5  5  5  5  5  5  5  6  7  7  8  8  8  7
  6  6  6  6  6  6 -2  6  6 -2  6  7  7  7  7  7  7
  7 -2 -2 -2 -2 -2 -2 -2 -2 -2 -2  6  6  6  6  6  6
 -2 -2 -2 -2 -2 -2  1  1  1  1 -2  5  5  5  5  5 -2
 -2 -2  1  1  1  1  1  1  1  1 -2  4  4  4  4  4 -2
  1  1  1  1  1  1  1  1  1  1 -2  4  3  3  3  3 -2
  1  1  1  1  1  1  1  1  1 -2 -2 -2 -2  2  2  3 -2
  1  1  1  1  1  1  1  1  1  1  1  1  1  1  2 -2 -2
 -2 -2 -2 -2 -2  1  1  1  1  1  2  2  2  2 -2 -2 -2
  7 -2 -2 -2 -2  1  1  2  2  2  2  3  3  3 -2 -2 -2
  7 -2 -2 -2 -2  1  2  2  3  3  3  3  4  4  4  5  6
  7 -2 -2  1  1  1  2  3  3  4  4  4  4  5  5  5  6



  6  6 -2 -2  2  2  2  3  4  4  5  5  5  5  6  6  6
  6  5 -2  3  3  3  3  3  4  5  5  6  6  6  6  7  7
  6  5  4  4  4  4  4  4  4  5  6  6  7  7  7  7  7
  6  5  5  5  5  5  5  5  5  5  6  7  7  7  7  7  7
  6  6  6  6  6  6 -2  6  6 -2  6  6  6  6  6  6  6
  6 -2 -2 -2 -2 -2 -2 -2 -2 -2 -2  5  5  5  5  5  5
 -2 -2 -2 -2 -2 -2  1  1  1  1 -2  4  4  4  4  4 -2
 -2 -2  1  1  1  1  1  1  1  1 -2  3  3  3  3  3 -2
  1  1  1  1  1  1  1  1  1  1 -2  3  2  2  2  3 -2
  1  1  1  1  1  1  1  1  1 -2 -2 -2 -2  1  2  3 -2
  1  1  1  1  1  1  1  1  1  1  1  1  1  1  2 -2 -2
 -2 -2 -2 -2 -2  1  1  1  1  1  2  2  2  2 -2 -2 -2
  7 -2 -2 -2 -2  1  1  2  2  2  2  3  3  3 -2 -2 -2
  7 -2 -2 -2 -2  1  2  2  3  3  3  3  4  4  4  5  6
  7 -2 -2  1  1  1  2  3  3  4  4  4  4  5  5  5  6



  6  6 -2 -2  2  2  2  3  4  4  5  5  5  5  6  6  6
  6  5 -2  3  3  3  3  3  4  5  5  6  6  6  6  7  7
  6  5  4  4  4  4  4  4  4  5  6  6  7  7  7  7  7
  6  5  5  5  5  5  5  5  5  5  6  6  6  6  6  6  6
  5  6  6  6  6  6 -2  6  6 -2  5  5  5  5  5  5  5
  5 -2 -2 -2 -2 -2 -2 -2 -2 -2 -2  4  4  4  4  4  4
 -2 -2 -2 -2 -2 -2  1  1  1  1 -2  3  3  3  3  3 -2
 -2 -2  1  1  1  1  1  1  1  1 -2  3  2  2  2  3 -2
  1  1  1  1  1  1  1  1  1  1 -2  3 -2  1  2  3 -2
  1  1  1  1  1  1  1  1  1 -2 -2 -2 -2  1  2  3 -2
  1  1  1  1  1  1  1  1  1  1  1  1  1  1  2 -2 -2
 -2 -2 -2 -2 -2  1  1  1  1  1  2  2  2  2 -2 -2 -2
  7 -2 -2 -2 -2  1  1  2  2  2  2  3  3  3 -2 -2 -2
  7 -2 -2 -2 -2  1  2  2  3  3  3  3  4  4  4  5  6
  7 -2 -2  1  1  1  2  3  3  4  4  4  4  5  5  5  6



  7  7 -2 -2 -2  2  2  3  4  4  5  5  5  5  6  6  6
  7  6 -2  4  3  3  3  3  4  5  5  6  6  6  6  7  7
  7  6  5  4  4  4  4  4  4  5  6  6  7  7  7  7  7
  6  6  5  5  5  5  5  5  5  5  6  6  6  6  6  6  6
  5  6  6  6  6  6 -2  6  6 -2  5  5  5  5  5  5  5
  5 -2 -2 -2 -2 -2 -2 -2 -2 -2 -2  4  4  4  4  4  4
 -2 -2 -2 -2 -2 -2  1  1  1  1 -2  3  3  3  3  3 -2
 -2 -2  1  1  1  1  1  1  1  1 -2  3  2  2  2  2 -2
  1  1  1  1  1  1  1  1  1  1 -2  3 -2  1  1  1 -2
  1  1  1  1  1  1  1  1  1 -2 -2 -2 -2  1  2  2 -2
  1  1  1  1  1  1  1  1  1  1  1  1  1  1  2 -2 -2
 -2 -2 -2 -2 -2  1  1  1  1  1  2  2  2  2 -2 -2 -2
  7 -2 -2 -2 -2  1  1  2  2  2  2  3  3  3 -2 -2 -2
  7 -2 -2 -2 -2  1  2  2  3  3  3  3  4  4  4  5  6
  7 -2 -2  1  1  1  2  3  3  4  4  4  4  5  5  5  6



  7  8 -2 -2 -2 -2 -2  3  4  4  5  5  5  5  6  6  6
  7  8 -2  7  6  5  4  4  4  5  5  6  6  6  6  7  7
  7  7  7  7  6  5  5  5  5  5  6  6  7  7  7  7  7
  6  6  7  7  6  6  6  6  6  6  6  6  6  6  6  6  6
  5  6  7  7  7  7 -2  7  7 -2  5  5  5  5  5  5  5
  5 -2 -2 -2 -2 -2 -2 -2 -2 -2 -2  4  4  4  4  4  4
 -2 -2 -2 -2 -2 -2  1  1  1  1 -2  3  3  3  3  3 -2
 -2 -2  1  1  1  1  1  1  1  1 -2  3  2  2  2  2 -2
  1  1  1  1  1  1  1  1  1  1 -2  3 -2  1  1  1 -2
  1  1  1  1  1  1  1  1  1 -2 -2 -2 -2  1  2  2 -2
  1  1  1  1  1  1  1  1  1  1  1  1  1  1  1 -2 -2
 -2 -2 -2 -2 -2  1  1  1  1  1  2  2  2  2 -2 -2 -2
  7 -2 -2 -2 -2  1  1  2  2  2  2  3  3  3 -2 -2 -2
  7 -2 -2 -2 -2  1  2  2  3  3  3  3  4  4  4  5  6
  7 -2 -2  1  1  1  2  3  3  4  4  4  4  5  5  5  6



  7  8 -2 -2 -2 -2 -2  3  4  4  5  5  5  5  6  6  6
  7  8 -2  7  6  5  4  4  4  5  5  6  6  6  6  7  7
  7  7  7  7  6  5  5  5  5  5  6  6  7  7  7  7  7
  6  6  7  7  6  6  6  6  6  6  6  6  6  6  6  6  6
  5  6  7  7  7  7 -2  7  7 -2  5  5  5  5  5  5  5
  5 -2 -2 -2 -2 -2 -2 -2 -2 -2 -2  4  4  4  4  4  4
 -2 -2 -2 -2 -2 -2  1  1  1  1 -2  3  3  3  3  3 -2
 -2 -2  1  1  1  1  1  1  1  1 -2  3  2  2  2 -2 -2
  1  1  1  1  1  1  1  1  1  1 -2  3 -2  1  1  1 -2
  1  1  1  1  1  1  1  1  1 -2 -2 -2 -2  1  1  2 -2
  1  1  1  1  1  1  1  1  1  1  1  1  1  1  1 -2 -2
 -2 -2 -2 -2 -2  1  1  1  1  1  2  2  2  2 -2 -2 -2
  7 -2 -2 -2 -2  1  1  2  2  2  2  3  3  3 -2 -2 -2
  7 -2 -2 -2 -2  1  2  2  3  3  3  3  4  4  4  5  6
  7 -2 -2  1  1  1  2  3  3  4  4  4  4  5  5  5  6



  7  8 -2 -2 -2 -2 -2  3  4  4  5  5  5  5  6  6  6
  7  7 -2  7  6  5  4  4  4  5  5  6  6  6  6  7  7
  6  6  7  7  6  5  5  5  5  5  6  6  6  6  6  6  6
  5  6  7  7  6  6  6  6  6  5  5  5  5  5  5  5  5
  5  6  7  7  7  7 -2  7  6 -2  4  4  4  4  4  4  4
  5 -2 -2 -2 -2 -2 -2 -2 -2 -2 -2  3  3  3  3  3  4
 -2 -2 -2 -2 -2 -2  1  1  1  1 -2  2  2  2  2  3 -2
 -2 -2  1  1  1  1  1  1  1  1 -2  2  1  1 -2 -2 -2
  1  1  1  1  1  1  1  1  1  1 -2  2 -2  1  1  1 -2
  1  1  1  1  1  1  1  1  1 -2 -2 -2 -2  1  1  2 -2
  1  1  1  1  1  1  1  1  1  1  1  1  1  1  1 -2 -2
 -2 -2 -2 -2 -2  1  1  1  1  1  2  2  2  2 -2 -2 -2
  7 -2 -2 -2 -2  1  1  2  2  2  2  3  3  3 -2 -2 -2
  7 -2 -2 -2 -2  1  2  2  3  3  3  3  4  4  4  5  6
  7 -2 -2  1  1  1  2  3  3  4  4  4  4  5  5  5  6



  7  7 -2 -2 -2 -2 -2  4  4  4  5  5  5  5  6  6  6
  6  7 -2  8  7  6  5  5  5  5  5  6  6  6  6  6  6
  6  6  7  8  7  6  6  6  5  5  5  5  5  5  5  5  5
  5  6  7  8  7  7  7  6  5  4  4  4  4  4  4  4  5
  5  6  7  8  8  8 -2  6  5 -2  3  3  3  3  3  4  4
  5 -2 -2 -2 -2 -2 -2 -2 -2 -2 -2  2  2  2  3  3  4
 -2 -2 -2 -2 -2 -2  1  1  1  1 -2  1  1  2  2  3 -2
 -2 -2  1  1  1  1  1  1  1  1 -2  1  1  1 -2 -2 -2
  1  1  1  1  1  1  1  1  1  1 -2  2 -2  1  1  1 -2
  1  1  1  1  1  1  1  1  1 -2 -2 -2 -2  1  1  2 -2
  1  1  1  1  1  1  1  1  1  1  1  1  1  1  1 -2 -2
 -2 -2 -2 -2 -2  1  1  1  1  1  2  2  2  2 -2 -2 -2
  7 -2 -2 -2 -2  1  1  2  2  2  2  3  3  3 -2 -2 -2
  7 -2 -2 -2 -2  1  2  2  3  3  3  3  4  4  4  5  6
  7 -2 -2  1  1  1 -2  3  3  4  4  4  4  5  5  5  6



  7  7 -2 -2 -2 -2 -2  4  4  4  5  5  5  5  6  6  6
  6  6 -2  8  7  6  5  5  5  5  5  6  6  6  6  6  6
  5  6  7  8  7  6  6  6  5  5  5  5  5  5  5  5  5
  5  6  7  8  7  7  7  6  5  4  4  4  4  4  4  4  4
  5  6  7  8  8  8 -2  6  5 -2  3  3  3  3  3  3  4
  5 -2 -2 -2 -2 -2 -2 -2 -2 -2 -2  2  2  2  2  3  4
 -2 -2 -2 -2 -2 -2  1  1  1  1 -2  1  1  1 -2  3 -2
 -2 -2  1  1  1  1  1  1  1  1 -2  1  1  1 -2 -2 -2
  1  1  1  1  1  1  1  1  1  1 -2  2 -2  1  1  1 -2
  1  1  1  1  1  1  1  1  1 -2 -2 -2 -2  1  1  2 -2
  1  1  1  1  1  1  1  1  1  1  1  1  1  1  1 -2 -2
 -2 -2 -2 -2 -2  1  1  1  1  1  2  2  2  2 -2 -2 -2
  7 -2 -2 -2 -2  1  1  2  2  2  2  3  3  3 -2 -2 -2
  7 -2 -2 -2 -2  1  2  2  3  3  3  3  4  4  4  5  6
  7 -2 -2  1  1  1 -2  3  3  4  4  4  4  5  5  5  6



  7  7 -2 -2 -2 -2 -2  5  5  5  5  5  5  5  6  6  6
  6  6 -2  8  8  7  6  6  6  6  6  6  6  6  6  6  6
  5  6  7  8  8  7  7  6  5  5  5  5  5  5  5  5  5
  5  6  7  8  8  8  7  6  5  4  4  4  4  4  4  4  4
  5  6  7  8  9  8 -2  6  5 -2  3  3  3  3  3  3  4
  5 -2 -2 -2 -2 -2 -2 -2 -2 -2 -2  2  2  2  2  3  4
 -2 -2 -2 -2 -2 -2  1  1  1  1 -2  1  1  1 -2  3 -2
 -2 -2  1  1  1  1  1  1  1  1 -2  1  1  1 -2 -2 -2
  1  1  1  1  1  1  1  1  1  1 -2  2 -2  1  1  1 -2
  1  1  1  1  1  1  1  1  1 -2 -2 -2 -2  1  1  1 -2
  1  1  1  1  1  1  1  1  1  1  1  1  1  1  1 -2 -2
 -2 -2 -2 -2 -2  1  1  1  1  1  2  2  2  2 -2 -2 -2
  7 -2 -2 -2 -2  1  1  2  2  2  2  3  3  3 -2 -2 -2
  7 -2 -2 -2 -2  1 -2 -2  3  3  3  3  4  4  4  5  6
  7 -2 -2  1  1  1 -2 -2  4  4  4  4  4  5  5  5  6



  7  7 -2 -2 -2 -2 -2  4  4  4  4  4  5  5  6  6  6
  6  6 -2  8  7  6  5  5  5  5  5  5  5  6  6  6  6
  5  6  7  8  7  6  6  6  6  6  5  5  5  5  5  5  5
  5  6  7  8  7  7  7  7  7  6  5  4  4  4  4  4  4
  5  6  7  8  8  8 -2  8  7 -2  5  4  3  3  3  3  4
  5 -2 -2 -2 -2 -2 -2 -2 -2 -2 -2 -2 -2  2  2  3  4
 -2 -2 -2 -2 -2 -2  1  1  1  1 -2  1  1  1 -2  3 -2
 -2 -2  1  1  1  1  1  1  1  1 -2  1  1  1 -2 -2 -2
  1  1  1  1  1  1  1  1  1  1 -2  2 -2  1  1  1 -2
  1  1  1  1  1  1  1  1  1 -2 -2 -2 -2  1  1  1 -2
  1  1  1  1  1  1  1  1  1  1  1  1  1  1  1 -2 -2
 -2 -2 -2 -2 -2  1  1  1  1  1  2  2  2  2 -2 -2 -2
  7 -2 -2 -2 -2  1  1  1  1  2  2  3  3  3 -2 -2 -2
  7 -2 -2 -2 -2  1 -2 -2  2  2  3  3  4  4  4  5  6
  7 -2 -2  1  1  1 -2 -2  3  3  3  4  4  5  5  5  6



  6  6 -2 -2 -2 -2 -2  4  4  4  4  4  5  5  6  6  6
  5  6 -2  8  7  6  5  5  5  5  5  5  5  5  5  5  5
  5  6  7  8  7  6  6  6  6  5  4  4  4  4  4  4  4
  5  6  7  8  7  7  7  7  6  5  4  3  3  3  3  3  4
  5  6  7  8  8  8 -2  7  6 -2  4  3  2  2  2  3  4
  5 -2 -2 -2 -2 -2 -2 -2 -2 -2 -2 -2 -2  1 -2  3  4
 -2 -2 -2 -2 -2 -2  1  1  1  1 -2  1  1  1 -2  4 -2
 -2 -2  1  1  1  1  1  1  1  1 -2  1  1  1 -2 -2 -2
  1  1  1  1  1  1  1  1  1  1 -2  2 -2  1  1  1 -2
  1  1  1  1  1  1  1  1  1 -2 -2 -2 -2  1  1  1 -2
  1  1  1  1  1  1  1  1  1  1  1  1  1  1  1 -2 -2
 -2 -2 -2 -2 -2  1  1  1  1  1  2  2  2  2 -2 -2 -2
  7 -2 -2 -2 -2  1  1  1  1  2  2  3  3  3 -2 -2 -2
  7 -2 -2 -2 -2  1 -2 -2  2  2  3  3  4  4  4  5  6
  7 -2 -2  1  1  1 -2 -2  3  3  3  4  4  5  5  5  6



  5  6 -2 -2 -2 -2 -2  4  4  4  4  4  5  5  5  5  5
  5  6 -2  8  7  6  5  5  5  5  4  4  4  4  4  4  4
  5  6  7  8  7  6  6  6  6  5  4  3  3  3  3  3  4
  5  6  7  8  7  7  7  7  6  5  4  3  2  2  2  3  4
  5  6  7  8  8  8 -2  7  6 -2  4  3 -2  1  2  3  4
  5 -2 -2 -2 -2 -2 -2 -2 -2 -2 -2 -2 -2  1 -2  3  4
 -2 -2 -2 -2 -2 -2  1  1  1  1 -2  1  1  1 -2  4 -2
 -2 -2  1  1  1  1  1  1  1  1 -2  1  1  1 -2 -2 -2
  1  1  1  1  1  1  1  1  1  1 -2  2 -2  1  1  1 -2
  1  1  1  1  1  1  1  1  1 -2 -2 -2 -2  1  1  1 -2
  1  1  1  1  1  1  1  1  1  1  1  1  1  1  1 -2 -2
 -2 -2 -2 -2 -2  1  1  1  1  1  2  2  2  2 -2 -2 -2
  7 -2 -2 -2 -2  1  1  1  1  2  2  3  3  3 -2 -2 -2
  7 -2 -2 -2 -2  1 -2 -2  2  2  3  3  4  4  4  5  6
  6 -2 -2  1  1  1 -2 -2  3  3  3  4  4  5  5  5  6



  4  5 -2 -2 -2 -2 -2  4  4  4  4  4  4  4  4  4  4
  4  5 -2  7  7  6  5  5  5  5  5  4  3  3  3  3  3
  4  5  6  7  7  6  6  6  6  6  5  4  3  2  2  2  3
  4  5  6  7  7  7  7  7  7  6  5  4 -2  2  1  2  3
  4  5  6  7  8  8 -2  8  7 -2  5  5 -2  1  1  2  3
  4 -2 -2 -2 -2 -2 -2 -2 -2 -2 -2 -2 -2  1 -2  2  3
 -2 -2 -2 -2 -2 -2  1  1  1  1 -2  1  1  1 -2  3 -2
 -2 -2  1  1  1  1  1  1  1  1 -2  1  1  1 -2 -2 -2
  1  1  1  1  1  1  1  1  1  1 -2  2 -2  1  1  1 -2
  1  1  1  1  1  1  1  1  1 -2 -2 -2 -2  1  1  1 -2
  1  1  1  1  1  1  1  1  1  1  1  1  1  1  1 -2 -2
 -2 -2 -2 -2 -2  1  1  1  1  1  2  2  2  2 -2 -2 -2
  7 -2 -2 -2 -2  1  1  1  1  2  2  3  3  3 -2 -2 -2
  6 -2 -2 -2 -2  1 -2 -2  2  2  3  3  4  4  4  5  6
  5 -2 -2  1  1  1 -2 -2  3  3  3  4  4  5  5  5  5



  4  5 -2 -2 -2 -2 -2  4  4  4  4  4  4  4  4  4  4
  4  5 -2  7  7  6  5  5  5  5  5  4  3  3  3  3  3
  4  5  6  7  7  6  6  6  6  6  5  4  3  2  2  2  3
  4  5  6  7  7  7  7  7  7  6  5  4 -2 -2  1  2  3
  4  5  6  7  8  8 -2  8  7 -2  5  5 -2  1  1  2  3
  4 -2 -2 -2 -2 -2 -2 -2 -2 -2 -2 -2 -2  1 -2  2  3
 -2 -2 -2 -2 -2 -2  1  1  1  1 -2  1  1  1 -2  3 -2
 -2 -2  1  1  1  1  1  1  1  1 -2  1  1  1 -2 -2 -2
  1  1  1  1  1  1  1  1  1  1 -2  2 -2  1  1  1 -2
  1  1  1  1  1  1  1  1  1 -2 -2 -2 -2  1  1  1 -2
  1  1  1  1  1  1  1  1  1  1  1  1  1  1  1 -2 -2
 -2 -2 -2 -2 -2  1  1  1  1  1  2  2  1  1 -2 -2 -2
  6 -2 -2 -2 -2  1  1  1  1  2  2  2  2  2 -2 -2 -2
  6 -2 -2 -2 -2  1 -2 -2  2  2  3  3  3  3  3  4  5
  5 -2 -2  1  1  1 -2 -2  3  3  3  4  4  4  4  4  5



  4  5 -2 -2 -2 -2 -2  4  4  4  4  4  4  4  4  4  4
  4  4 -2  6  7  6  5  5  5  5  5  4  3  3  3  3  3
  3  4  5  6  7  6  6  6  6  6  5  4  3  2  2  2  3
  3  4  5  6  7  7  7  7  7  6  5  4 -2 -2  1  2  2
  3  4  5  6  7  8 -2  8  7 -2  5  5 -2  1  1  1  2
  3 -2 -2 -2 -2 -2 -2 -2 -2 -2 -2 -2 -2  1 -2 -2 -2
 -2 -2 -2 -2 -2 -2  1  1  1  1 -2  1  1  1 -2 -2 -2
 -2 -2  1  1  1  1  1  1  1  1 -2  1  1  1 -2 -2 -2
  1  1  1  1  1  1  1  1  1  1 -2  2 -2  1  1  1 -2
  1  1  1  1  1  1  1  1  1 -2 -2 -2 -2  1  1  1 -2
  1  1  1  1  1  1  1  1  1  1  1  1  1  1  1 -2 -2
 -2 -2 -2 -2 -2  1  1  1  1  1  2  2  1  1 -2 -2 -2
  6 -2 -2 -2 -2  1  1  1  1  2  2  2  2  2 -2 -2 -2
  6 -2 -2 -2 -2  1 -2 -2  2  2  3  3  3  3  3  4  5
  5 -2 -2  1  1  1 -2 -2  3  3  3  4  4  4  4  4  5



  4  5 -2 -2 -2 -2 -2  4  4  4  4  4  4  4  4  4  4
  4  4 -2  6  7  6  5  5  5  5  5  4  3  3  3  3  3
  3  4  5  6  7  6  6  6  6  6  5  4  3  2  2  2  3
  3  4  5  6  7  7  7  7  7  6  5  4 -2 -2  1  2  2
  3  4  5  6  7  8 -2  8  7 -2  5  5 -2  1  1  1  2
  3 -2 -2 -2 -2 -2 -2 -2 -2 -2 -2 -2 -2  1 -2 -2 -2
 -2 -2 -2 -2 -2 -2  1  1  1  1 -2  1  1  1 -2 -2 -2
 -2 -2  1  1  1  1  1  1  1  1 -2  1  1  1 -2 -2 -2
  1  1  1  1  1  1  1  1  1  1 -2  1 -2  1  1  1 -2
  1  1  1  1  1  1  1  1  1 -2 -2 -2 -2  1  1  1 -2
  1  1  1  1  1  1  1  1  1  1  1  1  1  1  1 -2 -2
 -2 -2 -2 -2 -2  1  1  1  1  1  2  2  1  1 -2 -2 -2
  7 -2 -2 -2 -2  1  1  1  1  2  2  2 -2 -2 -2 -2 -2
  6 -2 -2 -2 -2  1 -2 -2  2  2  3  3  3  4  5  6  6
  5 -2 -2  1  1  1 -2 -2  3  3  3  4  4  4  5  5  5



  4  5 -2 -2 -2 -2 -2  4  4  4  4  4  3  3  3  3  3
  4  4 -2  6  7  6  5  5  5  5  5  4  3  2  2  2  3
  3  4  5  6  7  6  6  6  6  6  5  4  3 -2  1  2  3
  3  4  5  6  7  7  7  7  7  6  5  4 -2 -2  1  2  2
  3  4  5  6  7  8 -2  8  7 -2  5  5 -2  1  1  1  2
  3 -2 -2 -2 -2 -2 -2 -2 -2 -2 -2 -2 -2  1 -2 -2 -2
 -2 -2 -2 -2 -2 -2  1  1  1  1 -2  1  1  1 -2 -2 -2
 -2 -2  1  1  1  1  1  1  1  1 -2  1  1  1 -2 -2 -2
  1  1  1  1  1  1  1  1  1  1 -2  1 -2  1  1  1 -2
  1  1  1  1  1  1  1  1  1 -2 -2 -2 -2  1  1  1 -2
  1  1  1  1  1  1  1  1  1  1  1  1  1  1  1 -2 -2
 -2 -2 -2 -2 -2  1  1  1  1  1  2  2  1  1 -2 -2 -2
  6 -2 -2 -2 -2  1  1  1  1  2  2  2 -2 -2 -2 -2 -2
  5 -2 -2 -2 -2  1 -2 -2  2  2  3  3  3  4  5  5  5
  4 -2 -2  1  1  1 -2 -2  3  3  3  4  4  4  4  4  4



  4  4 -2 -2 -2 -2 -2  4  4  4  4  4  4  3  3  3  3
  3  3 -2  5  6  6  5  5  5  5  5  5  4 -2  2  2  3
  2  3  4  5  6  6  6  6  6  6  6  5  5 -2  1  2  2
  2  3  4  5  6  7  7  7  7  7  6  6 -2 -2  1  2  1
  2  3  4  5  6  7 -2  8  8 -2  7  7 -2  1  1  1  1
  2 -2 -2 -2 -2 -2 -2 -2 -2 -2 -2 -2 -2  1 -2 -2 -2
 -2 -2 -2 -2 -2 -2  1  1  1  1 -2  1  1  1 -2 -2 -2
 -2 -2  1  1  1  1  1  1  1  1 -2  1  1  1 -2 -2 -2
  1  1  1  1  1  1  1  1  1  1 -2  1 -2  1  1  1 -2
  1  1  1  1  1  1  1  1  1 -2 -2 -2 -2  1  1  1 -2
  1  1  1  1  1  1  1  1  1  1  1  1  1  1  1 -2 -2
 -2 -2 -2 -2 -2  1  1  1  1  1  2  2  1  1 -2 -2 -2
  6 -2 -2 -2 -2  1  1  1  1  2  2  2 -2 -2 -2 -2 -2
  5 -2 -2 -2 -2  1 -2 -2  2  2  3  3  3  4  5  5  5
  4 -2 -2  1  1  1 -2 -2  3  3  3  4  4  4  4  4  4



  4  4 -2 -2 -2 -2 -2  4  4  4  4  4  4  3  3  3  3
  3  3 -2  5  6  6  5  5  5  5  5  5  4 -2  2  2  3
  2  3  4  5  6  6  6  6  6  6  6  5  5 -2  1  2  2
  2  3  4  5  6  7  7  7  7  7  6  6 -2 -2  1  2  1
  2  3  4  5  6  7 -2  8  8 -2  7  7 -2  1  1  1  1
  2 -2 -2 -2 -2 -2 -2 -2 -2 -2 -2 -2 -2  1 -2 -2 -2
 -2 -2 -2 -2 -2 -2  1  1  1  1 -2  1  1  1 -2 -2 -2
 -2 -2  1  1  1  1  1  1  1  1 -2  1  1  1 -2 -2 -2
  1  1  1  1  1  1  1  1  1  1 -2  1 -2  1  1  1 -2
  1  1  1  1  1  1  1  1  1 -2 -2 -2 -2  1  1  1 -2
  1  1  1  1  1  1  1  1  1  1  1  1  1  1  1 -2 -2
 -2 -2 -2 -2 -2  1  1  1  1  1 -2  1  1  1 -2 -2 -2
  6 -2 -2 -2 -2  1  1  1  1  2 -2 -2 -2 -2 -2 -2 -2
  5 -2 -2 -2 -2  1 -2 -2  2  2  3  4  5  5  5  5  5
  4 -2 -2  1  1  1 -2 -2  3  3  3  4  4  4  4  4  4



  4  4 -2 -2 -2 -2 -2  4  4  4  4  4  4  4  3  3  3
  3  3 -2  5  6  6  5  5  5  5  5  5  5 -2 -2  2  3
  2  3  4  5  6  6  6  6  6  6  6  6  6 -2  1  2  2
  2  3  4  5  6  7  7  7  7  7  7  7 -2 -2  1  2  1
  2  3  4  5  6  7 -2  8  8 -2  8  8 -2  1  1  1  1
  2 -2 -2 -2 -2 -2 -2 -2 -2 -2 -2 -2 -2  1 -2 -2 -2
 -2 -2 -2 -2 -2 -2  1  1  1  1 -2  1  1  1 -2 -2 -2
 -2 -2  1  1  1  1  1  1  1  1 -2  1  1  1 -2 -2 -2
  1  1  1  1  1  1  1  1  1  1 -2  1 -2  1  1  1 -2
  1  1  1  1  1  1  1  1  1 -2 -2 -2 -2  1  1  1 -2
  1  1  1  1  1  1  1  1  1  1  1  1  1  1  1 -2 -2
 -2 -2 -2 -2 -2  1  1  1  1  1 -2  1  1  1 -2 -2 -2
  6 -2 -2 -2 -2  1  1  1  1  1 -2 -2 -2 -2 -2 -2 -2
  5 -2 -2 -2 -2  1 -2 -2  2  2  2  3  4  5  5  5  5
  4 -2 -2  1  1  1 -2 -2  3  3  3  3  4  4  4  4  4



  4  4 -2 -2 -2 -2 -2  3  3  3  3  4  4  4  3  3  3
  3  3 -2  5  6  5  4  4  4  4  4  4  5 -2 -2  2  3
  2  3  4  5  6  5  5  5  5  5  5  5  5 -2  1  2  2
  2  3  4  5  6  6  6  6  6  6  6  6 -2 -2  1  2  1
 -2 -2  4  5  6  7 -2  7  7 -2  7  7 -2  1  1  1  1
 -2 -2 -2 -2 -2 -2 -2 -2 -2 -2 -2 -2 -2  1 -2 -2 -2
 -2 -2 -2 -2 -2 -2  1  1  1  1 -2  1  1  1 -2 -2 -2
 -2 -2  1  1  1  1  1  1  1  1 -2  1  1  1 -2 -2 -2
  1  1  1  1  1  1  1  1  1  1 -2  1 -2  1  1  1 -2
  1  1  1  1  1  1  1  1  1 -2 -2 -2 -2  1  1  1 -2
  1  1  1  1  1  1  1  1  1  1  1  1  1  1  1 -2 -2
 -2 -2 -2 -2 -2  1  1  1  1  1 -2  1  1  1 -2 -2 -2
  6 -2 -2 -2 -2  1  1  1  1  1 -2 -2 -2 -2 -2 -2 -2
  5 -2 -2 -2 -2  1 -2 -2  1  2  2  3  4  5  5  5  5
  4 -2 -2  1  1  1 -2 -2  2  2  3  3  4  4  4  4  4



  3  4 -2 -2 -2 -2 -2  3  3  3  3  4  4  5  4  3  3
  3  3 -2  5  6  5  4  4  4  4  4  4  5 -2 -2 -2  2
  2  3  4  5  6  5  5  5  5  5  5  5  5 -2  1  1  2
  2  3  4  5  6  6  6  6  6  6  6  6 -2 -2  1  1  1
 -2 -2  4  5  6  7 -2  7  7 -2  7  7 -2  1  1  1  1
 -2 -2 -2 -2 -2 -2 -2 -2 -2 -2 -2 -2 -2  1 -2 -2 -2
 -2 -2 -2 -2 -2 -2  1  1  1  1 -2  1  1  1 -2 -2 -2
 -2 -2  1  1  1  1  1  1  1  1 -2  1  1  1 -2 -2 -2
  1  1  1  1  1  1  1  1  1  1 -2  1 -2  1  1  1 -2
  1  1  1  1  1  1  1  1  1 -2 -2 -2 -2  1  1  1 -2
  1  1  1  1  1  1  1  1  1  1  1  1  1  1  1 -2 -2
 -2 -2 -2 -2 -2  1  1  1  1  1 -2  1  1  1 -2 -2 -2
  6 -2 -2 -2 -2  1  1  1  1  1 -2 -2 -2 -2 -2 -2 -2
  5 -2 -2 -2 -2  1 -2 -2  1  2  2  3  4  5  5  5  5
  4 -2 -2  1  1  1 -2 -2  2  2  3  3  4  5  4  4  4



  3  4 -2 -2 -2 -2 -2  2  2  2  3  4  4  5  4  3  3
  3  3 -2  5  5  4  3  3  3  3  3  4  5 -2 -2 -2  2
  2  3  4  5  5  4  4  4  4  4  4  4  5 -2  1  1  2
 -2  3  4  5  5  5  5  5  5  5  5  5 -2 -2  1  1  1
 -2 -2  4  5  6  6 -2  6  6 -2  6  6 -2  1  1  1  1
 -2 -2 -2 -2 -2 -2 -2 -2 -2 -2 -2 -2 -2  1 -2 -2 -2
 -2 -2 -2 -2 -2 -2  1  1  1  1 -2  1  1  1 -2 -2 -2
 -2 -2  1  1  1  1  1  1  1  1 -2  1  1  1 -2 -2 -2
  1  1  1  1  1  1  1  1  1  1 -2  1 -2  1  1  1 -2
  1  1  1  1  1  1  1  1  1 -2 -2 -2 -2  1  1  1 -2
  1  1  1  1  1  1  1  1  1  1  1  1  1  1  1 -2 -2
 -2 -2 -2 -2 -2  1  1  1  1  1 -2  1  1  1 -2 -2 -2
  6 -2 -2 -2 -2  1  1  1  1  1 -2 -2 -2 -2 -2 -2 -2
  5 -2 -2 -2 -2  1 -2 -2  1  2  2  3  4  5  5  5  5
  4 -2 -2  1  1  1 -2 -2  1  2  3  3  4  5  4  4  4



  3  4 -2 -2 -2 -2 -2 -2 -2  2  2  2  3  4  4  3  3
  3  3 -2  5  6  6  5  4  3  3  3  3  3 -2 -2 -2  2
  2  3  4  5  6  6  5  4  4  4  4  4  4 -2  1  1  2
 -2  3  4  5  6  6  5  5  5  5  5  5 -2 -2  1  1  1
 -2 -2  4  5  6  6 -2  6  6 -2  6  6 -2  1  1  1  1
 -2 -2 -2 -2 -2 -2 -2 -2 -2 -2 -2 -2 -2  1 -2 -2 -2
 -2 -2 -2 -2 -2 -2  1  1  1  1 -2  1  1  1 -2 -2 -2
 -2 -2  1  1  1  1  1  1  1  1 -2  1  1  1 -2 -2 -2
  1  1  1  1  1  1  1  1  1  1 -2  1 -2  1  1  1 -2
  1  1  1  1  1  1  1  1  1 -2 -2 -2 -2  1  1  1 -2
  1  1  1  1  1  1  1  1  1  1  1  1  1  1  1 -2 -2
 -2 -2 -2 -2 -2  1  1  1  1  1 -2  1  1  1 -2 -2 -2
  6 -2 -2 -2 -2  1  1  1  1  1 -2 -2 -2 -2 -2 -2 -2
  5 -2 -2 -2 -2  1 -2 -2  1  1  1  2  3  4  5  5  5
  4 -2 -2  1  1  1 -2 -2  1  2  1  2  3  4  4  4  4



  3  4 -2 -2 -2 -2 -2 -2 -2 -2  2  2  3  4  4  3  3
  3  3 -2  5  6  7  6  5  4  3  3  3  3 -2 -2 -2  2
  2  3  4  5  6  7  6  5  4  4  4  4  4 -2  1  1  2
 -2  3  4  5  6  7  6  5  5  5  5  5 -2 -2  1  1  1
 -2 -2  4  5  6  7 -2  6  6 -2  6  6 -2  1  1  1  1
 -2 -2 -2 -2 -2 -2 -2 -2 -2 -2 -2 -2 -2  1 -2 -2 -2
 -2 -2 -2 -2 -2 -2  1  1  1  1 -2  1  1  1 -2 -2 -2
 -2 -2  1  1  1  1  1  1  1  1 -2  1  1  1 -2 -2 -2
  1  1  1  1  1  1  1  1  1  1 -2  1 -2  1  1  1 -2
  1  1  1  1  1  1  1  1  1 -2 -2 -2 -2  1  1  1 -2
  1  1  1  1  1  1  1  1  1  1  1  1  1  1  1 -2 -2
 -2 -2 -2 -2 -2  1  1  1  1  1 -2  1  1  1 -2 -2 -2
  6 -2 -2 -2 -2  1  1  1  1  1 -2 -2 -2 -2 -2 -2 -2
  5 -2 -2 -2 -2  1 -2 -2  1  1  1  2  3  4  5  5  5
  4 -2 -2  1  1  1 -2 -2  1  1  1  2  3  4  4  4  4



  3  3 -2 -2 -2 -2 -2 -2 -2 -2  2  2  3  4  5 -2  3
  2  3 -2  5  6  7  6  5  4  3  3  3  3 -2 -2 -2 -2
  2  3  4  5  6  7  6  5  4  4  4  4  4 -2  1  1  1
 -2  3  4  5  6  7  6  5  5  5  5  5 -2 -2  1  1  1
 -2 -2  4  5  6  7 -2  6  6 -2  6  6 -2  1  1  1  1
 -2 -2 -2 -2 -2 -2 -2 -2 -2 -2 -2 -2 -2  1 -2 -2 -2
 -2 -2 -2 -2 -2 -2  1  1  1  1 -2  1  1  1 -2 -2 -2
 -2 -2  1  1  1  1  1  1  1  1 -2  1  1  1 -2 -2 -2
  1  1  1  1  1  1  1  1  1  1 -2  1 -2  1  1  1 -2
  1  1  1  1  1  1  1  1  1 -2 -2 -2 -2  1  1  1 -2
  1  1  1  1  1  1  1  1  1  1  1  1  1  1  1 -2 -2
 -2 -2 -2 -2 -2  1  1  1  1  1 -2  1  1  1 -2 -2 -2
  6 -2 -2 -2 -2  1  1  1  1  1 -2 -2 -2 -2 -2 -2 -2
  5 -2 -2 -2 -2  1 -2 -2  1  1  1  2  3  4  5  5  5
  4 -2 -2  1  1  1 -2 -2  1  1  1  2  3  4  5  4  4



  7  8 -2 -2 -2 -2 -2 -2 -2 -2  2  2  3  3  4 -2  6
 -2  8 -2  9  8  7  6  5  4  3  3  3  3 -2 -2 -2 -2
 -2  9  9  9  8  7  6  5  4  4  4  4  4 -2  1  1  1
 -2 10 10  9  8  7  6  5  5  5  5  5 -2 -2  1  1  1
 -2 -2 10  9  8  7 -2  6  6 -2  6  6 -2  1  1  1  1
 -2 -2 -2 -2 -2 -2 -2 -2 -2 -2 -2 -2 -2  1 -2 -2 -2
 -2 -2 -2 -2 -2 -2  1  1  1  1 -2  1  1  1 -2 -2 -2
 -2 -2  1  1  1  1  1  1  1  1 -2  1  1  1 -2 -2 -2
  1  1  1  1  1  1  1  1  1  1 -2  1 -2  1  1  1 -2
  1  1  1  1  1  1  1  1  1 -2 -2 -2 -2  1  1  1 -2
  1  1  1  1  1  1  1  1  1  1  1  1  1  1  1 -2 -2
 -2 -2 -2 -2 -2  1  1  1  1  1 -2  1  1  1 -2 -2 -2
  7 -2 -2 -2 -2  1  1  1  1  1 -2 -2 -2 -2 -2 -2 -2
  7 -2 -2 -2 -2  1 -2 -2  1  1  1  1  2  3  4  5  6
  7 -2 -2  1  1  1 -2 -2  1  1  1  2  2  3  4  5  6



  5  6 -2 -2 -2 -2 -2 -2 -2 -2 -2  2  3  3  3 -2  4
 -2  6 -2  8  9  8  7  6  5  4  3  3  3 -2 -2 -2 -2
 -2  7  7  8  9  8  7  6  5  4  4  4  4 -2  1  1  1
 -2  8  8  8  9  8  7  6  5  5  5  5 -2 -2  1  1  1
 -2 -2  9  9  9  8 -2  6  6 -2  6  6 -2  1  1  1  1
 -2 -2 -2 -2 -2 -2 -2 -2 -2 -2 -2 -2 -2  1 -2 -2 -2
 -2 -2 -2 -2 -2 -2  1  1  1  1 -2  1  1  1 -2 -2 -2
 -2 -2  1  1  1  1  1  1  1  1 -2  1  1  1 -2 -2 -2
  1  1  1  1  1  1  1  1  1  1 -2  1 -2  1  1  1 -2
  1  1  1  1  1  1  1  1  1 -2 -2 -2 -2  1  1  1 -2
  1  1  1  1  1  1  1  1  1  1  1  1  1  1  1 -2 -2
 -2 -2 -2 -2 -2  1  1  1  1  1 -2  1  1  1 -2 -2 -2
  5 -2 -2 -2 -2  1  1  1  1  1 -2 -2 -2 -2 -2 -2 -2
  5 -2 -2 -2 -2  1 -2 -2  1  1  1  1  1  1  2  3  4
  5 -2 -2  1  1  1 -2 -2  1  1  1  2  2  2  2  3  4



  4  5 -2 -2 -2 -2 -2 -2 -2 -2 -2 -2 -2  3  3 -2  3
 -2  5 -2  7  8  9 10  9  8  7  6  5  4 -2 -2 -2 -2
 -2  6  6  7  8  9 10  9  8  7  6  5  5 -2  1  1  1
 -2  7  7  7  8  9 10  9  8  7  6  6 -2 -2  1  1  1
 -2 -2  8  8  8  9 -2  9  8 -2  7  7 -2  1  1  1  1
 -2 -2 -2 -2 -2 -2 -2 -2 -2 -2 -2 -2 -2  1 -2 -2 -2
 -2 -2 -2 -2 -2 -2  1  1  1  1 -2  1  1  1 -2 -2 -2
 -2 -2  1  1  1  1  1  1  1  1 -2  1  1  1 -2 -2 -2
  1  1  1  1  1  1  1  1  1  1 -2  1 -2  1  1  1 -2
  1  1  1  1  1  1  1  1  1 -2 -2 -2 -2  1  1  1 -2
  1  1  1  1  1  1  1  1  1  1  1  1  1  1  1 -2 -2
 -2 -2 -2 -2 -2  1  1  1  1  1 -2  1  1  1 -2 -2 -2
  4 -2 -2 -2 -2  1  1  1  1  1 -2 -2 -2 -2 -2 -2 -2
  4 -2 -2 -2 -2  1 -2 -2  1  1  1  1  1  1  1  2  3
  4 -2 -2  1  1  1 -2 -2  1  1  1  2  2  2  2  2  3



  4  5 -2 -2 -2 -2 -2 -2 -2 -2 -2 -2 -2  2  2 -2  3
 -2  5 -2  7  8  9  9  8  7  6  5  4  3 -2 -2 -2 -2
 -2  6  6  7  8  9  9  8  7  6  5  4  4 -2  1  1  1
 -2  7  7  7  8  9  9  8  7  6  5  5 -2 -2  1  1  1
 -2 -2  8  8  8  9 -2  8  7 -2  6  6 -2  1  1  1  1
 -2 -2 -2 -2 -2 -2 -2 -2 -2 -2 -2 -2 -2  1 -2 -2 -2
 -2 -2 -2 -2 -2 -2  1  1  1  1 -2  1  1  1 -2 -2 -2
 -2 -2  1  1  1  1  1  1  1  1 -2  1  1  1 -2 -2 -2
  1  1  1  1  1  1  1  1  1  1 -2  1 -2  1  1  1 -2
  1  1  1  1  1  1  1  1  1 -2 -2 -2 -2  1  1  1 -2
  1  1  1  1  1  1  1  1  1  1  1  1  1  1  1 -2 -2
 -2 -2 -2 -2 -2  1  1  1  1  1 -2  1  1  1 -2 -2 -2
  4 -2 -2 -2 -2  1  1  1  1  1 -2 -2 -2 -2 -2 -2 -2
  4 -2 -2 -2 -2  1 -2 -2  1  1  1  1  1  1  1  2  3
  4 -2 -2  1  1  1 -2 -2  1  1  1 -2  1  1  2  2  3



  4  5 -2 -2 -2 -2 -2 -2 -2 -2 -2 -2 -2  1  1 -2  4
 -2  5 -2  7  8  9  8  7  6  5  4  3  2 -2 -2 -2 -2
 -2  6  6  7  8  9  8  7  6  5  4  3  3 -2  1  1  1
 -2  7  7  7  8  9  8  7  6  5  4  4 -2 -2  1  1  1
 -2 -2  8  8  8  9 -2  7  6 -2  5  5 -2  1  1  1  1
 -2 -2 -2 -2 -2 -2 -2 -2 -2 -2 -2 -2 -2  1 -2 -2 -2
 -2 -2 -2 -2 -2 -2  1  1  1  1 -2  1  1  1 -2 -2 -2
 -2 -2  1  1  1  1  1  1  1  1 -2  1  1  1 -2 -2 -2
  1  1  1  1  1  1  1  1  1  1 -2  1 -2  1  1  1 -2
  1  1  1  1  1  1  1  1  1 -2 -2 -2 -2  1  1  1 -2
  1  1  1  1  1  1  1  1  1  1  1  1  1  1  1 -2 -2
 -2 -2 -2 -2 -2  1  1  1  1  1 -2  1  1  1 -2 -2 -2
  4 -2 -2 -2 -2  1  1  1  1  1 -2 -2 -2 -2 -2 -2 -2
  4 -2 -2 -2 -2  1 -2 -2  1  1  1  1  1  1  1  2  3
  4 -2 -2  1  1  1 -2 -2  1  1  1 -2  1  1  1 -2  3



  3  3 -2 -2 -2 -2 -2 -2 -2 -2 -2 -2 -2  1  1 -2  3
 -2  4 -2  6  7  8  9 10 11 12 13 14 -2 -2 -2 -2 -2
 -2  5  5  6  7  8  9 10 11 12 13 14 15 -2  1  1  1
 -2  6  6  6  7  8  9 10 11 12 13 14 -2 -2  1  1  1
 -2 -2  7  7  7  8 -2 10 11 -2 13 14 -2  1  1  1  1
 -2 -2 -2 -2 -2 -2 -2 -2 -2 -2 -2 -2 -2  1 -2 -2 -2
 -2 -2 -2 -2 -2 -2  1  1  1  1 -2  1  1  1 -2 -2 -2
 -2 -2  1  1  1  1  1  1  1  1 -2  1  1  1 -2 -2 -2
  1  1  1  1  1  1  1  1  1  1 -2  1 -2  1  1  1 -2
  1  1  1  1  1  1  1  1  1 -2 -2 -2 -2  1  1  1 -2
  1  1  1  1  1  1  1  1  1  1  1  1  1  1  1 -2 -2
 -2 -2 -2 -2 -2  1  1  1  1  1 -2  1  1  1 -2 -2 -2
  2 -2 -2 -2 -2  1  1  1  1  1 -2 -2 -2 -2 -2 -2 -2
  2 -2 -2 -2 -2  1 -2 -2  1  1  1  1  1  1  1  1  1
  2 -2 -2  1  1  1 -2 -2  1  1  1 -2  1  1  1 -2  2



 17 17 -2 -2 -2 -2 -2 -2 -2 -2 -2 -2 -2  1  1 -2 17
 -2 17 -2 17 17 17 17 17 17 17 17 17 -2 -2 -2 -2 -2
 -2 17 17 17 17 17 17 17 17 17 17 17 17 -2  1  1  1
 -2 17 17 17 17 17 17 17 17 17 17 17 -2 -2  1  1  1
 -2 -2 17 17 17 17 -2 17 17 -2 17 17 -2  1  1  1  1
 -2 -2 -2 -2 -2 -2 -2 -2 -2 -2 -2 -2 -2  1 -2 -2 -2
 -2 -2 -2 -2 -2 -2  1  1  1  1 -2  1  1  1 -2 -2 -2
 -2 -2  1  1  1  1  1  1  1  1 -2  1  1  1 -2 -2 -2
  1  1  1  1  1  1  1  1  1  1 -2  1 -2  1  1  1 -2
  1  1  1  1  1  1  1  1  1 -2 -2 -2 -2  1  1  1 -2
  1  1  1  1  1  1  1  1  1  1  1  1  1  1  1 -2 -2
 -2 -2 -2 -2 -2  1  1  1  1  1 -2  1  1  1 -2 -2 -2
  2 -2 -2 -2 -2  1  1  1  1  1 -2 -2 -2 -2 -2 -2 -2
  2 -2 -2 -2 -2  1 -2 -2  1  1  1  1  1  1  1  1  1
 -2 -2 -2  1  1  1 -2 -2  1  1  1 -2  1  1  1 -2 -2



 17 17 -2 -2 -2 -2 -2 -2 -2 -2 -2 -2 -2  1  1 -2 17
 -2 17 -2 17 17 17 17 17 17 17 17 17 -2 -2 -2 -2 -2
 -2 17 17 17 17 17 17 17 17 17 17 17 17 -2  1  1  1
 -2 17 17 17 17 17 17 17 17 17 17 17 -2 -2  1  1  1
 -2 -2 17 17 17 17 -2 17 17 -2 17 17 -2  1  1  1  1
 -2 -2 -2 -2 -2 -2 -2 -2 -2 -2 -2 -2 -2  1 -2 -2 -2
 -2 -2 -2 -2 -2 -2  1  1  1  1 -2  1  1  1 -2 -2 -2
 -2 -2  1  1  1  1  1  1  1  1 -2  1  1  1 -2 -2 -2
  1  1  1  1  1  1  1  1  1  1 -2  1 -2  1  1  1 -2
  1  1  1  1  1  1  1  1  1 -2 -2 -2 -2  1  1  1 -2
  1  1  1  1  1  1  1  1  1  1  1  1  1  1  1 -2 -2
 -2 -2 -2 -2 -2  1  1  1  1  1 -2  1  1  1 -2 -2 -2
 -2 -2 -2 -2 -2  1  1  1  1  1 -2 -2 -2 -2 -2 -2 -2
  2 -2 -2 -2 -2  1 -2 -2  1  1  1  1  1  1  1  1  1
 -2 -2 -2  1  1  1 -2 -2  1  1  1 -2  1  1  1 -2 -2



 17 17 -2 -2 -2 -2 -2 -2 -2 -2 -2 -2 -2  1  1 -2 17
 -2 17 -2 17 17 17 17 17 17 17 17 17 -2 -2 -2 -2 -2
 -2 17 17 17 17 17 17 17 17 17 17 17 17 -2  1  1  1
 -2 17 17 17 17 17 17 17 17 17 17 17 -2 -2  1  1  1
 -2 -2 17 17 17 17 -2 17 17 -2 17 17 -2  1  1  1  1
 -2 -2 -2 -2 -2 -2 -2 -2 -2 -2 -2 -2 -2  1 -2 -2 -2
 -2 -2 -2 -2 -2 -2  1  1  1  1 -2  1  1  1 -2 -2 -2
 -2 -2  1  1  1  1  1  1  1  1 -2  1  1  1 -2 -2 -2
  1  1  1  1  1  1  1  1  1  1 -2  1 -2  1  1  1 -2
  1  1  1  1  1  1  1  1  1 -2 -2 -2 -2  1  1  1 -2
  1  1  1  1  1  1  1  1  1  1  1  1  1  1  1 -2 -2
 -2 -2 -2 -2 -2  1  1  1  1  1 -2  1  1  1 -2 -2 -2
 -2 -2 -2 -2 -2  1  1  1  1  1 -2 -2 -2 -2 -2 -2 -2
 -2 -2 -2 -2 -2  1 -2 -2  1  1  1  1  1  1  1  1  1
 -2 -2 -2  1  1  1 -2 -2  1  1  1 -2  1  1  1 -2 -2



 -2 17 -2 -2 -2 -2 -2 -2 -2 -2 -2 -2 -2  1  1 -2 -2
 -2 17 -2 17 17 17 17 17 17 17 17 17 -2 -2 -2 -2 -2
 -2 17 17 17 17 17 17 17 17 17 17 17 17 -2  1  1  1
 -2 17 17 17 17 17 17 17 17 17 17 17 -2 -2  1  1  1
 -2 -2 17 17 17 17 -2 17 17 -2 17 17 -2  1  1  1  1
 -2 -2 -2 -2 -2 -2 -2 -2 -2 -2 -2 -2 -2  1 -2 -2 -2
 -2 -2 -2 -2 -2 -2  1  1  1  1 -2  1  1  1 -2 -2 -2
 -2 -2  1  1  1  1  1  1  1  1 -2  1  1  1 -2 -2 -2
  1  1  1  1  1  1  1  1  1  1 -2  1 -2  1  1  1 -2
  1  1  1  1  1  1  1  1  1 -2 -2 -2 -2  1  1  1 -2
  1  1  1  1  1  1  1  1  1  1  1  1  1  1  1 -2 -2
 -2 -2 -2 -2 -2  1  1  1  1  1 -2  1  1  1 -2 -2 -2
 -2 -2 -2 -2 -2  1  1  1  1  1 -2 -2 -2 -2 -2 -2 -2
 -2 -2 -2 -2 -2  1 -2 -2  1  1  1  1  1  1  1  1  1
 -2 -2 -2  1  1  1 -2 -2  1  1  1 -2  1  1  1 -2 -2



 -2 -2 -2 -2 -2 -2 -2 -2 -2 -2 -2 -2 -2  1  1 -2 -2
 -2 17 -2 17 17 17 17 17 17 17 17 17 -2 -2 -2 -2 -2
 -2 17 17 17 17 17 17 17 17 17 17 17 17 -2  1  1  1
 -2 17 17 17 17 17 17 17 17 17 17 17 -2 -2  1  1  1
 -2 -2 17 17 17 17 -2 17 17 -2 17 17 -2  1  1  1  1
 -2 -2 -2 -2 -2 -2 -2 -2 -2 -2 -2 -2 -2  1 -2 -2 -2
 -2 -2 -2 -2 -2 -2  1  1  1  1 -2  1  1  1 -2 -2 -2
 -2 -2  1  1  1  1  1  1  1  1 -2  1  1  1 -2 -2 -2
  1  1  1  1  1  1  1  1  1  1 -2  1 -2  1  1  1 -2
  1  1  1  1  1  1  1  1  1 -2 -2 -2 -2  1  1  1 -2
  1  1  1  1  1  1  1  1  1  1  1  1  1  1  1 -2 -2
 -2 -2 -2 -2 -2  1  1  1  1  1 -2  1  1  1 -2 -2 -2
 -2 -2 -2 -2 -2  1  1  1  1  1 -2 -2 -2 -2 -2 -2 -2
 -2 -2 -2 -2 -2  1 -2 -2  1  1  1  1  1  1  1  1  1
 -2 -2 -2  1  1  1 -2 -2  1  1  1 -2  1  1  1 -2 -2



 -2 -2 -2 -2 -2 -2 -2 -2 -2 -2 -2 -2 -2  1  1 -2 -2
 -2 -2 -2 17 17 17 17 17 17 17 17 17 -2 -2 -2 -2 -2
 -2 17 17 17 17 17 17 17 17 17 17 17 17 -2  1  1  1
 -2 17 17 17 17 17 17 17 17 17 17 17 -2 -2  1  1  1
 -2 -2 17 17 17 17 -2 17 17 -2 17 17 -2  1  1  1  1
 -2 -2 -2 -2 -2 -2 -2 -2 -2 -2 -2 -2 -2  1 -2 -2 -2
 -2 -2 -2 -2 -2 -2  1  1  1  1 -2  1  1  1 -2 -2 -2
 -2 -2  1  1  1  1  1  1  1  1 -2  1  1  1 -2 -2 -2
  1  1  1  1  1  1  1  1  1  1 -2  1 -2  1  1  1 -2
  1  1  1  1  1  1  1  1  1 -2 -2 -2 -2  1  1  1 -2
  1  1  1  1  1  1  1  1  1  1  1  1  1  1  1 -2 -2
 -2 -2 -2 -2 -2  1  1  1  1  1 -2  1  1  1 -2 -2 -2
 -2 -2 -2 -2 -2  1  1  1  1  1 -2 -2 -2 -2 -2 -2 -2
 -2 -2 -2 -2 -2  1 -2 -2  1  1  1  1  1  1  1  1  1
 -2 -2 -2  1  1  1 -2 -2  1  1  1 -2  1  1  1 -2 -2



 -2 -2 -2 -2 -2 -2 -2 -2 -2 -2 -2 -2 -2  1  1 -2 -2
 -2 -2 -2 -2 17 17 17 17 17 17 17 17 -2 -2 -2 -2 -2
 -2 17 -2 -2 17 17 17 17 17 17 17 17 17 -2  1  1  1
 -2 17 17 17 17 17 17 17 17 17 17 17 -2 -2  1  1  1
 -2 -2 17 17 17 17 -2 17 17 -2 17 17 -2  1  1  1  1
 -2 -2 -2 -2 -2 -2 -2 -2 -2 -2 -2 -2 -2  1 -2 -2 -2
 -2 -2 -2 -2 -2 -2  1  1  1  1 -2  1  1  1 -2 -2 -2
 -2 -2  1  1  1  1  1  1  1  1 -2  1  1  1 -2 -2 -2
  1  1  1  1  1  1  1  1  1  1 -2  1 -2  1  1  1 -2
  1  1  1  1  1  1  1  1  1 -2 -2 -2 -2  1  1  1 -2
  1  1  1  1  1  1  1  1  1  1  1  1  1  1  1 -2 -2
 -2 -2 -2 -2 -2  1  1  1  1  1 -2  1  1  1 -2 -2 -2
 -2 -2 -2 -2 -2  1  1  1  1  1 -2 -2 -2 -2 -2 -2 -2
 -2 -2 -2 -2 -2  1 -2 -2  1  1  1  1  1  1  1  1  1
 -2 -2 -2  1  1  1 -2 -2  1  1  1 -2  1  1  1 -2 -2



 -2 -2 -2 -2 -2 -2 -2 -2 -2 -2 -2 -2 -2  1  1 -2 -2
 -2 -2 -2 -2 -2 17 17 17 17 17 17 17 -2 -2 -2 -2 -2
 -2 17 -2 -2 17 17 17 17 17 17 17 17 17 -2  1  1  1
 -2 17 17 17 17 17 17 17 17 17 17 17 -2 -2  1  1  1
 -2 -2 17 17 17 17 -2 17 17 -2 17 17 -2  1  1  1  1
 -2 -2 -2 -2 -2 -2 -2 -2 -2 -2 -2 -2 -2  1 -2 -2 -2
 -2 -2 -2 -2 -2 -2  1  1  1  1 -2  1  1  1 -2 -2 -2
 -2 -2  1  1  1  1  1  1  1  1 -2  1  1  1 -2 -2 -2
  1  1  1  1  1  1  1  1  1  1 -2  1 -2  1  1  1 -2
  1  1  1  1  1  1  1  1  1 -2 -2 -2 -2  1  1  1 -2
  1  1  1  1  1  1  1  1  1  1  1  1  1  1  1 -2 -2
 -2 -2 -2 -2 -2  1  1  1  1  1 -2  1  1  1 -2 -2 -2
 -2 -2 -2 -2 -2  1  1  1  1  1 -2 -2 -2 -2 -2 -2 -2
 -2 -2 -2 -2 -2  1 -2 -2  1  1  1  1  1  1  1  1  1
 -2 -2 -2  1  1  1 -2 -2  1  1  1 -2  1  1  1 -2 -2



 -2 -2 -2 -2 -2 -2 -2 -2 -2 -2 -2 -2 -2  1  1 -2 -2
 -2 -2 -2 -2 -2 -2 17 17 17 17 17 17 -2 -2 -2 -2 -2
 -2 17 -2 -2 17 17 17 17 17 17 17 17 17 -2  1  1  1
 -2 17 17 17 17 17 17 17 17 17 17 17 -2 -2  1  1  1
 -2 -2 17 17 17 17 -2 17 17 -2 17 17 -2  1  1  1  1
 -2 -2 -2 -2 -2 -2 -2 -2 -2 -2 -2 -2 -2  1 -2 -2 -2
 -2 -2 -2 -2 -2 -2  1  1  1  1 -2  1  1  1 -2 -2 -2
 -2 -2  1  1  1  1  1  1  1  1 -2  1  1  1 -2 -2 -2
  1  1  1  1  1  1  1  1  1  1 -2  1 -2  1  1  1 -2
  1  1  1  1  1  1  1  1  1 -2 -2 -2 -2  1  1  1 -2
  1  1  1  1  1  1  1  1  1  1  1  1  1  1  1 -2 -2
 -2 -2 -2 -2 -2  1  1  1  1  1 -2  1  1  1 -2 -2 -2
 -2 -2 -2 -2 -2  1  1  1  1  1 -2 -2 -2 -2 -2 -2 -2
 -2 -2 -2 -2 -2  1 -2 -2  1  1  1  1  1  1  1  1  1
 -2 -2 -2  1  1  1 -2 -2  1  1  1 -2  1  1  1 -2 -2



 -2 -2 -2 -2 -2 -2 -2 -2 -2 -2 -2 -2 -2  1  1 -2 -2
 -2 -2 -2 -2 -2 -2 -2 17 17 17 17 17 -2 -2 -2 -2 -2
 -2 17 -2 -2 17 17 17 17 17 17 17 17 17 -2  1  1  1
 -2 17 17 17 17 17 17 17 17 17 17 17 -2 -2  1  1  1
 -2 -2 17 17 17 17 -2 17 17 -2 17 17 -2  1  1  1  1
 -2 -2 -2 -2 -2 -2 -2 -2 -2 -2 -2 -2 -2  1 -2 -2 -2
 -2 -2 -2 -2 -2 -2  1  1  1  1 -2  1  1  1 -2 -2 -2
 -2 -2  1  1  1  1  1  1  1  1 -2  1  1  1 -2 -2 -2
  1  1  1  1  1  1  1  1  1  1 -2  1 -2  1  1  1 -2
  1  1  1  1  1  1  1  1  1 -2 -2 -2 -2  1  1  1 -2
  1  1  1  1  1  1  1  1  1  1  1  1  1  1  1 -2 -2
 -2 -2 -2 -2 -2  1  1  1  1  1 -2  1  1  1 -2 -2 -2
 -2 -2 -2 -2 -2  1  1  1  1  1 -2 -2 -2 -2 -2 -2 -2
 -2 -2 -2 -2 -2  1 -2 -2  1  1  1  1  1  1  1  1  1
 -2 -2 -2  1  1  1 -2 -2  1  1  1 -2  1  1  1 -2 -2



 -2 -2 -2 -2 -2 -2 -2 -2 -2 -2 -2 -2 -2  1  1 -2 -2
 -2 -2 -2 -2 -2 -2 -2 -2 -2 17 17 17 -2 -2 -2 -2 -2
 -2 17 -2 -2 17 17 17 17 17 17 17 17 17 -2  1  1  1
 -2 17 17 17 17 17 17 17 17 17 17 17 -2 -2  1  1  1
 -2 -2 17 17 17 17 -2 17 17 -2 17 17 -2  1  1  1  1
 -2 -2 -2 -2 -2 -2 -2 -2 -2 -2 -2 -2 -2  1 -2 -2 -2
 -2 -2 -2 -2 -2 -2  1  1  1  1 -2  1  1  1 -2 -2 -2
 -2 -2  1  1  1  1  1  1  1  1 -2  1  1  1 -2 -2 -2
  1  1  1  1  1  1  1  1  1  1 -2  1 -2  1  1  1 -2
  1  1  1  1  1  1  1  1  1 -2 -2 -2 -2  1  1  1 -2
  1  1  1  1  1  1  1  1  1  1  1  1  1  1  1 -2 -2
 -2 -2 -2 -2 -2  1  1  1  1  1 -2  1  1  1 -2 -2 -2
 -2 -2 -2 -2 -2  1  1  1  1  1 -2 -2 -2 -2 -2 -2 -2
 -2 -2 -2 -2 -2  1 -2 -2  1  1  1  1  1  1  1  1  1
 -2 -2 -2  1  1  1 -2 -2  1  1  1 -2  1  1  1 -2 -2



 -2 -2 -2 -2 -2 -2 -2 -2 -2 -2 -2 -2 -2  1  1 -2 -2
 -2 -2 -2 -2 -2 -2 -2 -2 -2 -2 -2 17 -2 -2 -2 -2 -2
 -2 17 -2 -2 17 17 17 17 17 17 17 17 17 -2  1  1  1
 -2 17 17 17 17 17 17 17 17 17 17 17 -2 -2  1  1  1
 -2 -2 17 17 17 17 -2 17 17 -2 17 17 -2  1  1  1  1
 -2 -2 -2 -2 -2 -2 -2 -2 -2 -2 -2 -2 -2  1 -2 -2 -2
 -2 -2 -2 -2 -2 -2  1  1  1  1 -2  1  1  1 -2 -2 -2
 -2 -2  1  1  1  1  1  1  1  1 -2  1  1  1 -2 -2 -2
  1  1  1  1  1  1  1  1  1  1 -2  1 -2  1  1  1 -2
  1  1  1  1  1  1  1  1  1 -2 -2 -2 -2  1  1  1 -2
  1  1  1  1  1  1  1  1  1  1  1  1  1  1  1 -2 -2
 -2 -2 -2 -2 -2  1  1  1  1  1 -2  1  1  1 -2 -2 -2
 -2 -2 -2 -2 -2  1  1  1  1  1 -2 -2 -2 -2 -2 -2 -2
 -2 -2 -2 -2 -2  1 -2 -2  1  1  1  1  1  1  1  1  1
 -2 -2 -2  1  1  1 -2 -2  1  1  1 -2  1  1  1 -2 -2



 -2 -2 -2 -2 -2 -2 -2 -2 -2 -2 -2 -2 -2  1  1 -2 -2
 -2 -2 -2 -2 -2 -2 -2 -2 -2 -2 -2 -2 -2 -2 -2 -2 -2
 -2 17 -2 -2 17 17 17 17 17 17 -2 -2 17 -2  1  1  1
 -2 17 17 17 17 17 17 17 17 17 17 17 -2 -2  1  1  1
 -2 -2 17 17 17 17 -2 17 17 -2 17 17 -2  1  1  1  1
 -2 -2 -2 -2 -2 -2 -2 -2 -2 -2 -2 -2 -2  1 -2 -2 -2
 -2 -2 -2 -2 -2 -2  1  1  1  1 -2  1  1  1 -2 -2 -2
 -2 -2  1  1  1  1  1  1  1  1 -2  1  1  1 -2 -2 -2
  1  1  1  1  1  1  1  1  1  1 -2  1 -2  1  1  1 -2
  1  1  1  1  1  1  1  1  1 -2 -2 -2 -2  1  1  1 -2
  1  1  1  1  1  1  1  1  1  1  1  1  1  1  1 -2 -2
 -2 -2 -2 -2 -2  1  1  1  1  1 -2  1  1  1 -2 -2 -2
 -2 -2 -2 -2 -2  1  1  1  1  1 -2 -2 -2 -2 -2 -2 -2
 -2 -2 -2 -2 -2  1 -2 -2  1  1  1  1  1  1  1  1  1
 -2 -2 -2  1  1  1 -2 -2  1  1  1 -2  1  1  1 -2 -2



 -2 -2 -2 -2 -2 -2 -2 -2 -2 -2 -2 -2 -2  1  1 -2 -2
 -2 -2 -2 -2 -2 -2 -2 -2 -2 -2 -2 -2 -2 -2 -2 -2 -2
 -2 -2 -2 -2 17 17 17 17 17 17 -2 -2 17 -2  1  1  1
 -2 -2 17 17 17 17 17 17 17 17 17 17 -2 -2  1  1  1
 -2 -2 17 17 17 17 -2 17 17 -2 17 17 -2  1  1  1  1
 -2 -2 -2 -2 -2 -2 -2 -2 -2 -2 -2 -2 -2  1 -2 -2 -2
 -2 -2 -2 -2 -2 -2  1  1  1  1 -2  1  1  1 -2 -2 -2
 -2 -2  1  1  1  1  1  1  1  1 -2  1  1  1 -2 -2 -2
  1  1  1  1  1  1  1  1  1  1 -2  1 -2  1  1  1 -2
  1  1  1  1  1  1  1  1  1 -2 -2 -2 -2  1  1  1 -2
  1  1  1  1  1  1  1  1  1  1  1  1  1  1  1 -2 -2
 -2 -2 -2 -2 -2  1  1  1  1  1 -2  1  1  1 -2 -2 -2
 -2 -2 -2 -2 -2  1  1  1  1  1 -2 -2 -2 -2 -2 -2 -2
 -2 -2 -2 -2 -2  1 -2 -2  1  1  1  1  1  1  1  1  1
 -2 -2 -2  1  1  1 -2 -2  1  1  1 -2  1  1  1 -2 -2



 -2 -2 -2 -2 -2 -2 -2 -2 -2 -2 -2 -2 -2  1  1 -2 -2
 -2 -2 -2 -2 -2 -2 -2 -2 -2 -2 -2 -2 -2 -2 -2 -2 -2
 -2 -2 -2 -2 -2 17 17 17 17 17 -2 -2 17 -2  1  1  1
 -2 -2 17 17 17 17 17 17 17 17 17 17 -2 -2  1  1  1
 -2 -2 17 17 17 17 -2 17 17 -2 17 17 -2  1  1  1  1
 -2 -2 -2 -2 -2 -2 -2 -2 -2 -2 -2 -2 -2  1 -2 -2 -2
 -2 -2 -2 -2 -2 -2  1  1  1  1 -2  1  1  1 -2 -2 -2
 -2 -2  1  1  1  1  1  1  1  1 -2  1  1  1 -2 -2 -2
  1  1  1  1  1  1  1  1  1  1 -2  1 -2  1  1  1 -2
  1  1  1  1  1  1  1  1  1 -2 -2 -2 -2  1  1  1 -2
  1  1  1  1  1  1  1  1  1