Heatmap:
 26 25 24 23 22 21 20 19 18 17 16 15 14 13 12 13 14
 25 24 23 22 21 20 19 18 17 16 15 14 13 12 11 12 13
 24 23 22 21 20 19 18 17 16 15 14 13 12 11 10 11 12
 23 22 21 20 19 18 17 16 15 14 13 12 11 10  9 10 11
 22 21 20 19 18 17 16 15 14 13 12 11 10  9  8  9 10
 21 20 19 18 17 16 15 14 13 12 11 10  9  8  7  8  9
 20 19 18 17 16 15 14 13 12 11 10  9  8  7  6  7  8
 19 18 17 16 15 14 13 12 11 10  9  8  7  6  5  6  7
 18 17255 15 14 13 12 11 10  9  8  7  6  5  4  5  6
 17 16 15 14 13 12 11 10  9  8  7  6  5  4  3  4  5
 16 15 14 13 12 11 10  9  8  7  6  5  4  3  2  3  4
 15 14 13 12 11 10  9  8  7  6  5  4  3  2  1  2  3
 14 13 12 11 10  9  8  7  6  5  4  3  2  1  0  1  2
 15 14 13 12 11 10  9  8  7  6  5  4  3  2  1  2  3
 16 15 14 13 12 11 10  9  8  7  6  5  4  3  2  3  4
Heatmap:
 25 24 23 22 21 20 19 18 17 16 15 14 13 12 12 13 14
 24 23 22 21 20 19 18 17 16 15 14 13 12 11 11 12 13
 23 22 21 20 19 18 17 16 15 14 13 12 11 10 10 11 12
 22 21 20 19 18 17 16 15 14 13 12 11 10  9  9 10 11
 21 20 19 18 17 16 15 14 13 12 11 10  9  8  8  9 10
 20 19 18 17 16 15 14 13 12 11 10  9  8  7  7  8  9
 19 18 17 16 15 14 13 12 11 10  9  8  7  6  6  7  8
 18 17 16 15 14 13 12 11 10  9  8  7  6  5  5  6  7
 17 16255 14 13 12 11 10  9  8  7  6  5  4  4  5  6
 16 15255 13 12 11 10  9  8  7  6  5  4  3  3  4  5
 15 14 13 12 11 10  9  8  7  6  5  4  3  2  2  3  4
 14 13 12 11 10  9  8  7  6  5  4  3  2  1  1  2  3
 13 12 11 10  9  8  7  6  5  4  3  2  1  0  0  1  2
 14 13 12 11 10  9  8  7  6  5  4  3  2  1  1  2  3
 15 14 13 12 11 10  9  8  7  6  5  4  3  2  2  3  4
Heatmap:
 24 23 22 21 20 19 18 17 16 15 14 13 12 11 12 13 14
 23 22 21 20 19 18 17 16 15 14 13 12 11 10 11 12 13
 22 21 20 19 18 17 16 15 14 13 12 11 10  9 10 11 12
 21 20 19 18 17 16 15 14 13 12 11 10  9  8  9 10 11
 20 19 18 17 16 15 14 13 12 11 10  9  8  7  8  9 10
 19 18 17 16 15 14 13 12 11 10  9  8  7  6  7  8  9
 18 17 16 15 14 13 12 11 10  9  8  7  6  5  6  7  8
 17 16 15 14 13 12 11 10  9  8  7  6  5  4  5  6  7
 16 17255 13 12 11 10  9  8  7  6  5  4  3  4  5  6
 15 16255 12 11 10  9  8  7  6  5  4  3  2  3  4  5
 14255255 11 10  9  8  7  6  5  4  3  2  1  2  3  4
 13 12 11 10  9  8  7  6  5  4  3  2  1  0  1  2  3
 13 12 11 10  9  8  7  6  5  4  3  2  1  0  0  1  2
 14 13 12 11 10  9  8  7  6  5  4  3  2  1  1  2  3
 15 14 13 12 11 10  9  8  7  6  5  4  3  2  2  3  4
Heatmap:
 23 22 21 20 19 18 17 16 15 14 13 12 11 10 11 12 13
 22 21 20 19 18 17 16 15 14 13 12 11 10  9 10 11 12
 21 20 19 18 17 16 15 14 13 12 11 10  9  8  9 10 11
 20 19 18 17 16 15 14 13 12 11 10  9  8  7  8  9 10
 19 18 17 16 15 14 13 12 11 10  9  8  7  6  7  8  9
 18 17 16 15 14 13 12 11 10  9  8  7  6  5  6  7  8
 17 16 15 14 13 12 11 10  9  8  7  6  5  4  5  6  7
 16 15 14 13 12 11 10  9  8  7  6  5  4  3  4  5  6
 17 16255 12 11 10  9  8  7  6  5  4  3  2  3  4  5
 18 17255 11 10  9  8  7  6  5  4  3  2  1  2  3  4
255255255 10  9  8  7  6  5  4  3  2  1  0  1  2  3
 12 11 10  9  8  7  6  5  4  3  2  1  0  0  1  2  3
 13 12 11 10  9  8  7  6  5  4  3  2  1  0  0  1  2
 14 13 12 11 10  9  8  7  6  5  4  3  2  1  1  2  3
 15 14 13 12 11 10  9  8  7  6  5  4  3  2  2  3  4
Heatmap:
 20 19 18 17 16 15 14 13 12 11 10  9  9 10 11 12 13
 19 18 17 16 15 14 13 12 11 10  9  8  8  9 10 11 12
 18 17 16 15 14 13 12 11 10  9  8  7  7  8  9 10 11
 17 16 15 14 13 12 11 10  9  8  7  6  6  7  8  9 10
 16 15 14 13 12 11 10  9  8  7  6  5  5  6  7  8  9
 15 14 13 12 11 10  9  8  7  6  5  4  4  5  6  7  8
 14 13 12 11 10  9  8  7  6  5  4  3  3  4  5  6  7
 13 12 11 10  9  8  7  6  5  4  3  2  2  3  4  5  6
 14 13255  9  8  7  6  5  4  3  2  1  1  2  3  4  5
 15 14255  8  7  6  5  4  3  2  1  0  0  1  2  3  4
255255255  8  7  6  5  4  3  2  1  0  0  0  1  2  3
255 11 10  9  8  7  6  5  4  3  2  1  0  0  1  2  3
 13 12 11 10  9  8  7  6  5  4  3  2  1  0  0  1  2
 14 13 12 11 10  9  8  7  6  5  4  3  2  1  1  2  3
 15 14 13 12 11 10  9  8  7  6  5  4  3  2  2  3  4
Heatmap:
 19 18 17 16 15 14 13 12 11 10  9  8  9 10 11 12 13
 18 17 16 15 14 13 12 11 10  9  8  7  8  9 10 11 12
 17 16 15 14 13 12 11 10  9  8  7  6  7  8  9 10 11
 16 15 14 13 12 11 10  9  8  7  6  5  6  7  8  9 10
 15 14 13 12 11 10  9  8  7  6  5  4  5  6  7  8  9
 14 13 12 11 10  9  8  7  6  5  4  3  4  5  6  7  8
 13 12 11 10  9  8  7  6  5  4  3  2  3  4  5  6  7
 12 11 10  9  8  7  6  5  4  3  2  1  2  3  4  5  6
 13 12255  8  7  6  5  4  3  2  1  0  1  2  3  4  5
 14 13255  8  7  6  5  4  3  2  1  0  0  1  2  3  4
255255255  8  7  6  5  4  3  2  1  0  0  0  1  2  3
255 11 10  9  8  7  6  5  4  3  2  1  0  0  1  2  3
255 12 11 10  9  8  7  6  5  4  3  2  1  0  0  1  2
 14 13 12 11 10  9  8  7  6  5  4  3  2  1  1  2  3
 15 14 13 12 11 10  9  8  7  6  5  4  3  2  2  3  4
Heatmap:
 16 15 14 13 12 11 10  9  8  7  7  7  8  9 10 11 12
 15 14 13 12 11 10  9  8  7  6  6  6  7  8  9 10 11
 14 13 12 11 10  9  8  7  6  5  5  5  6  7  8  9 10
 13 12 11 10  9  8  7  6  5  4  4  4  5  6  7  8  9
 12 11 10  9  8  7  6  5  4  3  3  3  4  5  6  7  8
 11 10  9  8  7  6  5  4  3  2  2  2  3  4  5  6  7
 10  9  8  7  6  5  4  3  2  1  1  1  2  3  4  5  6
  9  8  7  6  5  4  3  2  1  0  0  0  1  2  3  4  5
 10  9255  7  6  5  4  3  2  1  1  0  1  2  3  4  5
 11 10255  8  7  6  5  4  3  2  1  0  0  1  2  3  4
255255255  8  7  6  5  4  3  2  1  0  0  0  1  2  3
255 11 10  9  8  7  6  5  4  3  2  1  0  0  1  2  3
255 12 11 10  9  8  7  6  5  4  3  2  1  0  0255255
255 13 12 11 10  9  8  7  6  5  4  3  2  1  1  2255
 15 14 13 12 11 10  9  8  7  6  5  4  3  2  2  3  4
Heatmap:
 15 14 13 12 11 10  9  8  7  6  7  7  8  9 10 11 12
 14 13 12 11 10  9  8  7  6  5  6  6  7  8  9 10 11
 13 12 11 10  9  8  7  6  5  4  5  5  6  7  8  9 10
 12 11 10  9  8  7  6  5  4  3  4  4  5  6  7  8  9
 11 10  9  8  7  6  5  4  3  2  3  3  4  5  6  7  8
 10  9  8  7  6  5  4  3  2  1  2  2  3  4  5  6  7
  9  8  7  6  5  4  3  2  1  0  1  1  2  3  4  5  6
  9  8  7  6  5  4  3  2  1  0  0  0  1  2  3  4  5
 10  9255  7  6  5  4  3  2  1  1  0  1  2  3  4  5
 11 10255  8  7  6  5  4  3  2  1  0  0  1  2  3  4
255255255  8  7  6  5  4  3  2  1  0  0  0  1  2  3
255 11 10  9  8  7  6  5  4  3  2  1  0  0  1  2  3
255 12 11 10  9  8  7  6  5  4  3  2  1  0  0255255
255 13 12 11 10  9  8  7  6  5  4  3  2  1255255255
 15 14 13 12 11 10  9  8  7  6  5  4  3  2  3255255
Heatmap:
 14 13 12 11 10  9  8  7  6  6  7  7  8  9 10 11 12
 13 12 11 10  9  8  7  6  5  5  6  6  7  8  9 10 11
 12 11 10  9  8  7  6  5  4  4  5  5  6  7  8  9 10
 11 10  9  8  7  6  5  4  3  3  4  4  5  6  7  8  9
 10  9  8  7  6  5  4  3  2  2  3  3  4  5  6  7  8
  9  8  7  6  5  4  3  2  1  1  2  2  3  4  5  6  7
  8  7  6  5  4  3  2  1  0  0  1  1  2  3  4  5  6
  9  8  7  6  5  4  3  2  1  0  0  0  1  2  3  4  5
 10  9255  7  6  5  4  3  2  1  1  0  1  2  3  4  5
 11 10255  8  7  6  5  4  3  2  1  0  0  1  2  3  4
255255255  8  7  6  5  4  3  2  1  0  0  0  1  2  3
255 11 10  9  8  7  6  5  4  3  2  1  0  0  1  2  3
255 12 11 10  9  8  7  6  5  4  3  2  1  0  0255255
255 13 12 11 10  9  8  7  6  5  4  3  2255255255255
 15 14 13 12 11 10  9  8  7  6  5  4  3  4  5255255
Heatmap:
 13 12 11 10  9  8  7  6  6  6  7  7  8  9 10 11 12
 12 11 10  9  8  7  6  5  5  5  6  6  7  8  9 10 11
 11 10  9  8  7  6  5  4  4  4  5  5  6  7  8  9 10
 10  9  8  7  6  5  4  3  3  3  4  4  5  6  7  8  9
  9  8  7  6  5  4  3  2  2  2  3  3  4  5  6  7  8
  8  7  6  5  4  3  2  1  1  1  2  2  3  4  5  6  7
  7  6  5  4  3  2  1  0  0  0  1  1  2  3  4  5  6
  8  7  6  5  4  3  2  1  1  0  0  0  1  2  3  4  5
  9  8255  6  5  4  3  2  2  1  1  0  1  2  3  4  5
 10  9255  7  6  5  4  3  3  2  1  0  0  1  2  3  4
255255255  8  7  6  5  4  3  2  1  0  0  0  1  2  3
255 11 10  9  8  7  6  5  4  3  2  1  0  0  1  2  3
255 12 11 10  9  8  7  6  5  4  3  2  1  0  0255255
255 13 12 11 10  9  8  7  6  5  4  3255255255255255
 15 14 13 12 11 10  9  8  7  6  5  4  5  6  7255255
Heatmap:
 12 11 10  9  8  7  6  6  6  6  7  7  8  9 10 11 12
 11 10  9  8  7  6  5  5  5  5  6  6  7  8  9 10 11
 10  9  8  7  6  5  4  4  4  4  5  5  6  7  8  9 10
  9  8  7  6  5  4  3  3  3  3  4  4  5  6  7  8  9
  8  7  6  5  4  3  2  2  2  2  3  3  4  5  6  7  8
  7  6  5  4  3  2  1  1  1  1  2  2  3  4  5  6  7
  6  5  4  3  2  1  0  0  0  0  1  1  2  3  4  5  6
  7  6  5  4  3  2  1  1  1  0  0  0  1  2  3  4  5
  8  7255  5  4  3  2  2  2  1  1  0  1  2  3  4  5
  9  8255  6  5  4  3  3  3  2  1  0  0  1  2  3  4
255255255  7  6  5  4  4  3  2  1  0  0  0  1  2255
255 10  9  8  7  6  5  5  4  3  2  1  0  0  1  2  3
255 11 10  9  8  7  6  6  5  4  3  2  1  0  0255255
255 12 11 10  9  8  7  7  6  5  4  3255255255255255
 14 13 12 11 10  9  8  8  7  6  5  4  5  6  7255255
Heatmap:
 11 10  9  8  7  6  5  6  6  6  7  7  8  9 10 11 12
 10  9  8  7  6  5  4  5  5  5  6  6  7  8  9 10 11
  9  8  7  6  5  4  3  4  4  4  5  5  6  7  8  9 10
  8  7  6  5  4  3  2  3  3  3  4  4  5  6  7  8  9
  7  6  5  4  3  2  1  2  2  2  3  3  4  5  6  7  8
  6  5  4  3  2  1  0  1  1  1  2  2  3  4  5  6  7
  6  5  4  3  2  1  0  0  0  0  1  1  2  3  4  5  6
  7  6  5  4  3  2  1  1  1  0  0  0  1  2  3  4  5
  8  7255  5  4  3  2  2  2  1  1  0  1  2  3  4  5
  9  8255  6  5  4  3  3  3  2  1  0  0  1  2  3  4
255255255  7  6  5  4  4  3  2  1  0  0  0  1  2255
255 10  9  8  7  6  5  5  4  3  2  1  0  0  1  2  3
255 11 10  9  8  7  6  6  5  4  3  2255  0  0255255
255 12 11 10  9  8  7  7  6  5  4  3255255255255255
 14 13 12 11 10  9  8  8  7  6  5  4  5  6  7255255
Heatmap:
 10  9  8  7  6  5  5  6  6  6  7  7  8  9 10 11 12
  9  8  7  6  5  4  4  5  5  5  6  6  7  8  9 10 11
  8  7  6  5  4  3  3  4  4  4  5  5  6  7  8  9 10
  7  6  5  4  3  2  2  3  3  3  4  4  5  6  7  8  9
  6  5  4  3  2  1  1  2  2  2  3  3  4  5  6  7  8
  5  4  3  2  1  0  0  1  1  1  2  2  3  4  5  6  7
  6  5  4  3  2  1  0  0  0  0  1  1  2  3  4  5  6
  7  6  5  4  3  2  1  1  1  0  0  0  1  2  3  4  5
  8  7255  5  4  3  2  2  2  1  1  0  1  2  3  4  5
  9  8255  6  5  4  3  3  3  2  1  0  0  1  2  3  4
255255255  7  6  5  4  4  3  2  1  0  0  0  1255255
255 10  9  8  7  6  5  5  4  3  2  1  0  0  1  2  3
255 11 10  9  8  7  6  6  5  4  3  2255  0  0255255
255 12 11 10  9  8  7  7  6  5  4  3255255255255255
 14 13 12 11 10  9  8  8  7  6  5  4  5  6  7255255
Heatmap:
  9  8  7  6  5  5  5  6  6  6  7  7  8  9 10 11 12
  8  7  6  5  4  4  4  5  5  5  6  6  7  8  9 10 11
  7  6  5  4  3  3  3  4  4  4  5  5  6  7  8  9 10
  6  5  4  3  2  2  2  3  3  3  4  4  5  6  7  8  9
  5  4  3  2  1  1  1  2  2  2  3  3  4  5  6  7  8
  4  3  2  1  0  0  0  1  1  1  2  2  3  4  5  6  7
  5  4  3  2  1  1  0  0  0  0  1  1  2  3  4  5  6
  6  5  4  3  2  2  1  1  1  0  0  0  1  2  3  4  5
  7  6255  4  3  3  2  2  2  1  1  0  1  2  3  4  5
  8  7255  5  4  4  3  3  3  2  1  0  0  1  2  3  4
255255255  6  5  5  4  4  3  2  1  0  0  0  1255255
255  9  8  7  6  6  5  5  4  3  2  1  0  0  1255 -1
255 10  9  8  7  7  6  6  5  4  3  2255  0  0255255
255 11 10  9  8  8  7  7  6  5  4  3255255255255255
 13 12 11 10  9  9  8  8  7  6  5  4  5  6  7255255
Heatmap:
  8  7  6  5  4  5  5  6  6  6  7  7  8  9 10 11 12
  7  6  5  4  3  4  4  5  5  5  6  6  7  8  9 10 11
  6  5  4  3  2  3  3  4  4  4  5  5  6  7  8  9 10
  5  4  3  2  1  2  2  3  3  3  4  4  5  6  7  8  9
  4  3  2  1  0  1  1  2  2  2  3  3  4  5  6  7  8
  4  3  2  1  0  0  0  1  1  1  2  2  3  4  5  6  7
  5  4  3  2  1  1  0  0  0  0  1  1  2  3  4  5  6
  6  5  4  3  2  2  1  1  1  0  0  0  1  2  3  4  5
  7  6255  4  3  3  2  2  2  1  1  0  1  2  3  4  5
  8  7255  5  4  4  3  3  3  2  1  0  0  1  2  3  4
255255255  6  5  5  4  4  3  2  1  0  0  0  1255255
255  9  8  7  6  6  5  5  4  3  2  1  0  0  1255255
255 10  9  8  7  7  6  6  5  4  3  2255  0  0255255
255 11 10  9  8  8  7  7  6  5  4  3255255255255255
 13 12 11 10  9  9  8  8  7  6  5  4  5  6  7255255
Heatmap:
  7  6  5  4  4  5  5  6  6  6  7  7  8  9 10 11 12
  6  5  4  3  3  4  4  5  5  5  6  6  7  8  9 10 11
  5  4  3  2  2  3  3  4  4  4  5  5  6  7  8  9 10
  4  3  2  1  1  2  2  3  3  3  4  4  5  6  7  8  9
  3  2  1  0  0  1  1  2  2  2  3  3  4  5  6  7  8
  4  3  2  1  0  0  0  1  1  1  2  2  3  4  5  6  7
  5  4  3  2  1  1  0  0  0  0  1  1  2  3  4  5  6
  6  5  4  3  2  2  1  1  1  0  0  0  1  2  3  4  5
  7  6255  4  3  3  2  2  2  1  1  0  1  2  3  4  5
  8  7255  5  4  4  3  3  3  2  1  0  0  1  2  3  4
255255255  6  5  5  4  4  3  2  1  0  0  0255255255
255  9  8  7  6  6  5  5  4  3  2  1  0  0  1255255
255 10  9  8  7  7  6  6  5  4  3  2255  0  0255255
255 11 10  9  8  8  7  7  6  5  4  3255255255255255
 13 12 11 10  9  9  8  8  7  6  5  4  5  6  7255255
Heatmap:
  5  4  3  3  4  5  5  6  6  6  7  7  8  9 10 11 12
  4  3  2  2  3  4  4  5  5  5  6  6  7  8  9 10 11
  3  2  1  1  2  3  3  4  4  4  5  5  6  7  8  9 10
  2  1  0  0  1  2  2  3  3  3  4  4  5  6  7  8  9
  2  1  0  0  0  1  1  2  2  2  3  3  4  5  6  7  8
  3  2  1  1  0  0  0  1  1  1  2  2  3  4  5  6  7
  4  3  2  2  1  1  0  0  0  0  1  1  2  3  4  5  6
  5  4  3  3  2  2  1  1  1  0  0  0  1  2  3  4  5
  6  5255  4  3  3  2  2  2  1  1  0  1  2  3  4  5
  7  6255  5  4  4  3  3  3  2  1  0  0  1  2  3  4
255255255  6  5  5  4  4  3  2  1  0  0  0255255255
255  9  8  7  6  6  5  5  4  3  2  1  0  0255255255
255 10  9  8  7  7  6  6  5  4  3  2255  0  0255255
255 11 10  9  8  8  7  7  6  5  4  3255255255255255
 13 12 11 10  9  9  8  8  7  6  5  4  5  6  7255255
Heatmap:
  4  3  3  3  4  5  5  6  6  6  7  7  8  9 10 11 12
  3  2  2  2  3  4  4  5  5  5  6  6  7  8  9 10 11
  2  1  1  1  2  3  3  4  4  4  5  5  6  7  8  9 10
  1  0  0  0  1  2  2  3  3  3  4  4  5  6  7  8  9
  2  1  0  0  0  1  1  2  2  2  3  3  4  5  6  7  8
  3  2  1  1  0  0  0  1  1  1  2  2  3  4  5  6  7
  4  3  2  2  1  1  0  0  0  0  1  1  2  3  4  5  6
  5  4  3  3  2  2  1  1  1  0  0  0  1  2  3  4  5
  6  5255  4  3  3  2  2  2  1  1  0  1  2  3  4  5
  7  6255  5  4  4  3  3  3  2  1  0  0  1  2  3  4
255255255  6  5  5  4  4  3  2  1  0  0  0255255255
255  9  8  7  6  6  5  5  4  3  2255  0  0255255255
255 10  9  8  7  7  6  6  5  4  3255255  0  0255255
255 11 10  9  8  8  7  7  6  5  4255255255255255255
 13 12 11 10  9  9  8  8  7  6  5  6  7  8  9255255
Heatmap:
  3  2  3  3  4  5  5  6  6  6  7  7  8  9 10 11 12
  2  1  2  2  3  4  4  5  5  5  6  6  7  8  9 10 11
  1  0  1  1  2  3  3  4  4  4  5  5  6  7  8  9 10
  1  0  0  0  1  2  2  3  3  3  4  4  5  6  7  8  9
  2  1  0  0  0  1  1  2  2  2  3  3  4  5  6  7  8
  3  2  1  1  0  0  0  1  1  1  2  2  3  4  5  6  7
  4  3  2  2  1  1  0  0  0  0  1  1  2  3  4  5  6
  5  4  3  3  2  2  1  1  1  0  0  0  1  2  3  4  5
  6  5255  4  3  3  2  2  2  1  1  0  1  2  3  4  5
  7  6255  5  4  4  3  3  3  2  1  0  0255255255  6
255255255  6  5  5  4  4  3  2  1  0  0  0255255255
255  9  8  7  6  6  5  5  4  3  2255  0  0255255255
255 10  9  8  7  7  6  6  5  4  3255255  0  0255255
255 11 10  9  8  8  7  7  6  5  4255255255255255255
 13 12 11 10  9  9  8  8  7  6  5  6  7  8  9255255
Heatmap:
  2  2  3  3  4  5  5  6  6  6  7  7  8  9 10 11 12
  1  1  2  2  3  4  4  5  5  5  6  6  7  8  9 10 11
  0  0  1  1  2  3  3  4  4  4  5  5  6  7  8  9 10
  1  0  0  0  1  2  2  3  3  3  4  4  5  6  7  8  9
  2  1  0  0  0  1  1  2  2  2  3  3  4  5  6  7  8
  3  2  1  1  0  0  0  1  1  1  2  2  3  4  5  6  7
  4  3  2  2  1  1  0  0  0  0  1  1  2  3  4  5  6
  5  4  3  3  2  2  1  1  1  0  0  0  1  2  3  4  5
  6  5255  4  3  3  2  2  2  1  1  0  1  2  3  4  5
  7  6255  5  4  4  3  3  3  2  1  0  0255255255  6
255255255  6  5  5  4  4  3  2  1  0  0  0255255255
255  9  8  7  6  6  5  5  4  3255255  0  0255255255
255 10  9  8  7  7  6  6  5  4  5255255  0  0255255
255 11 10  9  8  8  7  7  6  5  6255255255255255255
 13 12 11 10  9  9  8  8  7  6  7  8  9 10 11255255
Heatmap:
  2  2  2  3  4  5  5  6  6  6  7  7  8  9 10 11 12
  1  1  1  2  3  4  4  5  5  5  6  6  7  8  9 10 11
  0  0  0  1  2  3  3  4  4  4  5  5  6  7  8  9 10
  1  0  0  0  1  2  2  3  3  3  4  4  5  6  7  8  9
  2  1  0  0  0  1  1  2  2  2  3  3  4  5  6  7  8
  3  2  1  1  0  0  0  1  1  1  2  2  3  4  5  6  7
  4  3  2  2  1  1  0  0  0  0  1  1  2  3  4  5  6
  5  4  3  3  2  2  1  1  1  0  0  0  1  2  3  4  5
  6  5255  4  3  3  2  2  2  1  1  0  1  2  3  4  5
  7  6255  5  4  4  3  3  3  2  1  0  0255255255  6
255255255  6  5  5  4  4  3  2  1  0  0  0255255255
255  9  8  7  6  6  5  5  4  3255255  0  0255255255
255 10  9  8  7  7  6  6  5  4  5255255  0  0255255
255 11 10  9  8  8  7  7  6  5  6255255255255255255
255 12 11 10  9  9  8  8  7  6  7  8  9 10 11255255
Heatmap:
  2  2  2  2  3  4  5  6  6  6  7  7  8  9 10 11 12
  1  1  1  1  2  3  4  5  5  5  6  6  7  8  9 10 11
  0  0  0  0  1  2  3  4  4  4  5  5  6  7  8  9 10
  1  0  0  0  1  2  2  3  3  3  4  4  5  6  7  8  9
  2  1  0  0  0  1  1  2  2  2  3  3  4  5  6  7  8
  3  2  1  1  0  0  0  1  1  1  2  2  3  4  5  6  7
  4  3  2  2  1  1  0  0  0  0  1  1  2  3  4  5  6
  5  4  3  3  2  2  1  1  1  0  0  0  1  2  3  4  5
  6  5255  4  3  3  2  2  2  1  1  0  1  2  3  4  5
  7  6255  5  4  4  3  3  3  2  1  0  0255255255  6
255255255  6  5  5  4  4255255255  0  0  0255255255
255  9  8  7  6  6  5  5  6255255255  0  0255255255
255 10  9  8  7  7  6  6  7  8  9255255  0  0255255
255 11 10  9  8  8  7  7  8  9 10255255255255255255
255 12 11 10  9  9  8  8  9 10 11 12 13 14 15255255
Heatmap:
  1  2  2  2  3  4  5  6  6  6  7  7  8  9 10 11 12
  0  1  1  1  2  3  4  5  5  5  6  6  7  8  9 10 11
  0  0  0  0  1  2  3  4  4  4  5  5  6  7  8  9 10
  1  0  0  0  1  2  2  3  3  3  4  4  5  6  7  8  9
  2  1  0  0  0  1  1  2  2  2  3  3  4  5  6  7  8
  3  2  1  1  0  0  0  1  1  1  2  2  3  4  5  6  7
  4  3  2  2  1  1  0  0  0  0  1  1  2  3  4  5  6
  5  4  3  3  2  2  1  1  1  0  0  0  1  2  3  4  5
  6  5255  4  3  3  2  2  2  1  1  0  1  2  3  4  5
  7  6255  5  4  4  3  3  3  2  1  0  0255255255  6
255255255  6  5  5  4  4255255255  0  0  0255255255
255  9  8  7  6  6  5  5  6255255255  0  0255255255
255 10  9  8  7  7  6  6  7  8  9255255  0  0255255
255 11 10  9  8  8  7  7  8  9 10255255255255255255
255255 11 10  9  9  8  8  9 10 11 12 13 14 15255255
Heatmap:
  1  2  2  2  2  3  4  5  6  6  7  7  8  9 10 11 12
  0  1  1  1  1  2  3  4  5  5  6  6  7  8  9 10 11
  0  0  0  0  0  1  2  3  4  4  5  5  6  7  8  9 10
  1  0  0  0  1  2  2  3  3  3  4  4  5  6  7  8  9
  2  1  0  0  0  1  1  2  2  2  3  3  4  5  6  7  8
  3  2  1  1  0  0  0  1  1  1  2  2  3  4  5  6  7
  4  3  2  2  1  1  0  0  0  0  1  1  2  3  4  5  6
  5  4  3  3  2  2  1  1  1  0  0  0  1  2  3  4  5
  6  5255  4  3  3  2  2  2  1  1  0255255  4  5  6
  7  6255  5  4  4  3  3  3  2  1  0  0255255255  7
255255255  6  5  5  4  4255255255  0  0  0255255255
255  9  8  7  6  6  5  5  6255255255  0  0255255255
255 10  9  8  7  7  6  6  7  8  9255255  0  0255255
255 11 10  9  8  8  7  7  8  9 10255255255255255255
255255 11 10  9  9  8  8  9 10 11 12 13 14 15255255
Heatmap:
  1  0  1  2  2  3  4  5  6  6  7  7  8  9 10 11 12
  0  0  0  1  1  2  3  4  5  5  6  6  7  8  9 10 11
  0  0  0  0  0  1  2  3  4  4  5  5  6  7  8  9 10
  1  0  0  0  1  2  2  3  3  3  4  4  5  6  7  8  9
  2  1  0  0  0  1  1  2  2  2  3  3  4  5  6  7  8
  3  2  1  1  0  0  0  1  1  1  2  2  3  4  5  6  7
  4  3  2  2  1  1  0  0  0  0  1  1  2  3  4  5  6
  5  4  3  3  2  2  1  1  1  0  0  0  1  2  3  4  5
  6  5255  4  3  3  2  2  2  1  1  0255255  4  5  6
  7  6255  5  4  4  3  3  3  2  1  0  0255255255  7
255255255  6  5  5  4  4255255255  0  0  0255255255
255  9  8  7  6  6  5  5  6255255255  0  0255255255
255 10  9  8  7  7  6  6  7  8  9255255  0  0255255
255 11 10  9  8  8  7  7  8  9 10255255255255255255
255255255255  9  9  8  8  9 10 11 12 13 14 15255255
Heatmap:
  0  0  1  2  2  3  4  5  6  6  7  7  8  9 10 11 12
  0  0  0  1  1  2  3  4  5  5  6  6  7  8  9 10 11
  0  0  0  0  0  1  2  3  4  4  5  5  6  7  8  9 10
  1  0  0  0  1  2  2  3  3  3  4  4  5  6  7  8  9
  2  1  0  0  0  1  1  2  2  2  3  3  4  5  6  7  8
  3  2  1  1  0  0  0  1  1  1  2  2  3  4  5  6  7
  4  3  2  2  1  1  0  0  0  0  1  1  2  3  4  5  6
  5  4  3  3  2  2  1  1  1  0  0  0  1  2  3  4  5
  6  5255  4  3  3  2  2  2  1  1  0255255  4  5  6
  7  6255  5  4  4  3  3  3  2  1  0  0255255255  7
255255255  6  5  5  4  4255255255  0  0  0255255255
255  9  8  7  6  6  5  5  6255255255  0  0255255255
255 10  9  8  7  7  6  6  7  8  9255255  0  0255255
255 11 10  9  8  8  7  7  8  9 10255255255255255255
255255255255255  9  8  8  9 10 11 12 13 14 15255255
Heatmap:
  0  0  1  1  2  3  4  5  6  6  7  7  8  9 10 11 12
  0  0  0  0  1  2  3  4  5  5  6  6  7  8  9 10 11
  0  0  0  0  0  1  2  3  4  4  5  5  6  7  8  9 10
  1  0  0  0  1  2  2  3  3  3  4  4  5  6  7  8  9
  2  1  0  0  0  1  1  2  2  2  3  3  4  5  6  7  8
  3  2  1  1  0  0  0  1  1  1  2  2  3  4  5  6  7
  4  3  2  2  1  1  0  0  0  0  1  1  2  3  4  5  6
  5  4  3  3  2  2  1  1  1  0  0  0  1  2  3  4  5
  6  5255  4  3  3  2  2  2  1  1  0255255  4  5  6
  7  6255  5  4  4  3  3  3  2  1  0  0255255255  7
255255255  6  5  5  4  4255255255  0  0  0255255255
255  9  8  7  6  6  5  5  6255255255  0  0255255255
255 10  9  8  7  7  6  6  7  8  9255255  0  0255255
255 11 10  9  8  8  7  7  8  9 10255255255255255255
255255255255255  9  8  8  9 10 11 12 13 14255255255
Heatmap:
  0  0255255  0  1  2  3  4  5  6  7  8  9 10 11 12
  0  0  0  0  0  1  2  3  4  5  6  6  7  8  9 10 11
  0  0  0  0  0  1  2  3  4  4  5  5  6  7  8  9 10
  1  0  0  0  1  2  2  3  3  3  4  4  5  6  7  8  9
  2  1  0  0  0  1  1  2  2  2  3  3  4  5  6  7  8
  3  2  1  1  0  0  0  1  1  1  2  2  3  4  5  6  7
  4  3  2  2  1  1  0  0  0  0  1  1  2  3  4  5  6
  5  4  3  3  2  2  1  1  1  0  0  0  1  2  3  4  5
  6  5255  4  3  3  2  2  2  1  1  0255255  4  5  6
  7  6255  5  4  4  3  3  3  2  1  0  0255255255  7
255255255  6  5  5  4  4255255255  0  0  0255255255
255  9  8  7  6  6  5  5  6255255255  0  0255255255
255 10  9  8  7  7  6  6  7  8  9255255  0  0255255
255 11 10  9  8  8  7  7  8  9 10255255255255255255
255255255255255  9  8  8  9 10 11 12 13 14255255255
Heatmap:
  0  0255255  0  0  0  1  2  3  4  5  6  7  8  9255
  0  0  0  0  0  1  1  2  3  4  5  6  7  8  9 10 11
  0  0  0  0  0  1  2  3  4  4  5  5  6  7  8  9 10
  1  0  0  0  1  2  2  3  3  3  4  4  5  6  7  8  9
  2  1  0  0  0  1  1  2  2  2  3  3  4  5  6  7  8
  3  2  1  1  0  0  0  1  1  1  2  2  3  4  5  6  7
  4  3  2  2  1  1  0  0  0  0  1  1  2  3  4  5  6
  5  4  3  3  2  2  1  1  1  0  0  0  1  2  3  4  5
  6  5255  4  3  3  2  2  2  1  1  0255255  4  5  6
  7  6255  5  4  4  3  3  3  2  1  0  0255255255  7
255255255  6  5  5  4  4255255255  0  0  0255255255
255  9  8  7  6  6  5  5  6255255255  0  0255255255
255 10  9  8  7  7  6  6  7  8  9255255  0  0255255
255 11 10  9  8  8  7  7  8  9 10255255255255255255
255255255255255  9  8  8  9 10 11 12 13 14255255255
Heatmap:
  0  0255255  0  0  0  0  1  2  3  4  5  6  7  8255
  0  0  0  0  0  0  0  1  2  3  4  5  6  7  8  9 10
  0  0  0  0  0  0  0  1  2  3  4  5  6  7  8  9 10
  1  0  0  0  1  1  1  2  3  3  4  4  5  6  7  8  9
  2  1  0  0  0  1  1  2  2  2  3  3  4  5  6  7  8
  3  2  1  1  0  0  0  1  1  1  2  2  3  4  5  6  7
  4  3  2  2  1  1  0  0  0  0  1  1  2  3  4  5  6
  5  4  3  3  2  2  1  1  1  0  0  0  1  2  3  4  5
  6  5255  4  3  3  2  2  2  1  1  0255255  4  5  6
  7  6255  5  4  4  3  3  3  2  1  0  0255255255  7
255255255  6  5  5  4  4255255255  0  0  0255255255
255  9  8  7  6  6  5  5  6255255255  0  0255255255
255 10  9  8  7  7  6  6  7  8  9255255  0  0255255
255 11 10  9  8  8  7  7  8  9 10255255255255255255
255255255255255255  8  8  9 10 11 12 13 14255255255
Heatmap:
  0  0255255  0  0  0  0  1  2  3  4  5  6  7  8255
  0  0  0  0  0  0  0  0  1  2  3  4  5  6  7  8  9
  0  0  0  0  0  0  0  1  2  3  4  5  6  7  8  9 10
  1  0  0  0  1  1  1  2  3  3  4  4  5  6  7  8  9
  2  1  0  0  0  1  1  2  2  2  3  3  4  5  6  7  8
  3  2  1  1  0  0  0  1  1  1  2  2  3  4  5  6  7
  4  3  2  2  1  1  0  0  0  0  1  1  2  3  4  5  6
  5  4  3  3  2  2  1  1  1  0  0  0  1  2  3  4  5
  6  5255  4  3  3  2  2  2  1  1  0255255  4  5  6
  7  6255  5  4  4  3  3  3  2  1  0  0255255255  7
255255255  6  5  5  4  4255255255  0  0  0255255255
255  9  8  7  6  6  5  5  6255255255  0  0255255255
255 10  9  8  7  7  6  6  7  8  9255255  0  0255255
255 11 10  9  8255255  7  8  9 10255255255255255255
255255255255255255255  8  9 10 11 12 13 14255255255
Heatmap:
  0  0255255  0  0  0  0  1  2  3  4  5  6  7  8255
  0  0  0  0  0  0  0  0  1  2  3  4  5  6  7  8  9
  0  0  0  0  0  0  0  0  1  2  3  4  5  6  7  8  9
  1  0  0  0  1  1  1  1  2  3  4  4  5  6  7  8  9
  2  1  0  0  0  1  1  2  2  2  3  3  4  5  6  7  8
  3  2  1  1  0  0  0  1  1  1  2  2  3  4  5  6  7
  4  3  2  2  1  1  0  0  0  0  1  1  2  3  4  5  6
  5  4  3  3  2  2  1  1  1  0  0  0  1  2  3  4  5
  6  5255  4  3  3  2  2  2  1  1  0255255  4  5  6
  7  6255  5  4  4  3  3  3  2  1  0  0255255255  7
255255255  6  5  5  4  4255255255  0  0  0255255255
255  9  8  7  6  6  5  5  6255255255  0  0255255255
255 10  9  8  7  7  6  6  7  8  9255255  0  0255255
255 11 10  9  8255255255  8  9 10255255255255255255
255255255255255255255255  9 10 11 12 13 14255255255
Heatmap:
  0  0255255  0  0  0  0  0  1  2  3  4  5  6  7255
  0  0  0  0  0  0  0  0  0  1  2  3  4  5  6  7  8
  0  0  0  0  0  0  0  0  1  2  3  4  5  6  7  8  9
  1  0  0  0  1  1  1  1  2  3  4  4  5  6  7  8  9
  2  1  0  0  0  1  1  2  2  2  3  3  4  5  6  7  8
  3  2  1  1  0  0  0  1  1  1  2  2  3  4  5  6  7
  4  3  2  2  1  1  0  0  0  0  1  1  2  3  4  5  6
  5  4  3  3  2  2  1  1  1  0  0  0  1  2  3  4  5
  6  5255  4  3  3  2  2  2  1  1  0255255  4  5  6
  7  6255  5  4  4  3  3  3  2  1  0  0255255255  7
255255255  6  5  5  4  4255255255  0  0  0255255255
255  9  8  7  6  6  5  5  6255255255  0  0255255255
255 10  9  8  7  7  6  6  7  8  9255255  0  0255255
255 11 10  9  8255255255  8  9 10255255255255255255
255255255255255255255255255 10 11 12 13 14255255255
Heatmap:
  0  0255255  0  0  0  0  0  0  1  2  3  4  5  6255
  0  0  0  0  0  0  0  0  0  1  2  3  4  5  6  7255
  0  0  0  0  0  0  0  0  1  2  3  4  5  6  7  8  9
  1  0  0  0  1  1  1  1  2  3  4  4  5  6  7  8  9
  2  1  0  0  0  1  1  2  2  2  3  3  4  5  6  7  8
  3  2  1  1  0  0  0  1  1  1  2  2  3  4  5  6  7
  4  3  2  2  1  1  0  0  0  0  1  1  2  3  4  5  6
  5  4  3  3  2  2  1  1  1  0  0  0  1  2  3  4  5
  6  5255  4  3  3  2  2  2  1  1  0255255  4  5  6
  7  6255  5  4  4  3  3  3  2  1  0  0255255255  7
255255255  6  5  5  4  4255255255  0  0  0255255255
255  9  8  7  6  6  5  5  6255255255  0  0255255255
255 10  9  8  7  7  6  6  7  8  9255255  0  0255255
255 11 10  9  8255255255  8  9 10255255255255255255
255255255255255255255255255 10 11 12 13 14255255255
Heatmap:
  0  0255255  0  0  0  0  0  0  0  1  2  3  4  5255
  0  0  0  0  0  0  0  0  0  1  0  1  2  3  4  5255
  0  0  0  0  0  0  0  0  1  2  1  2  3  4  5  6  7
  1  0  0  0  1  1  1  1  2  3  2  3  4  5  6  7  8
  2  1  0  0  0  1  1  2  2  2  3  3  4  5  6  7  8
  3  2  1  1  0  0  0  1  1  1  2  2  3  4  5  6  7
  4  3  2  2  1  1  0  0  0  0  1  1  2  3  4  5  6
  5  4  3  3  2  2  1  1  1  0  0  0  1  2  3  4  5
  6  5255  4  3  3  2  2  2  1  1  0255255  4  5  6
  7  6255  5  4  4  3  3  3  2  1  0  0255255255  7
255255255  6  5  5  4  4255255255  0  0  0255255255
255  9  8  7  6  6  5  5  6255255255  0  0255255255
255 10  9  8  7  7  6  6  7  8  9255255  0  0255255
255 11 10  9  8255255255  8  9 10255255255255255255
255255255255255255255255255255 11 12 13 14255255255
Heatmap:
  0  0255255  0  0  0  0  0  0  0  0  0  1  2  3255
  0  0  0  0  0  0  0  0  0  1  0  0  0  1  2  3255
  0  0  0  0  0  0  0  0  1  2  1  1  1  2  3  4255
  1  0  0  0  1  1  1  1  2  3  2  2  2  3  4  5  6
  2  1  0  0  0  1  1  2  2  2  3  3  3  4  5  6  7
  3  2  1  1  0  0  0  1  1  1  2  2  3  4  5  6  7
  4  3  2  2  1  1  0  0  0  0  1  1  2  3  4  5  6
  5  4  3  3  2  2  1  1  1  0  0  0  1  2  3  4  5
  6  5255  4  3  3  2  2  2  1  1  0255255  4  5  6
  7  6255  5  4  4  3  3  3  2  1  0  0255255255  7
255255255  6  5  5  4  4255255255  0  0  0255255255
255  9  8  7  6  6  5  5  6255255255  0  0255255255
255 10  9  8  7  7  6  6  7  8  9255255  0  0255255
255 11 10  9  8255255255  8  9 10255255255255255255
255255255255255255255255255255 11 12 13 14255255255
Heatmap:
  0  0255255  0  0  0  0  0  0  0  0  0  1  2  3255
  0  0  0  0  0  0  0  0  0  0  0  0  0  1  2  3255
  0  0  0  0  0  0  0  0  1  1  1  1  1  2  3  4255
  1  0  0  0  1  1  1  1  2  2  2  2  2  3  4  5  6
  2  1  0  0  0  1  1  2  2  2  3  3  3  4  5  6  7
  3  2  1  1  0  0  0  1  1  1  2  2  3  4  5  6  7
  4  3  2  2  1  1  0  0  0  0  1  1  2  3  4  5  6
  5  4  3  3  2  2  1  1  1  0  0  0  1  2  3  4  5
  6  5255  4  3  3  2  2  2  1  1  0255255  4  5  6
  7  6255  5  4  4  3  3  3  2  1  0  0255255255  7
255255255  6  5  5  4  4255255255  0  0  0255255255
255  9  8  7  6  6  5  5  6255255255  0  0255255255
255 10  9  8  7  7  6  6  7  8  9255255  0  0255255
255 11 10  9  8255255255  8  9 10255255255255255255
255255255255255255255255255255255 -1 -1 -1255255255
Heatmap:
  0  0255255  0  0  0  0  0  0  0  0  0  0  1  2255
  0  0  0  0  0  0  0  0  0  0  0  0  0  0  1  2255
  0  0  0  0  0  0  0  0  1  1  1  1  1  1  2  3255
  1  0  0  0  1  1  1  1  2  2  2  2  2  2  3  4  5
  2  1  0  0  0  1  1  2  2  2  3  3  3  3  4  5  6
  3  2  1  1  0  0  0  1  1  1  2  2  3  4  5  6  7
  4  3  2  2  1  1  0  0  0  0  1  1  2  3  4  5  6
  5  4  3  3  2  2  1  1  1  0  0  0  1  2  3  4  5
  6  5255  4  3  3  2  2  2  1  1  0255255  4  5  6
  7  6255  5  4  4  3  3  3  2  1  0  0255255255  7
255255255  6  5  5  4  4255255255  0  0  0255255255
255  9  8  7  6  6  5  5  6255255255  0  0255255255
255 10  9  8  7  7  6  6  7  8  9255255  0  0255255
255 11 10  9  8255255255  8  9 10255255255255255255
255255255255255255255255255255255255255 -1255255255
Heatmap:
  0  0255255  0  0  0  0  0  0  0  0  0  0255255255
  0  0  0  0  0  0  0  0  0  0  0  0  0  0  0  0255
  0  0  0  0  0  0  0  0  1  1  1  1  1  1  1  1255
  1  0  0  0  1  1  1  1  2  2  2  2  2  2  2  2  3
  2  1  0  0  0  1  1  2  2  2  3  3  3  3  3  3  4
  3  2  1  1  0  0  0  1  1  1  2  2  3  4  4  4  5
  4  3  2  2  1  1  0  0  0  0  1  1  2  3  4  5  6
  5  4  3  3  2  2  1  1  1  0  0  0  1  2  3  4  5
  6  5255  4  3  3  2  2  2  1  1  0255255  4  5  6
  7  6255  5  4  4  3  3  3  2  1  0  0255255255  7
255255255  6  5  5  4  4255255255  0  0  0255255255
255  9  8  7  6  6  5  5  6255255255  0  0255255255
255 10  9  8  7  7  6  6  7  8  9255255  0  0255255
255 11 10  9  8255255255  8  9 10255255255255255255
255255255255255255255255255255255255255 -1255255255
Heatmap:
  0  0255255  0  0  0  0  0  0  0  0  0  0255255255
  0  0  0  0  0  0  0  0  0  0  0  0  0  0  0  0255
  0  0  0  0  0  0  0  0  0  1  1  1  1  1  1  1255
  1  0  0  0  1  1  1  1  1  2  2  2  2  2  2  2  3
  2  1  0  0  0  1  1  2  2  2  3  3  3  3  3  3  4
  3  2  1  1  0  0  0  1  1  1  2  2  3  4  4  4  5
  4  3  2  2  1  1  0  0  0  0  1  1  2  3  4  5  6
  5  4  3  3  2  2  1  1  1  0  0  0  1  2  3  4  5
  6  5255  4  3  3  2  2  2  1  1  0255255  4  5  6
  7  6255  5  4  4  3  3  3  2  1  0  0255255255  7
255255255  6  5  5  4  4255255255  0  0  0255255255
255  9  8  7  6  6  5  5  6255255255  0  0255255255
255 10  9  8  7  7  6  6  7  8  9255255  0  0255255
255 11 10  9  8255255255  8  9 10255255255255255255
255255255255255255255255255255255255255255255255255
Heatmap:
  0  0255255  0  0  0  0  0  0  0  0  0  0255255255
  0  0  0  0  0  0  0  0  0  0  0  0  0  0  0  0255
  0  0  0  0  0  0  0  0  0  0  0  0  1  1  1  1255
  1  0  0  0  1  1  1  1  1  1  1  1  2  2  2  2  3
  2  1  0  0  0  1  1  2  2  2  2  2  3  3  3  3  4
  3  2  1  1  0  0  0  1  1  1  2  2  3  4  4  4  5
  4  3  2  2  1  1  0  0  0  0  1  1  2  3  4  5  6
  5  4  3  3  2  2  1  1  1  0  0  0255  4  5  6  7
  6  5255  4  3  3  2  2  2  1  1  0255255  6  7  8
  7  6255  5  4  4  3  3  3  2  1  0  0255255255  9
255255255  6  5  5  4  4255255255  0  0  0255255255
255  9  8  7  6  6  5  5  6255255255  0  0255255255
255 10  9  8  7  7  6  6  7  8  9255255  0  0255255
255 11 10  9  8255255255  8  9 10255255255255255255
255255255255255255255255255255255255255255255255255
Heatmap:
  0  0255255  0  0  0  0  0  0  0  0  0  0255255255
  0  0  0  0  0  0  0  0  0  0  0  0  0  0  0  0255
  0  0  0  0  0  0  0  0  0  0  0  0  0  0  0  1255
  1  0  0  0  1  1  1  1  1  1  1  1  1  1  1  2  3
  2  1  0  0  0  1  1  2  2  2  2  2  2  2  2  3  4
  3  2  1  1  0  0  0  1  1  1  2  2  3  3  3  4  5
  4  3  2  2  1  1  0  0  0  0  1  1  2  3  4  5  6
  5  4  3  3  2  2  1  1  1  0  0  0255  4  5  6  7
  6  5255  4  3  3  2  2  2  1  1  0255255  6  7  8
  7  6255  5  4  4  3  3  3  2255  0  0255255255  9
255255255  6  5  5  4  4255255255  0  0  0255255255
255  9  8  7  6  6  5  5  6255255255  0  0255255255
255 10  9  8  7  7  6  6  7  8  9255255  0  0255255
255 11 10  9  8255255255  8  9 10255255255255255255
255255255255255255255255255255255255255255255255255
Heatmap:
  0  0255255  0  0  0  0  0  0  0  0  0  0255255255
  0  0  0  0  0  0  0  0  0  0  0  0  0  0  0  0255
  0  0  0  0  0  0  0  0  0  0  0  0  0  0  0255255
  0  0  0  0  1  1  1  1  1  1  1  1  1  1  1  2  3
  1  1  0  0  0  1  1  2  2  2  2  2  2  2  2  3  4
  2  2  1  1  0  0  0  1  1  1  2  2  3  3  3  4  5
  3  3  2  2  1  1  0  0  0  0  1  1  2  3  4  5  6
  4  4  3  3  2  2  1  1  1  0  0  0255  4  5  6  7
  5  5255  4  3  3  2  2  2  1  1  0255255  6  7  8
  6  6255  5  4  4  3  3  3  2255  0  0255255255  9
255255255  6  5  5  4  4255255255  0  0  0255255255
255  9  8  7  6  6  5  5  6255255255  0  0255255255
255 10  9  8  7  7  6  6  7  8  9255255  0  0255255
255 11 10  9  8255255255  8  9 10255255255255255255
255255255255255255255255255255255255255255255255255
Heatmap:
  0  0255255  0  0  0  0  0  0  0  0  0  0255255255
  0  0  0  0  0  0  0  0  0  0  0  0  0  0  0  0255
  0  0  0  0  0  0  0  0  0  0  0  0  0  0  0255255
  0  0  0  0  0  1  1  1  1  1  1  1  1  1  1  2255
  1  1  0  0  0  1  1  2  2  2  2  2  2  2  2  3  4
  2  2  1  1  0  0  0  1  1  1  2  2  3  3  3  4  5
  3  3  2  2  1  1  0  0  0  0  1  1  2  3  4  5  6
  4  4  3  3  2  2  1  1  1  0  0  0255  4  5  6  7
  5  5255  4  3  3  2  2  2  1  1  0255255  6  7  8
  6  6255  5  4  4  3  3  3  2255  0  0255255255  9
255255255  6  5  5  4  4255255255  0  0  0255255255
255  9  8  7  6  6  5  5  6255255255  0  0255255255
255 10  9  8  7  7  6  6  7  8  9255255  0  0255255
255 11 10  9  8255255255  8  9 10255255255255255255
255255255255255255255255255255255255255255255255255
Heatmap:
  0  0255255  0  0  0  0  0  0  0  0  0  0255255255
  0  0  0  0  0  0  0  0  0  0  0  0  0  0  0  0255
  0  0  0  0  0  0  0  0  0  0  0  0  0  0  0255255
  0  0  0  0  0  0  1  1  1  1  1  1  1  1  1255255
  1  1  0  0  0  1  1  2  2  2  2  2  2  2  2  3  4
  2  2  1  1  0  0  0  1  1  1  2  2  3  3  3  4  5
  3  3  2  2  1  1  0  0  0  0  1  1  2  3  4  5  6
  4  4  3  3  2  2  1  1  1  0  0  0255  4  5  6  7
  5  5255  4  3  3  2  2  2  1  1  0255255  6  7  8
  6  6255  5  4  4  3  3  3  2255  0  0255255255  9
255255255  6  5  5  4  4255255255  0  0  0255255255
255  9  8  7  6  6  5  5  6255255255  0  0255255255
255 10  9  8  7  7  6  6  7  8  9255255  0  0255255
255 11 10  9  8255255255  8  9 10255255255255255255
255255255255255255255255255255255255255255255255255
Heatmap:
  0  0255255  0  0  0  0  0  0  0  0  0  0255255255
  0  0  0  0  0  0  0  0  0  0  0  0  0  0  0  0255
  0  0  0  0  0  0  0  0  0  0  0  0  0  0  0255255
  0  0  0  0  0  0  0  1  1  1  1  1  1  1255255255
  1  1  0  0  0  1  1  2  2  2  2  2  2  2  3  4  5
  2  2  1  1  0  0  0  1  1  1  2  2  3  3  4  5  6
  3  3  2  2  1  1  0  0  0  0  1  1  2  3  4  5  6
  4  4  3  3  2  2  1  1  1  0  0  0255  4  5  6  7
  5  5255  4  3  3  2  2  2  1  1  0255255  6  7  8
  6  6255  5  4  4  3  3  3  2255  0  0255255255  9
255255255  6  5  5  4  4255255255  0  0  0255255255
255  9  8  7  6  6  5  5  6255255255  0  0255255255
255 10  9  8  7  7  6  6  7  8  9255255  0  0255255
255 11 10  9  8255255255  8  9 10255255255255255255
255255255255255255255255255255255255255255255255255
Heatmap:
  0  0255255  0  0  0  0  0  0  0  0  0  0255255255
  0  0  0  0  0  0  0  0  0  0  0  0  0  0  0  0255
  0  0  0  0  0  0  0  0  0  0  0  0  0  0  0255255
  0  0  0  0  0  0  0  0  1  1  1  1  1255255255255
  1  1  0  0  0  1  1  1  2  2  2  2  2  3  4  5  6
  2  2  1  1  0  0  0  1  1  1  2  2  3  4  5  6  7
  3  3  2  2  1  1  0  0  0  0  1  1  2  3  4  5  6
  4  4  3  3  2  2  1  1  1  0  0  0255  4  5  6  7
  5  5255  4  3  3  2  2  2  1  1  0255255  6  7  8
  6  6255  5  4  4  3  3  3  2255  0  0255255255  9
255255255  6  5  5  4  4255255255  0  0  0255255255
255  9  8  7  6  6  5  5  6255255255  0  0255255255
255 10  9  8  7  7  6  6  7  8  9255255  0  0255255
255 11 10  9  8255255255  8  9 10255255255255255255
255255255255255255255255255255255255255255255255255
Heatmap:
  0  0255255  0  0  0  0  0  0  0  0  0  0255255255
  0  0  0  0  0  0  0  0  0  0  0  0  0  0  0  0255
  0  0  0  0  0  0  0  0  0  0  0  0  0  0  0255255
  0  0  0  0  0  0  0  0  0  1  1  1  1255255255255
  1  1  0  0  0  1  1  1  1  2  2  2  2  3  4  5  6
  2  2  1  1  0  0  0  1  1  1  2  2  3  4  5  6  7
  3  3  2  2  1  1  0  0  0  0  1  1  2  3  4  5  6
  4  4  3  3  2  2  1  1  1  0  0  0255  4  5  6  7
  5  5255  4  3  3  2  2  2  1255  0255255  6  7  8
  6  6255  5  4  4  3  3  3  2255  0  0255255255  9
255255255  6  5  5  4  4255255255  0  0  0255255255
255  9  8  7  6  6  5  5  6255255255  0  0255255255
255 10  9  8  7  7  6  6  7  8  9255255  0  0255255
255 11 10  9  8255255255  8  9 10255255255255255255
255255255255255255255255255255255255255255255255255
Heatmap:
  0  0255255  0  0  0  0  0  0  0  0  0  0255255255
  0  0  0  0  0  0  0  0  0  0  0  0  0  0  0  0255
  0  0  0  0  0  0  0  0  0  0  0  0  0  0  0255255
  0  0  0  0  0  0  0  0  0  0  1  1255255255255255
  1  1  0  0  0  1  1  1  1  1  2  2255255  6  7  8
  2  2  1  1  0  0  0  1  1  1  2  2  3  4  5  6  7
  3  3  2  2  1  1  0  0  0  0  1  1  2  3  4  5  6
  4  4  3  3  2  2  1  1  1  0  0  0255  4  5  6  7
  5  5255  4  3  3  2  2  2  1255  0255255  6  7  8
  6  6255  5  4  4  3  3  3  2255  0  0255255255  9
255255255  6  5  5  4  4255255255  0  0  0255255255
255  9  8  7  6  6  5  5  6255255255  0  0255255255
255 10  9  8  7  7  6  6  7  8  9255255  0  0255255
255 11 10  9  8255255255  8  9 10255255255255255255
255255255255255255255255255255255255255255255255255
Heatmap:
  0  0255255  0  0  0  0  0  0  0  0  0  0255255255
  0  0  0  0  0  0  0  0  0  0  0  0  0  0  0  0255
  0  0  0  0  0  0  0  0  0  0  0  0  0  0  0255255
  0  0  0  0  0  0  0  0  0  0  0255255255255255255
  1  1  0  0  0  1  1  1  1  1  1  2255255  6  7  8
  2  2  1  1  0  0  0  1  1  1  2  2  3  4  5  6  7
  3  3  2  2  1  1  0  0  0  0  1  1  2  3  4  5  6
  4  4  3  3  2  2  1  1  1  0  0  0255  4  5  6  7
  5  5255  4  3  3  2  2  2  1255  0255255  6  7  8
  6  6255  5  4  4  3  3  3  2255  0  0255255255  9
255255255  6  5  5  4  4255255255  0  0  0255255255
255  9  8  7  6  6  5  5  6255255255  0  0255255255
255 10  9  8  7  7  6  6  7  8  9255255  0  0255255
255 11 10  9  8255255255  8  9 10255255255255255255
255255255255255255255255255255255255255255255255255
Heatmap:
  0  0255255  0  0  0  0  0  0  0  0  0  0255255255
  0  0  0  0  0  0  0  0  0  0  0  0  0  0  0  0255
  0  0  0  0  0  0  0  0  0  0  0  0  0  0  0255255
  0  0  0  0  0  0  0  0  0  0  0255255255255255255
  0  1  0  0  0  1  1  1  1  1  1  2255255  6  7  8
  1  2  1  1  0  0  0  1  1  1  2  2  3  4  5  6  7
  2  3  2  2  1  1  0  0  0  0  1  1  2  3  4  5  6
  3  4  3  3  2  2  1  1  1  0  0  0255  4  5  6  7
  4  5255  4  3  3  2  2  2255255  0255255  6  7  8
  5  6255  5  4  4  3  3  3  4255  0  0255255255  9
255255255  6  5  5  4  4255255255  0  0  0255255255
255  9  8  7  6  6  5  5  6255255255  0  0255255255
255 10  9  8  7  7  6  6  7  8  9255255  0  0255255
255 11 10  9  8255255255  8  9 10255255255255255255
255255255255255255255255255255255255255255255255255
Heatmap:
  0  0255255  0  0  0  0  0  0  0  0  0  0255255255
  0  0  0  0  0  0  0  0  0  0  0  0  0  0  0  0255
  0  0  0  0  0  0  0  0  0  0  0  0  0  0  0255255
  0  0  0  0  0  0  0  0  0  0  0255255255255255255
  0  0  0  0  0  1  1  1  1  1  1  2255255  6255255
  1  1  1  1  0  0  0  1  1  1  2  2  3  4  5  6  7
  2  2  2  2  1  1  0  0  0  0  1  1  2  3  4  5  6
  3  3  3  3  2  2  1  1  1  0  0  0255  4  5  6  7
  4  4255  4  3  3  2  2  2255255  0255255  6  7  8
  5  5255  5  4  4  3  3  3  4255  0  0255255255  9
255255255  6  5  5  4  4255255255  0  0  0255255255
255  9  8  7  6  6  5  5  6255255255  0  0255255255
255 10  9  8  7  7  6  6  7  8  9255255  0  0255255
255 11 10  9  8255255255  8  9 10255255255255255255
255255255255255255255255255255255255255255255255255
Heatmap:
  0  0255255  0  0  0  0  0  0  0  0  0  0255255255
  0  0  0  0  0  0  0  0  0  0  0  0  0  0  0  0255
  0  0  0  0  0  0  0  0  0  0  0  0  0  0  0255255
  0  0  0  0  0  0  0  0  0  0  0255255255255255255
  0  0  0  0  0  0  1  1  1  1255255255255  6255255
  1  1  1  1  0  0  0  1  1  1  2  2  3  4  5  6  7
  2  2  2  2  1  1  0  0  0  0  1  1  2  3  4  5  6
  3  3  3  3  2  2  1  1  1  0  0  0255  4  5  6  7
  4  4255  4  3  3  2  2  2255255  0255255  6  7  8
  5  5255  5  4  4  3  3  3  4255  0  0255255255  9
255255255  6  5  5  4  4255255255  0  0  0255255255
255  9  8  7  6  6  5  5  6255255255  0  0255255255
255 10  9  8  7  7  6  6  7  8  9255255  0  0255255
255 11 10  9  8255255255  8  9 10255255255255255255
255255255255255255255255255255255255255255255255255
Heatmap:
  0  0255255  0  0  0  0  0  0  0  0  0  0255255255
  0  0  0  0  0  0  0  0  0  0  0  0  0  0  0  0255
  0  0  0  0  0  0  0  0  0  0  0  0  0  0  0255255
  0  0  0  0  0  0  0  0  0  0  0255255255255255255
  0  0  0  0  0  0  0  1  1255255255255255  6255255
  1  1  1  1  0  0  0  1  1  1  2  2  3  4  5  6  7
  2  2  2  2  1  1  0  0  0  0  1  1  2  3  4  5  6
  3  3  3  3  2  2  1  1  1  0  0  0255  4  5  6  7
  4  4255  4  3  3  2  2  2255255  0255255  6  7  8
  5  5255  5  4  4  3  3  3  4255  0  0255255255  9
255255255  6  5  5  4  4255255255  0  0  0255255255
255  9  8  7  6  6  5  5  6255255255  0  0255255255
255 10  9  8  7  7  6  6  7  8  9255255  0  0255255
255 11 10  9  8255255255  8  9 10255255255255255255
255255255255255255255255255255255255255255255255255
Heatmap:
  0  0255255  0  0  0  0  0  0  0  0  0  0255255255
  0  0  0  0  0  0  0  0  0  0  0  0  0  0  0  0255
  0  0  0  0  0  0  0  0  0  0  0  0  0  0  0255255
  0  0  0  0  0  0  0  0  0  0  0255255255255255255
  0  0  0  0  0  0  0  0  1255255255255255  6255255
  1  1  1  1  0  0  0  1  1255  2  2  3  4  5  6  7
  2  2  2  2  1  1  0  0  0  0  1  1  2  3  4  5  6
  3  3  3  3  2  2  1  1  1  0  0  0255  4  5  6  7
  4  4255  4  3  3  2  2  2255255  0255255  6  7  8
  5  5255  5  4  4  3  3  3  4255  0  0255255255  9
255255255  6  5  5  4  4255255255  0  0  0255255255
255  9  8  7  6  6  5  5  6255255255  0  0255255255
255 10  9  8  7  7  6  6  7  8  9255255  0  0255255
255 11 10  9  8255255255  8  9 10255255255255255255
255255255255255255255255255255255255255255255255255
Heatmap:
  0  0255255  0  0  0  0  0  0  0  0  0  0255255255
  0  0  0  0  0  0  0  0  0  0  0  0  0  0  0  0255
  0  0  0  0  0  0  0  0  0  0  0  0  0  0  0255255
  0  0  0  0  0  0  0  0  0  0  0255255255255255255
  0  0  0  0  0  0  0  0  0255255255255255  6255255
  1  1  1  1  0  0  0  1  1255  2  2  3  4  5  6255
  2  2  2  2  1  1  0  0  0  0  1  1  2  3  4  5  6
  3  3  3  3  2  2  1  1  1  0  0  0255  4  5  6  7
  4  4255  4  3  3  2  2  2255255  0255255  6  7  8
  5  5255  5  4  4  3  3  3  4255  0  0255255255  9
255255255  6  5  5  4  4255255255  0  0  0255255255
255  9  8  7  6  6  5  5  6255255255  0  0255255255
255 10  9  8  7  7  6  6  7  8  9255255  0  0255255
255 11 10  9  8255255255  8  9 10255255255255255255
255255255255255255255255255255255255255255255255255
Heatmap:
  0  0255255  0  0  0  0  0  0  0  0  0  0255255255
  0  0  0  0  0  0  0  0  0  0  0  0  0  0  0  0255
  0  0  0  0  0  0  0  0  0  0  0  0  0  0  0255255
  0  0  0  0  0  0  0  0  0  0  0255255255255255255
  0  0  0  0  0  0  0  0  0255255255255255  6255255
255  0  1  1  0  0  0  1  1255  2  2  3  4  5  6255
  2  1  2  2  1  1  0  0  0  0  1  1  2  3  4  5  6
  3  2  3  3  2  2  1  1  1  0  0  0255  4  5  6  7
  4  3255  4  3  3  2  2  2255255  0255255  6  7  8
  5  4255  5  4  4  3  3  3  4255  0  0255255255  9
255255255  6  5  5  4  4255255255  0  0  0255255255
255  9  8  7  6  6  5  5  6255255255  0  0255255255
255 10  9  8  7  7  6  6  7  8  9255255  0  0255255
255 11 10  9  8255255255  8  9 10255255255255255255
255255255255255255255255255255255255255255255255255
Heatmap:
  0  0255255  0  0  0  0  0  0  0  0  0  0255255255
  0  0  0  0  0  0  0  0  0  0  0  0  0  0  0  0255
  0  0  0  0  0  0  0  0  0  0  0  0  0  0  0255255
  0  0  0  0  0  0  0  0  0  0  0255255255255255255
  0  0  0  0  0  0  0  0  0255255255255255  6255255
255  0  0  0  0  0  0  1  1255255  2  3  4  5  6255
  2  1  1  1  1  1  0  0  0  0  1  1  2  3  4  5  6
  3  2  2  2  2  2  1  1  1  0  0  0255  4  5  6  7
  4  3255  3  3  3  2  2  2255255  0255255  6  7  8
  5  4255  4  4  4  3  3  3  4255  0  0255255255  9
255255255  5  5  5  4  4255255255  0  0  0255255255
255  8  7  6  6  6  5  5  6255255255  0  0255255255
255  9  8  7  7  7  6  6  7  8  9255255  0  0255255
255 10  9  8  8255255255  8  9 10255255255255255255
255255255255255255255255255255255255255255255255255
Heatmap:
  0  0255255  0  0  0  0  0  0  0  0  0  0255255255
  0  0  0  0  0  0  0  0  0  0  0  0  0  0  0  0255
  0  0  0  0  0  0  0  0  0  0  0  0  0  0  0255255
  0  0  0  0  0  0  0  0  0  0  0255255255255255255
  0  0  0  0  0  0  0  0  0255255255255255  6255255
255  0  0  0  0  0  0  0  1255255  2  3  4  5  6255
  2  1  1  1  1  1  0  0  0  0255  1  2  3  4  5  6
  3  2  2  2  2  2  1  1  1  0  0  0255  4  5  6  7
  4  3255  3  3  3  2  2  2255255  0255255  6  7  8
  5  4255  4  4  4  3  3  3  4255  0  0255255255  9
255255255  5  5  5  4  4255255255  0  0  0255255255
255  8  7  6  6  6  5  5  6255255255  0  0255255255
255  9  8  7  7  7  6  6  7  8  9255255  0  0255255
255 10  9  8  8255255255  8  9 10255255255255255255
255255255255255255255255255255255255255255255255255
Heatmap:
  0  0255255  0  0  0  0  0  0  0  0  0  0255255255
  0  0  0  0  0  0  0  0  0  0  0  0  0  0  0  0255
  0  0  0  0  0  0  0  0  0  0  0  0  0  0  0255255
  0  0  0  0  0  0  0  0  0  0  0255255255255255255
  0  0  0  0  0  0  0  0  0255255255255255  6255255
255  0  0  0  0  0  0  0255255255  2  3  4  5  6255
  2  1  1  1  1  0  0  0  0  0255  1  2  3  4  5  6
  3  2  2  2  2  1  1  1  1  0  0  0255  4  5  6  7
  4  3255  3  3  2  2  2  2255255  0255255  6  7  8
  5  4255  4  4  3  3  3  3  4255  0  0255255255  9
255255255  5  5  4  4  4255255255  0  0  0255255255
255  8  7  6  6  5  5  5  6255255255  0  0255255255
255  9  8  7  7  6  6  6  7  8  9255255  0  0255255
255 10  9  8  8255255255  8  9 10255255255255255255
255255255255255255255255255255255255255255255255255
Heatmap:
  0  0255255  0  0  0  0  0  0  0  0  0  0255255255
  0  0  0  0  0  0  0  0  0  0  0  0  0  0  0  0255
  0  0  0  0  0  0  0  0  0  0  0  0  0  0  0255255
  0  0  0  0  0  0  0  0  0  0  0255255255255255255
  0  0  0  0  0  0  0  0  0255255255255255 -1255255
255  0  0  0  0  0  0  0255255255255255 -1 -1 -1255
  2  1  1  1  0  0  0  0  0  0255255255 -1 -1 -1 -1
  3  2  2  2  1  1  1  1  1  0  0  0255 -1 -1 -1 -1
  4  3255  3  2  2  2  2  2255255  0255255 -1 -1 -1
  5  4255  4  3  3  3  3  3  4255  0  0255255255 -1
255255255  5  4  4  4  4255255255  0  0  0255255255
255  8  7  6  5  5  5  5  6255255255  0  0255255255
255  9  8  7  6  6  6  6  7  8  9255255  0  0255255
255 10  9  8  7255255255  8  9 10255255255255255255
255255255255255255255255255255255255255255255255255
Heatmap:
  0  0255255  0  0  0  0  0  0  0  0  0  0255255255
  0  0  0  0  0  0  0  0  0  0  0  0  0  0  0  0255
  0  0  0  0  0  0  0  0  0  0  0  0  0  0  0255255
  0  0  0  0  0  0  0  0  0  0  0255255255255255255
  0  0  0  0  0  0  0  0  0255255255255255 -1255255
255  0  0  0  0  0  0  0255255255255255 -1 -1 -1255
  0  0  1  1  0  0  0  0  0  0255255255 -1 -1 -1 -1
  1  1  2  2  1  1  1  1  1  0  0  0255 -1 -1 -1 -1
  2  2255  3  2  2  2  2255255255  0255255 -1 -1 -1
  3  3255  4  3  3  3  3  4  5255  0  0255255255 -1
255255255  5  4  4  4  4255255255  0  0  0255255255
255  8  7  6  5  5  5  5  6255255255  0  0255255255
255  9  8  7  6  6  6  6  7  8  9255255  0  0255255
255 10  9  8  7255255255  8  9 10255255255255255255
255255255255255255255255255255255255255255255255255
Heatmap:
  0  0255255  0  0  0  0  0  0  0  0  0  0255255255
  0  0  0  0  0  0  0  0  0  0  0  0  0  0  0  0255
  0  0  0  0  0  0  0  0  0  0  0  0  0  0  0255255
  0  0  0  0  0  0  0  0  0  0  0255255255255255255
  0  0  0  0  0  0  0  0  0255255255255255 -1255255
255  0  0  0  0  0  0  0255255255255255 -1 -1 -1255
  0  0  0  1  0  0  0  0  0  0255255255 -1 -1 -1 -1
  1255255255  1  1  1  1  1  0  0  0255 -1 -1 -1 -1
  2255255  3  2  2  2  2255255255  0255255 -1 -1 -1
  3  4255  4  3  3  3  3  4  5255  0  0255255255 -1
255255255  5  4  4  4  4255255255  0  0  0255255255
255  8  7  6  5  5  5  5  6255255255  0  0255255255
255  9  8  7  6  6  6  6  7  8  9255255  0  0255255
255 10  9  8  7255255255  8  9 10255255255255255255
255255255255255255255255255255255255255255255255255
Heatmap:
  0  0255255  0  0  0  0  0  0  0  0  0  0255255255
  0  0  0  0  0  0  0  0  0  0  0  0  0  0  0  0255
  0  0  0  0  0  0  0  0  0  0  0  0  0  0  0255255
  0  0  0  0  0  0  0  0  0  0  0255255255255255255
  0  0  0  0  0  0  0  0  0255255255255255 -1255255
255  0  0  0  0  0  0  0255255255255255 -1 -1 -1255
  0  0  0  0  0  0  0  0  0  0255255255 -1 -1 -1 -1
  1255255255255255  1  1  1  0  0  0255 -1 -1 -1 -1
  2255255  5  4  3  2  2255255255  0255255 -1 -1 -1
  3  4255  6  5  4  3  3  4  5255  0  0255255255 -1
255255255  7  6  5  4  4255255255  0  0  0255255255
255 10  9  8  7  6  5  5  6255255255  0  0255255255
255 11 10  9  8  7  6  6  7  8  9255255  0  0255255
255 12 11 10  9255255255  8  9 10255255255255255255
255255255255255255255255255255255255255255255255255
Heatmap:
  0  0255255  0  0  0  0  0  0  0  0  0  0255255255
  0  0  0  0  0  0  0  0  0  0  0  0  0  0  0  0255
  0  0  0  0  0  0  0  0  0  0  0  0  0  0  0255255
  0  0  0  0  0  0  0  0  0  0  0255255255255255255
  0  0  0  0  0  0  0  0  0255255255255255 -1255255
255  0  0  0  0  0  0  0255255255255255 -1 -1 -1255
  0  0  0  0  0  0  0  0  0  0255255255 -1 -1 -1 -1
  1255255255255255  1255255  0  0  0255 -1 -1 -1 -1
  2255255 -1 -1 -1255255255255255  0255255 -1 -1 -1
  3  4255 -1 -1 -1 -1 -1 -1 -1255  0  0255255255 -1
255255255 -1 -1 -1 -1 -1255255255  0  0  0255255255
255 -1 -1 -1 -1 -1 -1 -1 -1255255255  0  0255255255
255 -1 -1 -1 -1 -1 -1 -1 -1 -1 -1255255  0  0255255
255 -1 -1 -1 -1255255255 -1 -1 -1255255255255255255
255255255255255255255255255255255255255255255255255
Heatmap:
  0  0255255  0  0  0  0  0  0  0  0  0  0255255255
  0  0  0  0  0  0  0  0  0  0  0  0  0  0  0  0255
  0  0  0  0  0  0  0  0  0  0  0  0  0  0  0255255
  0  0  0  0  0  0  0  0  0  0  0255255255255255255
  0  0  0  0  0  0  0  0  0255255255255255 -1255255
255  0  0  0  0  0  0  0255255255255255 -1 -1 -1255
  0  0  0  0  0  0  0  0  0  0255255255 -1 -1 -1 -1
  1255255255255255  1255255  0  0  0255 -1 -1 -1 -1
  2255255255 -1 -1255255255255255  0255255 -1 -1 -1
  3  4255 -1 -1 -1 -1 -1 -1 -1255  0  0255255255 -1
255255255 -1 -1 -1 -1 -1255255255  0  0  0255255255
255 -1 -1 -1 -1 -1 -1 -1 -1255255255  0  0255255255
255 -1 -1 -1 -1 -1 -1 -1 -1 -1 -1255255  0  0255255
255 -1 -1 -1 -1255255255 -1 -1 -1255255255255255255
255255255255255255255255255255255255255255255255255
Heatmap:
  0  0255255  0  0  0  0  0  0  0  0  0  0255255255
  0  0  0  0  0  0  0  0  0  0  0  0  0  0  0  0255
  0  0  0  0  0  0  0  0  0  0  0  0  0  0  0255255
  0  0  0  0  0  0  0  0  0  0  0255255255255255255
  0  0  0  0  0  0  0  0  0255255255255255 -1255255
255  0  0  0  0  0  0  0255255255255255 -1 -1 -1255
  0  0  0  0  0  0  0  0  0  0255255255 -1 -1 -1 -1
  1255255255255255  1255255  0  0  0255 -1 -1 -1 -1
  2255255255 -1 -1255255255255255  0255255 -1 -1 -1
  3  4255 -1 -1 -1 -1 -1 -1 -1255  0  0255255255 -1
255255255 -1 -1 -1 -1 -1255255255  0  0  0255255255
255 -1 -1 -1 -1 -1 -1 -1 -1255255255  0  0255255255
255 -1 -1 -1 -1 -1 -1 -1 -1 -1 -1255255  0  0255255
255255 -1 -1 -1255255255 -1 -1 -1255255255255255255
255255255255255255255255255255255255255255255255255
Heatmap:
  0  0255255  0  0  0  0  0  0  0  0  0  0255255255
  0  0  0  0  0  0  0  0  0  0  0  0  0  0  0  0255
  0  0  0  0  0  0  0  0  0  0  0  0  0  0  0255255
  0  0  0  0  0  0  0  0  0  0  0255255255255255255
  0  0  0  0  0  0  0  0  0255255255255255 -1255255
255  0  0  0  0  0  0  0255255255255255 -1 -1 -1255
  0  0  0  0  0  0  0  0  0  0255255255 -1 -1 -1 -1
  1255255255255255  1255255  0  0  0255 -1 -1 -1 -1
  2255255255255255255255255255255  0255255 -1 -1 -1
  3  4255 -1 -1 -1 -1 -1 -1 -1255  0  0255255255 -1
255255255 -1 -1 -1 -1 -1255255255  0  0  0255255255
255 -1 -1 -1 -1 -1 -1 -1 -1255255255  0  0255255255
255 -1 -1 -1 -1 -1 -1 -1 -1 -1 -1255255  0  0255255
255255 -1 -1 -1255255255 -1 -1 -1255255255255255255
255255255255255255255255255255255255255255255255255
Heatmap:
  0  0255255  0  0  0  0  0  0  0  0  0  0255255255
  0  0  0  0  0  0  0  0  0  0  0  0  0  0  0  0255
  0  0  0  0  0  0  0  0  0  0  0  0  0  0  0255255
  0  0  0  0  0  0  0  0  0  0  0255255255255255255
  0  0  0  0  0  0  0  0  0255255255255255 -1255255
255  0  0  0  0  0  0  0255255255255255 -1 -1 -1255
  0  0  0  0  0  0  0  0  0  0255255255 -1 -1 -1 -1
  1255255255255255  1255255  0  0  0255 -1 -1 -1 -1
  2255255255255255255255255255255  0255255 -1 -1 -1
  3  4255 -1 -1 -1 -1 -1 -1 -1255  0  0255255255 -1
255255255 -1 -1 -1 -1 -1255255255  0  0  0255255255
255 -1 -1 -1 -1 -1 -1 -1 -1255255255  0  0255255255
255 -1 -1 -1 -1 -1 -1 -1 -1 -1 -1255255  0  0255255
255255255 -1 -1255255255 -1 -1 -1255255255255255255
255255255255255255255255255255255255255255255255255
Heatmap:
  0  0255255  0  0  0  0  0  0  0  0  0  0255255255
  0  0  0  0  0  0  0  0  0  0  0  0  0  0  0  0255
  0  0  0  0  0  0  0  0  0  0  0  0  0  0  0255255
  0  0  0  0  0  0  0  0  0  0  0255255255255255255
  0  0  0  0  0  0  0  0  0255255255255255 -1255255
255  0  0  0  0  0  0  0255255255255255 -1 -1 -1255
  0  0  0  0  0  0  0  0  0  0255255255 -1 -1 -1 -1
  1255255255255255  1255255  0  0  0255 -1 -1 -1 -1
  2255255255255255255255255255255  0255255 -1 -1 -1
  3  4255255255 -1 -1 -1 -1 -1255  0  0255255255 -1
255255255 -1 -1 -1 -1 -1255255255  0  0  0255255255
255 -1 -1 -1 -1 -1 -1 -1 -1255255255  0  0255255255
255 -1 -1 -1 -1 -1 -1 -1 -1 -1 -1255255  0  0255255
255255255 -1 -1255255255 -1 -1 -1255255255255255255
255255255255255255255255255255255255255255255255255
Heatmap:
  0  0255255  0  0  0  0  0  0  0  0  0  0255255255
  0  0  0  0  0  0  0  0  0  0  0  0  0  0  0  0255
  0  0  0  0  0  0  0  0  0  0  0  0  0  0  0255255
  0  0  0  0  0  0  0  0  0  0  0255255255255255255
  0  0  0  0  0  0  0  0  0255255255255255 -1255255
255  0  0  0  0  0  0  0255255255255255 -1 -1 -1255
  0  0  0  0  0  0  0  0  0  0255255255 -1 -1 -1 -1
  1255255255255255  1255255  0  0  0255 -1 -1 -1 -1
  2255255255255255255255255255255  0255255 -1 -1 -1
  3  4255255255 -1 -1 -1 -1 -1255  0  0255255255 -1
255255255 -1 -1 -1 -1 -1255255255  0  0  0255255255
255 -1 -1 -1 -1 -1 -1 -1 -1255255255  0  0255255255
255 -1 -1 -1 -1 -1 -1 -1 -1 -1 -1255255  0  0255255
255255255255 -1255255255 -1 -1 -1255255255255255255
255255255255255255255255255255255255255255255255255
Heatmap:
  0  0255255  0  0  0  0  0  0  0  0  0  0255255255
  0  0  0  0  0  0  0  0  0  0  0  0  0  0  0  0255
  0  0  0  0  0  0  0  0  0  0  0  0  0  0  0255255
  0  0  0  0  0  0  0  0  0  0  0255255255255255255
  0  0  0  0  0  0  0  0  0255255255255255 -1255255
255  0  0  0  0  0  0  0255255255255255 -1 -1 -1255
  0  0  0  0  0  0  0  0  0  0255255255 -1 -1 -1 -1
  1255255255255255  1255255  0  0  0255 -1 -1 -1 -1
  2255255255255255255255255255255  0255255 -1 -1 -1
  3  4255255255 -1 -1 -1 -1 -1255  0  0255255255 -1
255255255 -1 -1 -1 -1 -1255255255  0  0  0255255255
255 -1 -1 -1 -1 -1 -1 -1 -1255255255  0  0255255255
255 -1 -1 -1 -1 -1 -1 -1 -1 -1 -1255255  0  0255255
255255255255255255255255 -1 -1 -1255255255255255255
255255255255255255255255255255255255255255255255255
Heatmap:
  0  0255255  0  0  0  0  0  0  0  0  0  0255255255
  0  0  0  0  0  0  0  0  0  0  0  0  0  0  0  0255
  0  0  0  0  0  0  0  0  0  0  0  0  0  0  0255255
  0  0  0  0  0  0  0  0  0  0  0255255255255255255
  0  0  0  0  0  0  0  0  0255255255255255 -1255255
255  0  0  0  0  0  0  0255255255255255 -1 -1 -1255
  0  0  0  0  0  0  0  0  0  0255255255 -1 -1 -1 -1
  1255255255255255  1255255  0  0  0255 -1 -1 -1 -1
  2255255255255255255255255255255  0255255 -1 -1 -1
  3  4255255255255255 -1 -1 -1255  0  0255255255 -1
255255255 -1 -1 -1 -1 -1255255255  0  0  0255255255
255 -1 -1 -1 -1 -1 -1 -1 -1255255255  0  0255255255
255 -1 -1 -1 -1 -1 -1 -1 -1 -1 -1255255  0  0255255
255255255255255255255255 -1 -1 -1255255255255255255
255255255255255255255255255255255255255255255255255
Heatmap:
  0  0255255  0  0  0  0  0  0  0  0  0  0255255255
  0  0  0  0  0  0  0  0  0  0  0  0  0  0  0  0255
  0  0  0  0  0  0  0  0  0  0  0  0  0  0  0255255
  0  0  0  0  0  0  0  0  0  0  0255255255255255255
  0  0  0  0  0  0  0  0  0255255255255255 -1255255
255  0  0  0  0  0  0  0255255255255255 -1 -1 -1255
  0  0  0  0  0  0  0  0  0  0255255255 -1 -1 -1 -1
  1255255255255255  1255255  0  0  0255 -1 -1 -1 -1
  2255255255255255255255255255255  0255255 -1 -1 -1
  3  4255255255255255 -1 -1 -1255  0  0255255255 -1
255255255 -1 -1 -1 -1 -1255255255  0  0  0255255255
255 -1 -1 -1 -1 -1 -1 -1 -1255255255  0  0255255255
255 -1 -1 -1 -1 -1 -1 -1 -1 -1 -1255255  0  0255255
255255255255255255255255255 -1 -1255255255255255255
255255255255255255255255255255255255255255255255255
Heatmap:
  0  0255255  0  0  0  0  0  0  0  0  0  0255255255
  0  0  0  0  0  0  0  0  0  0  0  0  0  0  0  0255
  0  0  0  0  0  0  0  0  0  0  0  0  0  0  0255255
  0  0  0  0  0  0  0  0  0  0  0255255255255255255
  0  0  0  0  0  0  0  0  0255255255255255 -1255255
255  0  0  0  0  0  0  0255255255255255 -1 -1 -1255
  0  0  0  0  0  0  0  0  0  0255255255 -1 -1 -1 -1
  1255255255255255  1255255  0  0  0255 -1 -1 -1 -1
  2255255255255255255255255255255  0255255 -1 -1 -1
  3  4255255255255255255 -1 -1255  0  0255255255 -1
255255255 -1 -1 -1255255255255255  0  0  0255255255
255 -1 -1 -1 -1 -1 -1 -1 -1255255255  0  0255255255
255 -1 -1 -1 -1 -1 -1 -1 -1 -1 -1255255  0  0255255
255255255255255255255255255 -1 -1255255255255255255
255255255255255255255255255255255255255255255255255
Heatmap:
  0  0255255  0  0  0  0  0  0  0  0  0  0255255255
  0  0  0  0  0  0  0  0  0  0  0  0  0  0  0  0255
  0  0  0  0  0  0  0  0  0  0  0  0  0  0  0255255
  0  0  0  0  0  0  0  0  0  0  0255255255255255255
  0  0  0  0  0  0  0  0  0255255255255255 -1255255
255  0  0  0  0  0  0  0255255255255255 -1 -1 -1255
  0  0  0  0  0  0  0  0  0  0255255255 -1 -1 -1 -1
  1255255255255255  1255255  0  0  0255 -1 -1 -1 -1
  2255255255255255255255255255255  0255255 -1 -1 -1
  3  4255255255255255255 -1 -1255  0  0255255255 -1
255255255 -1 -1 -1255255255255255  0  0  0255255255
255 -1 -1 -1 -1 -1 -1 -1 -1255255255  0  0255255255
255 -1 -1 -1 -1 -1 -1 -1 -1 -1 -1255255  0  0255255
255255255255255255255255255255 -1255255255255255255
255255255255255255255255255255255255255255255255255
Heatmap:
  0  0255255  0  0  0  0  0  0  0  0  0  0255255255
  0  0  0  0  0  0  0  0  0  0  0  0  0  0  0  0255
  0  0  0  0  0  0  0  0  0  0  0  0  0  0  0255255
  0  0  0  0  0  0  0  0  0  0  0255255255255255255
  0  0  0  0  0  0  0  0  0255255255255255 -1255255
255  0  0  0  0  0  0  0255255255255255 -1 -1 -1255
  0  0  0  0  0  0  0  0  0  0255255255 -1 -1 -1 -1
  1255255255255255  1255255  0  0  0255 -1 -1 -1 -1
  2255255255255255255255255255255  0255255 -1 -1 -1
  3  4255255255255255255255 -1255  0  0255255255 -1
255255255 -1 -1 -1255255255255255  0  0  0255255255
255 -1 -1 -1 -1 -1 -1 -1 -1255255255  0  0255255255
255 -1 -1 -1 -1 -1 -1 -1 -1 -1 -1255255  0  0255255
255255255255255255255255255255 -1255255255255255255
255255255255255255255255255255255255255255255255255
Heatmap:
  0  0255255  0  0  0  0  0  0  0  0  0  0255255255
  0  0  0  0  0  0  0  0  0  0  0  0  0  0  0  0255
  0  0  0  0  0  0  0  0  0  0  0  0  0  0  0255255
  0  0  0  0  0  0  0  0  0  0  0255255255255255255
  0  0  0  0  0  0  0  0  0255255255255255 -1255255
255  0  0  0  0  0  0  0255255255255255 -1 -1 -1255
  0  0  0  0  0  0  0  0  0  0255255255 -1 -1 -1 -1
  1255255255255255  1255255  0  0  0255 -1 -1 -1 -1
  2255255255255255255255255255255  0255255 -1 -1 -1
  3  4255255255255255255255 -1255  0  0255255255 -1
255255255 -1 -1 -1255255255255255  0  0  0255255255
255 -1 -1 -1 -1 -1 -1 -1 -1255255255  0  0255255255
255 -1 -1 -1 -1 -1 -1 -1 -1 -1 -1255255  0  0255255
255255255255255255255255255255255255255255255255255
255255255255255255255255255255255255255255255255255
Heatmap:
  0  0255255  0  0  0  0  0  0  0  0  0  0255255255
  0  0  0  0  0  0  0  0  0  0  0  0  0  0  0  0255
  0  0  0  0  0  0  0  0  0  0  0  0  0  0  0255255
  0  0  0  0  0  0  0  0  0  0  0255255255255255255
  0  0  0  0  0  0  0  0  0255255255255255 -1255255
255  0  0  0  0  0  0  0255255255255255 -1 -1 -1255
  0  0  0  0  0  0  0  0  0  0255255255 -1 -1 -1 -1
  1255255255255255  1255255  0  0  0255 -1 -1 -1 -1
  2255255255255255255255255255255  0255255 -1 -1 -1
  3  4255255255255255255255255255  0  0255255255 -1
255255255 -1 -1 -1255255255255255  0  0  0255255255
255 -1 -1 -1 -1 -1 -1 -1 -1255255255  0  0255255255
255 -1 -1 -1 -1 -1 -1 -1 -1 -1 -1255255  0  0255255
255255255255255255255255255255255255255255255255255
255255255255255255255255255255255255255255255255255
Heatmap:
  0  0255255  0  0  0  0  0  0  0  0  0  0255255255
  0  0  0  0  0  0  0  0  0  0  0  0  0  0  0  0255
  0  0  0  0  0  0  0  0  0  0  0  0  0  0  0255255
  0  0  0  0  0  0  0  0  0  0  0255255255255255255
  0  0  0  0  0  0  0  0  0255255255255255 -1255255
255  0  0  0  0  0  0  0255255255255255 -1 -1 -1255
  0  0  0  0  0  0  0  0  0  0255255255 -1 -1 -1 -1
  1255255255255255  1255255  0  0  0255 -1 -1 -1 -1
  2255255255255255255255255255255  0255255 -1 -1 -1
  3  4255255255255255255255255255  0  0255255255 -1
255255255255 -1 -1255255255255255  0  0  0255255255
255 -1 -1 -1 -1 -1 -1 -1 -1255255255  0  0255255255
255 -1 -1 -1 -1 -1 -1 -1 -1 -1 -1255255  0  0255255
255255255255255255255255255255255255255255255255255
255255255255255255255255255255255255255255255255255
Heatmap:
  0  0255255  0  0  0  0  0  0  0  0  0  0255255255
  0  0  0  0  0  0  0  0  0  0  0  0  0  0  0  0255
  0  0  0  0  0  0  0  0  0  0  0  0  0  0  0255255
  0  0  0  0  0  0  0  0  0  0  0255255255255255255
  0  0  0  0  0  0  0  0  0255255255255255 -1255255
255  0  0  0  0  0  0  0255255255255255 -1 -1 -1255
  0  0  0  0  0  0  0  0  0  0255255255 -1 -1 -1 -1
  1255255255255255  1255255  0  0  0255 -1 -1 -1 -1
  2255255255255255255255255255255  0255255 -1 -1 -1
  3  4255255255255255255255255255  0  0255255255 -1
255255255255255255255255255255255  0  0  0255255255
255 -1 -1 -1 -1 -1 -1 -1 -1255255255  0  0255255255
255 -1 -1 -1 -1 -1 -1 -1 -1 -1 -1255255  0  0255255
255255255255255255255255255255255255255255255255255
255255255255255255255255255255255255255255255255255
Heatmap:
  0  0255255  0  0  0  0  0  0  0  0  0  0255255255
  0  0  0  0  0  0  0  0  0  0  0  0  0  0  0  0255
  0  0  0  0  0  0  0  0  0  0  0  0  0  0  0255255
  0  0  0  0  0  0  0  0  0  0  0255255255255255255
  0  0  0  0  0  0  0  0  0255255255255255 -1255255
255  0  0  0  0  0  0  0255255255255255 -1 -1 -1255
  0  0  0  0  0  0  0  0  0  0255255255 -1 -1 -1 -1
  1255255255255255  1255255  0  0  0255 -1 -1 -1 -1
  2255255255255255255255255255255  0255255 -1 -1 -1
  3  4255255255255255255255255255  0  0255255255 -1
255255255255255255255255255255255  0  0  0255255255
255255255 -1 -1 -1 -1 -1 -1255255255  0  0255255255
255 -1 -1 -1 -1 -1 -1 -1 -1 -1 -1255255  0  0255255
255255255255255255255255255255255255255255255255255
255255255255255255255255255255255255255255255255255
Heatmap:
  0  0255255  0  0  0  0  0  0  0  0  0  0255255255
  0  0  0  0  0  0  0  0  0  0  0  0  0  0  0  0255
  0  0  0  0  0  0  0  0  0  0  0  0  0  0  0255255
  0  0  0  0  0  0  0  0  0  0  0255255255255255255
  0  0  0  0  0  0  0  0  0255255255255255 -1255255
255  0  0  0  0  0  0  0255255255255255 -1 -1 -1255
  0  0  0  0  0  0  0  0  0  0255255255 -1 -1 -1 -1
  1255255255255255  1255255  0  0  0255 -1 -1 -1 -1
  2255255255255255255255255255255  0255255 -1 -1 -1
  3  4255255255255255255255255255  0  0255255255 -1
255255255255255255255255255255255  0  0  0255255255
255255255255 -1 -1 -1 -1 -1255255255  0  0255255255
255 -1 -1 -1 -1 -1 -1 -1 -1 -1 -1255255  0  0255255
255255255255255255255255255255255255255255255255255
255255255255255255255255255255255255255255255255255
Heatmap:
  0  0255255  0  0  0  0  0  0  0  0  0  0255255255
  0  0  0  0  0  0  0  0  0  0  0  0  0  0  0  0255
  0  0  0  0  0  0  0  0  0  0  0  0  0  0  0255255
  0  0  0  0  0  0  0  0  0  0  0255255255255255255
  0  0  0  0  0  0  0  0  0255255255255255 -1255255
255  0  0  0  0  0  0  0255255255255255 -1 -1 -1255
  0  0  0  0  0  0  0  0  0  0255255255 -1 -1 -1 -1
  1255255255255255  1255255  0  0  0255 -1 -1 -1 -1
  2255255255255255255255255255255  0255255 -1 -1 -1
  3  4255255255255255255255255255  0  0255255255 -1
255255255255255255255255255255255  0  0  0255255255
255255255255255 -1 -1 -1 -1255255255  0  0255255255
255 -1 -1 -1 -1 -1 -1 -1 -1 -1 -1255255  0  0255255
255255255255255255255255255255255255255255255255255
255255255255255255255255255255255255255255255255255
Heatmap:
  0  0255255  0  0  0  0  0  0  0  0  0  0255255255
  0  0  0  0  0  0  0  0  0  0  0  0  0  0  0  0255
  0  0  0  0  0  0  0  0  0  0  0  0  0  0  0255255
  0  0  0  0  0  0  0  0  0  0  0255255255255255255
  0  0  0  0  0  0  0  0  0255255255255255 -1255255
255  0  0  0  0  0  0  0255255255255255 -1 -1 -1255
  0  0  0  0  0  0  0  0  0  0255255255 -1 -1 -1 -1
  1255255255255255  1255255  0  0  0255 -1 -1 -1 -1
  2255255255255255255255255255255  0255255 -1 -1 -1
  3  4255255255255255255255255255  0  0255255255 -1
255255255255255255255255255255255  0  0  0255255255
255255255255255255 -1 -1 -1255255255  0  0255255255
255 -1 -1 -1255255 -1 -1 -1 -1 -1255255  0  0255255
255255255255255255255255255255255255255255255255255
255255255255255255255255255255255255255255255255255
Heatmap:
  0  0255255  0  0  0  0  0  0  0  0  0  0255255255
  0  0  0  0  0  0  0  0  0  0  0  0  0  0  0  0255
  0  0  0  0  0  0  0  0  0  0  0  0  0  0  0255255
  0  0  0  0  0  0  0  0  0  0  0255255255255255255
  0  0  0  0  0  0  0  0  0255255255255255 -1255255
255  0  0  0  0  0  0  0255255255255255 -1 -1 -1255
  0  0  0  0  0  0  0  0  0  0255255255 -1 -1 -1 -1
  1255255255255255  1255255  0  0  0255 -1 -1 -1 -1
  2255255255255255255255255255255  0255255 -1 -1 -1
  3  4255255255255255255255255255  0  0255255255 -1
255255255255255255255255255255255  0  0  0255255255
255255255255255255255255 -1255255255  0  0255255255
255 -1 -1 -1255255 -1 -1 -1 -1 -1255255  0  0255255
255255255255255255255255255255255255255255255255255
255255255255255255255255255255255255255255255255255
Heatmap:
  0  0255255  0  0  0  0  0  0  0  0  0  0255255255
  0  0  0  0  0  0  0  0  0  0  0  0  0  0  0  0255
  0  0  0  0  0  0  0  0  0  0  0  0  0  0  0255255
  0  0  0  0  0  0  0  0  0  0  0255255255255255255
  0  0  0  0  0  0  0  0  0255255255255255 -1255255
255  0  0  0  0  0  0  0255255255255255 -1 -1 -1255
  0  0  0  0  0  0  0  0  0  0255255255 -1 -1 -1 -1
  1255255255255255  1255255  0  0  0255 -1 -1 -1 -1
  2255255255255255255255255255255  0255255 -1 -1 -1
  3  4255255255255255255255255255  0  0255255255 -1
255255255255255255255255255255255  0  0  0255255255
255255255255255255255255255255255255  0  0255255255
255 -1 -1 -1255255 -1 -1 -1 -1 -1255255  0  0255255
255255255255255255255255255255255255255255255255255
255255255255255255255255255255255255255255255255255
Heatmap:
  0  0255255  0  0  0  0  0  0  0  0  0  0255255255
  0  0  0  0  0  0  0  0  0  0  0  0  0  0  0  0255
  0  0  0  0  0  0  0  0  0  0  0  0  0  0  0255255
  0  0  0  0  0  0  0  0  0  0  0255255255255255255
  0  0  0  0  0  0  0  0  0255255255255255 -1255255
255  0  0  0  0  0  0  0255255255255255 -1 -1 -1255
  0  0  0  0  0  0  0  0  0  0255255255 -1 -1 -1 -1
  1255255255255255  1255255  0  0  0255 -1 -1 -1 -1
  2255255255255255255255255255255  0255255 -1 -1 -1
  3  4255255255255255255255255255  0  0255255255 -1
255255255255255255255255255255255  0  0  0255255255
255255255255255255255255255255255255  0  0255255255
255255255 -1255255 -1 -1 -1 -1 -1255255  0  0255255
255255255255255255255255255255255255255255255255255
255255255255255255255255255255255255255255255255255
Heatmap:
  0  0255255  0  0  0  0  0  0  0  0  0  0255255255
  0  0  0  0  0  0  0  0  0  0  0  0  0  0  0  0255
  0  0  0  0  0  0  0  0  0  0  0  0  0  0  0255255
  0  0  0  0  0  0  0  0  0  0  0255255255255255255
  0  0  0  0  0  0  0  0  0255255255255255 -1255255
255  0  0  0  0  0  0  0255255255255255 -1 -1 -1255
  0  0  0  0  0  0  0  0  0  0255255255 -1 -1 -1 -1
  1255255255255255  1255255  0  0  0255 -1 -1 -1 -1
  2255255255255255255255255255255  0255255 -1 -1 -1
  3  4255255255255255255255255255  0  0255255255 -1
255255255255255255255255255255255  0  0  0255255255
255255255255255255255255255255255255  0  0255255255
255255255255255255 -1 -1 -1 -1 -1255255  0  0255255
255255255255255255255255255255255255255255255255255
255255255255255255255255255255255255255255255255255
Heatmap:
  0  0255255  0  0  0  0  0  0  0  0  0  0255255255
  0  0  0  0  0  0  0  0  0  0  0  0  0  0  0  0255
  0  0  0  0  0  0  0  0  0  0  0  0  0  0  0255255
  0  0  0  0  0  0  0  0  0  0  0255255255255255255
  0  0  0  0  0  0  0  0  0255255255255255 -1255255
255  0  0  0  0  0  0  0255255255255255 -1 -1 -1255
  0  0  0  0  0  0  0  0  0  0255255255 -1 -1 -1 -1
  1255255255255255  1255255  0  0  0255 -1 -1 -1 -1
  2255255255255255255255255255255  0255255 -1 -1 -1
  3  4255255255255255255255255255  0  0255255255 -1
255255255255255255255255255255255  0  0  0255255255
255255255255255255255255255255255255  0  0255255255
255255255255255255255 -1 -1 -1 -1255255  0  0255255
255255255255255255255255255255255255255255255255255
255255255255255255255255255255255255255255255255255
Heatmap:
  0  0255255  0  0  0  0  0  0  0  0  0  0255255255
  0  0  0  0  0  0  0  0  0  0  0  0  0  0  0  0255
  0  0  0  0  0  0  0  0  0  0  0  0  0  0  0255255
  0  0  0  0  0  0  0  0  0  0  0255255255255255255
  0  0  0  0  0  0  0  0  0255255255255255 -1255255
255  0  0  0  0  0  0  0255255255255255 -1 -1 -1255
  0  0  0  0  0  0  0  0  0  0255255255 -1 -1 -1 -1
  1255255255255255  1255255  0  0  0255 -1 -1 -1 -1
  2255255255255255255255255255255  0255255 -1 -1 -1
  3  4255255255255255255255255255  0  0255255255 -1
255255255255255255255255255255255  0  0  0255255255
255255255255255255255255255255255255  0  0255255255
255255255255255255255255255255 -1255255  0  0255255
255255255255255255255255255255255255255255255255255
255255255255255255255255255255255255255255255255255
Heatmap:
  0  0255255  0  0  0  0  0  0  0  0  0  0255255255
  0  0  0  0  0  0  0  0  0  0  0  0  0  0  0  0255
  0  0  0  0  0  0  0  0  0  0  0  0  0  0  0255255
  0  0  0  0  0  0  0  0  0  0  0255255255255255255
  0  0  0  0  0  0  0  0  0255255255255255 -1255255
255  0  0  0  0  0  0  0255255255255255 -1 -1 -1255
  0  0  0  0  0  0  0  0  0  0255255255 -1 -1 -1 -1
  1255255255255255  1255255  0  0  0255 -1 -1 -1 -1
  2255255255255255255255255255255  0255255 -1 -1 -1
  3  4255255255255255255255255255  0  0255255255 -1
255255255255255255255255255255255  0  0  0255255255
255255255255255255255255255255255255  0  0255255255
255255255255255255255255255255255255255  0  0255255
255255255255255255255255255255255255255255255255255
255255255255255255255255255255255255255255255255255
Heatmap:
  0  0255255  0  0  0  0  0  0  0  0  0  0255255255
  0  0  0  0  0  0  0  0  0  0  0  0  0  0  0  0255
  0  0  0  0  0  0  0  0  0  0  0  0  0  0  0255255
  0  0  0  0  0  0  0  0  0  0  0255255255255255255
  0  0  0  0  0  0  0  0  0255255255255255 -1255255
255  0  0  0  0  0  0  0255255255255255 -1 -1 -1255
  0  0  0  0  0  0  0  0  0  0255255255 -1 -1 -1 -1
255255255255255255  1255255  0  0  0255 -1 -1 -1 -1
 -1255255255255255255255255255255  0255255 -1 -1 -1
 -1 -1255255255255255255255255255  0  0255255255 -1
255255255255255255255255255255255  0  0  0255255255
255255255255255255255255255255255255  0  0255255255
255255255255255255255255255255255255255  0  0255255
255255255255255255255255255255255255255255255255255
255255255255255255255255255255255255255255255255255
Heatmap:
  0  0255255  0  0  0  0  0  0  0  0  0  0255255255
  0  0  0  0  0  0  0  0  0  0  0  0  0  0  0  0255
  0  0  0  0  0  0  0  0  0  0  0  0  0  0  0255255
  0  0  0  0  0  0  0  0  0  0  0255255255255255255
  0  0  0  0  0  0  0  0  0255255255255255 -1255255
255  0  0  0  0  0  0  0255255255255255 -1 -1 -1255
  0  0  0  0  0  0  0  0  0  0255255255 -1 -1 -1 -1
255255255255255255255255255  0  0  0255 -1 -1 -1 -1
 -1255255255255255255255255255255  0255255 -1 -1 -1
 -1 -1255255255255255255255255255  0  0255255255 -1
255255255255255255255255255255255  0  0  0255255255
255255255255255255255255255255255255  0  0255255255
255255255255255255255255255255255255255  0  0255255
255255255255255255255255255255255255255255255255255
255255255255255255255255255255255255255255255255255
Heatmap:
  0  0255255  0  0  0  0  0  0  0  0  0  0255255255
  0  0  0  0  0  0  0  0  0  0  0  0  0  0  0  0255
  0  0  0  0  0  0  0  0  0  0  0  0  0  0  0255255
  0  0  0  0  0  0  0  0  0  0  0255255255255255255
  0  0  0  0  0  0  0  0  0255255255255255 -1255255
255  0  0  0  0  0  0  0255255255255255 -1 -1 -1255
  0  0  0  0  0  0  0  0  0  0255255255 -1 -1255255
255255255255255255255255255  0  0  0255 -1 -1 -1255
 -1255255255255255255255255255255  0255255 -1 -1 -1
 -1 -1255255255255255255255255255  0  0255255255 -1
255255255255255255255255255255255  0  0  0255255255
255255255255255255255255255255255255  0  0255255255
255255255255255255255255255255255255255  0  0255255
255255255255255255255255255255255255255255255255255
255255255255255255255255255255255255255255255255255
Heatmap:
  0  0255255  0  0  0  0  0  0  0  0  0  0255255255
  0  0  0  0  0  0  0  0  0  0  0  0  0  0  0  0255
  0  0  0  0  0  0  0  0  0  0  0  0  0  0  0255255
  0  0  0  0  0  0  0  0  0  0  0255255255255255255
  0  0  0  0  0  0  0  0  0255255255255255 -1255255
255  0  0  0  0  0  0  0255255255255255 -1255255255
  0  0  0  0  0  0  0  0  0  0255255255 -1 -1255255
255255255255255255255255255  0  0  0255 -1 -1 -1255
 -1255255255255255255255255255255  0255255 -1 -1 -1
 -1 -1255255255255255255255255255  0  0255255255 -1
255255255255255255255255255255255  0  0  0255255255
255255255255255255255255255255255255  0  0255255255
255255255255255255255255255255255255255  0  0255255
255255255255255255255255255255255255255255255255255
255255255255255255255255255255255255255255255255255
Heatmap:
  0  0255255  0  0  0  0  0  0  0  0  0  0255255255
  0  0  0  0  0  0  0  0  0  0  0  0  0  0  0  0255
  0  0  0  0  0  0  0  0  0  0  0  0  0  0  0255255
  0  0  0  0  0  0  0  0  0  0  0255255255255255255
  0  0  0  0  0  0  0  0  0255255255255255 -1255255
255  0  0  0  0  0  0  0255255255255255 -1255255255
  0  0  0  0  0  0  0  0  0  0255255255255255255255
255255255255255255255255255  0  0  0255 -1 -1 -1255
 -1255255255255255255255255255255  0255255 -1 -1 -1
 -1 -1255255255255255255255255255  0  0255255255 -1
255255255255255255255255255255255  0  0  0255255255
255255255255255255255255255255255255  0  0255255255
255255255255255255255255255255255255255  0  0255255
255255255255255255255255255255255255255255255255255
255255255255255255255255255255255255255255255255255
Heatmap:
  0  0255255  0  0  0  0  0  0  0  0  0  0255255255
  0  0  0  0  0  0  0  0  0  0  0  0  0  0  0  0255
  0  0  0  0  0  0  0  0  0  0  0  0  0  0  0255255
  0  0  0  0  0  0  0  0  0  0  0255255255255255255
  0  0  0  0  0  0  0  0  0255255255255255255255255
255  0  0  0  0  0  0  0255255255255255 -1255255255
  0  0  0  0  0  0  0  0  0  0255255255255255255255
255255255255255255255255255  0  0  0255 -1 -1 -1255
 -1255255255255255255255255255255  0255255 -1 -1 -1
 -1 -1255255255255255255255255255  0  0255255255 -1
255255255255255255255255255255255  0  0  0255255255
255255255255255255255255255255255255  0  0255255255
255255255255255255255255255255255255255  0  0255255
255255255255255255255255255255255255255255255255255
255255255255255255255255255255255255255255255255255
Heatmap:
  0  0255255  0  0  0  0  0  0  0  0  0  0255255255
  0  0  0  0  0  0  0  0  0  0  0  0  0  0  0  0255
  0  0  0  0  0  0  0  0  0  0  0  0  0  0  0255255
  0  0  0  0  0  0  0  0  0  0  0255255255255255255
  0  0  0  0  0  0  0  0  0255255255255255255255255
255  0  0  0  0  0  0  0255255255255255255255255255
  0  0  0  0  0  0  0  0  0  0255255255255255255255
255255255255255255255255255  0  0  0255 -1 -1 -1255
 -1255255255255255255255255255255  0255255 -1 -1 -1
 -1 -1255255255255255255255255255  0  0255255255 -1
255255255255255255255255255255255  0  0  0255255255
255255255255255255255255255255255255  0  0255255255
255255255255255255255255255255255255255  0  0255255
255255255255255255255255255255255255255255255255255
255255255255255255255255255255255255255255255255255
Heatmap:
  0  0255255  0  0  0  0  0  0  0  0  0  0255255255
  0  0  0  0  0  0  0  0  0  0  0  0  0  0  0  0255
  0  0  0  0  0  0  0  0  0  0  0  0  0  0  0255255
  0  0  0  0  0  0  0  0  0  0  0255255255255255255
  0  0  0  0  0  0  0  0  0255255255255255255255255
255  0  0  0  0  0  0  0255255255255255255255255255
  0  0  0  0  0  0  0  0  0  0255255255255255255255
255255255255255255255255255  0  0  0255 -1 -1255255
 -1255255255255255255255255255255  0255255 -1 -1 -1
 -1 -1255255255255255255255255255  0  0255255255 -1
255255255255255255255255255255255  0  0  0255255255
255255255255255255255255255255255255  0  0255255255
255255255255255255255255255255255255255  0  0255255
255255255255255255255255255255255255255255255255255
255255255255255255255255255255255255255255255255255
Heatmap:
  0  0255255  0  0  0  0  0  0  0  0  0  0255255255
  0  0  0  0  0  0  0  0  0  0  0  0  0  0  0  0255
  0  0  0  0  0  0  0  0  0  0  0  0  0  0  0255255
  0  0  0  0  0  0  0  0  0  0  0255255255255255255
  0  0  0  0  0  0  0  0  0255255255255255255255255
255  0  0  0  0  0  0  0255255255255255255255255255
  0  0  0  0  0  0  0  0  0  0255255255255255255255
255255255255255255255255255  0  0  0255 -1255255255
 -1255255255255255255255255255255  0255255 -1255 -1
 -1 -1255255255255255255255255255  0  0255255255 -1
255255255255255255255255255255255  0  0  0255255255
255255255255255255255255255255255255  0  0255255255
255255255255255255255255255255255255255  0  0255255
255255255255255255255255255255255255255255255255255
255255255255255255255255255255255255255255255255255
Heatmap:
  0  0255255  0  0  0  0  0  0  0  0  0  0255255255
  0  0  0  0  0  0  0  0  0  0  0  0  0  0  0  0255
  0  0  0  0  0  0  0  0  0  0  0  0  0  0  0255255
  0  0  0  0  0  0  0  0  0  0  0255255255255255255
  0  0  0  0  0  0  0  0  0255255255255255255255255
255  0  0  0  0  0  0  0255255255255255255255255255
  0  0  0  0  0  0  0  0  0  0255255255255255255255
255255255255255255255255255  0  0  0255255255255255
 -1255255255255255255255255255255  0255255 -1255 -1
 -1 -1255255255255255255255255255  0  0255255255 -1
255255255255255255255255255255255  0  0  0255255255
255255255255255255255255255255255255  0  0255255255
255255255255255255255255255255255255255  0  0255255
255255255255255255255255255255255255255255255255255
255255255255255255255255255255255255255255255255255
Heatmap:
  0  0255255  0  0  0  0  0  0  0  0  0  0255255255
  0  0  0  0  0  0  0  0  0  0  0  0  0  0  0  0255
  0  0  0  0  0  0  0  0  0  0  0  0  0  0  0255255
  0  0  0  0  0  0  0  0  0  0  0255255255255255255
  0  0  0  0  0  0  0  0  0255255255255255255255255
255  0  0  0  0  0  0  0255255255255255255255255255
  0  0  0  0  0  0  0  0  0  0255255255255255255255
255255255255255255255255255  0  0  0255255255255255
255255255255255255255255255255255  0255255 -1255255
 -1 -1255255255255255255255255255  0  0255255255 -1
255255255255255255255255255255255  0  0  0255255255
255255255255255255255255255255255255  0  0255255255
255255255255255255255255255255255255255  0  0255255
255255255255255255255255255255255255255255255255255
255255255255255255255255255255255255255255255255255
Heatmap:
  0  0255255  0  0  0  0  0  0  0  0  0  0255255255
  0  0  0  0  0  0  0  0  0  0  0  0  0  0  0  0255
  0  0  0  0  0  0  0  0  0  0  0  0  0  0  0255255
  0  0  0  0  0  0  0  0  0  0  0255255255255255255
  0  0  0  0  0  0  0  0  0255255255255255255255255
255  0  0  0  0  0  0  0255255255255255255255255255
  0  0  0  0  0  0  0  0  0  0255255255255255255255
255255255255255255255255255  0  0  0255255255255255
255255255255255255255255255255255  0255255255255255
 -1 -1255255255255255255255255255  0  0255255255 -1
255255255255255255255255255255255  0  0  0255255255
255255255255255255255255255255255255  0  0255255255
255255255255255255255255255255255255255  0  0255255
255255255255255255255255255255255255255255255255255
255255255255255255255255255255255255255255255255255
Heatmap:
  0  0255255  0  0  0  0  0  0  0  0  0  0255255255
  0  0  0  0  0  0  0  0  0  0  0  0  0  0  0  0255
  0  0  0  0  0  0  0  0  0  0  0  0  0  0  0255255
  0  0  0  0  0  0  0  0  0  0  0255255255255255255
  0  0  0  0  0  0  0  0  0255255255255255255255255
255  0  0  0  0  0  0  0255255255255255255255255255
  0  0  0  0  0  0  0  0  0  0255255255255255255255
255255255255255255255255255  0  0  0255255255255255
255255255255255255255255255255255  0255255255255255
255 -1255255255255255255255255255  0  0255255255255
255255255255255255255255255255255  0  0  0255255255
255255255255255255255255255255255255  0  0255255255
255255255255255255255255255255255255255  0  0255255
255255255255255255255255255255255255255255255255255
255255255255255255255255255255255255255255255255255
Heatmap:
  0  0255255  0  0  0  0  0  0  0  0  0  0255255255
  0  0  0  0  0  0  0  0  0  0  0  0  0  0  0  0255
  0  0  0  0  0  0  0  0  0  0  0  0  0  0  0255255
  0  0  0  0  0  0  0  0  0  0  0255255255255255255
  0  0  0  0  0  0  0  0  0255255255255255255255255
255  0  0  0  0  0  0  0255255255255255255255255255
  0  0  0  0  0  0  0  0  0  0255255255255255255255
255255255255255255255255255  0  0  0255255255255255
255255255255255255255255255255255  0255255255255255
255255255255255255255255255255255  0  0255255255255
255255255255255255255255255255255  0  0  0255255255
255255255255255255255255255255255255  0  0255255255
255255255255255255255255255255255255255  0  0255255
255255255255255255255255255255255255255255255255255
255255255255255255255255255255255255255255255255255
